2026-02-19 15:09:09,990 [INFO] Web Dashboard Started
2026-02-19 15:09:11,738 [INFO] HTTP Request: POST https://api.telegram.org/bot7537529456:AAGzlMDTSgH3x1Zuz4UB3kn3ookG0uypiVg/setMyCommands "HTTP/1.1 200 OK"
2026-02-19 15:09:11,741 [INFO] Hinata Initialized
2026-02-19 15:09:11,991 [INFO] HTTP Request: POST https://api.telegram.org/bot7537529456:AAGzlMDTSgH3x1Zuz4UB3kn3ookG0uypiVg/getMe "HTTP/1.1 200 OK"
2026-02-19 15:09:11,992 [INFO] Application started
2026-02-19 15:09:12,252 [INFO] HTTP Request: POST https://api.telegram.org/bot7537529456:AAGzlMDTSgH3x1Zuz4UB3kn3ookG0uypiVg/deleteWebhook "HTTP/1.1 200 OK"
2026-02-19 15:09:12,253 [INFO] Hinata Live and Polling
2026-02-19 15:09:12,255 [INFO] Auto-cleanup: 1 items removed from downloads folder.
2026-02-19 15:09:17,316 [INFO] HTTP Request: POST https://api.telegram.org/bot7537529456:AAGzlMDTSgH3x1Zuz4UB3kn3ookG0uypiVg/getUpdates "HTTP/1.1 409 Conflict"
2026-02-19 15:09:17,316 [ERROR] Error while getting Updates: Conflict: terminated by other getUpdates request; make sure that only one bot instance is running
2026-02-19 15:09:17,316 [ERROR] Exception happened while polling for updates.
Traceback (most recent call last):
  File "C:\Users\shaun\AppData\Local\Packages\PythonSoftwareFoundation.Python.3.12_qbz5n2kfra8p0\LocalCache\local-packages\Python312\site-packages\telegram\ext\_updater.py", line 607, in _network_loop_retry
    if not await action_cb():
           ^^^^^^^^^^^^^^^^^
  File "C:\Users\shaun\AppData\Local\Packages\PythonSoftwareFoundation.Python.3.12_qbz5n2kfra8p0\LocalCache\local-packages\Python312\site-packages\telegram\ext\_updater.py", line 335, in polling_action_cb
    raise exc
  File "C:\Users\shaun\AppData\Local\Packages\PythonSoftwareFoundation.Python.3.12_qbz5n2kfra8p0\LocalCache\local-packages\Python312\site-packages\telegram\ext\_updater.py", line 320, in polling_action_cb
    updates = await self.bot.get_updates(
              ^^^^^^^^^^^^^^^^^^^^^^^^^^^
  File "C:\Users\shaun\AppData\Local\Packages\PythonSoftwareFoundation.Python.3.12_qbz5n2kfra8p0\LocalCache\local-packages\Python312\site-packages\telegram\ext\_extbot.py", line 543, in get_updates
    updates = await super().get_updates(
              ^^^^^^^^^^^^^^^^^^^^^^^^^^
  File "C:\Users\shaun\AppData\Local\Packages\PythonSoftwareFoundation.Python.3.12_qbz5n2kfra8p0\LocalCache\local-packages\Python312\site-packages\telegram\_bot.py", line 381, in decorator
    result = await func(self, *args, **kwargs)  # skipcq: PYL-E1102
             ^^^^^^^^^^^^^^^^^^^^^^^^^^^^^^^^^
  File "C:\Users\shaun\AppData\Local\Packages\PythonSoftwareFoundation.Python.3.12_qbz5n2kfra8p0\LocalCache\local-packages\Python312\site-packages\telegram\_bot.py", line 3661, in get_updates
    await self._post(
  File "C:\Users\shaun\AppData\Local\Packages\PythonSoftwareFoundation.Python.3.12_qbz5n2kfra8p0\LocalCache\local-packages\Python312\site-packages\telegram\_bot.py", line 469, in _post
    return await self._do_post(
           ^^^^^^^^^^^^^^^^^^^^
  File "C:\Users\shaun\AppData\Local\Packages\PythonSoftwareFoundation.Python.3.12_qbz5n2kfra8p0\LocalCache\local-packages\Python312\site-packages\telegram\ext\_extbot.py", line 325, in _do_post
    return await super()._do_post(
           ^^^^^^^^^^^^^^^^^^^^^^^
  File "C:\Users\shaun\AppData\Local\Packages\PythonSoftwareFoundation.Python.3.12_qbz5n2kfra8p0\LocalCache\local-packages\Python312\site-packages\telegram\_bot.py", line 497, in _do_post
    return await request.post(
           ^^^^^^^^^^^^^^^^^^^
  File "C:\Users\shaun\AppData\Local\Packages\PythonSoftwareFoundation.Python.3.12_qbz5n2kfra8p0\LocalCache\local-packages\Python312\site-packages\telegram\request\_baserequest.py", line 168, in post
    result = await self._request_wrapper(
             ^^^^^^^^^^^^^^^^^^^^^^^^^^^^
  File "C:\Users\shaun\AppData\Local\Packages\PythonSoftwareFoundation.Python.3.12_qbz5n2kfra8p0\LocalCache\local-packages\Python312\site-packages\telegram\request\_baserequest.py", line 330, in _request_wrapper
    raise Conflict(message)
telegram.error.Conflict: Conflict: terminated by other getUpdates request; make sure that only one bot instance is running
2026-02-19 15:09:22,784 [INFO] HTTP Request: POST https://api.telegram.org/bot7537529456:AAGzlMDTSgH3x1Zuz4UB3kn3ookG0uypiVg/getUpdates "HTTP/1.1 409 Conflict"
2026-02-19 15:09:22,784 [ERROR] Error while getting Updates: Conflict: terminated by other getUpdates request; make sure that only one bot instance is running
2026-02-19 15:09:22,784 [ERROR] Exception happened while polling for updates.
Traceback (most recent call last):
  File "C:\Users\shaun\AppData\Local\Packages\PythonSoftwareFoundation.Python.3.12_qbz5n2kfra8p0\LocalCache\local-packages\Python312\site-packages\telegram\ext\_updater.py", line 607, in _network_loop_retry
    if not await action_cb():
           ^^^^^^^^^^^^^^^^^
  File "C:\Users\shaun\AppData\Local\Packages\PythonSoftwareFoundation.Python.3.12_qbz5n2kfra8p0\LocalCache\local-packages\Python312\site-packages\telegram\ext\_updater.py", line 335, in polling_action_cb
    raise exc
  File "C:\Users\shaun\AppData\Local\Packages\PythonSoftwareFoundation.Python.3.12_qbz5n2kfra8p0\LocalCache\local-packages\Python312\site-packages\telegram\ext\_updater.py", line 320, in polling_action_cb
    updates = await self.bot.get_updates(
              ^^^^^^^^^^^^^^^^^^^^^^^^^^^
  File "C:\Users\shaun\AppData\Local\Packages\PythonSoftwareFoundation.Python.3.12_qbz5n2kfra8p0\LocalCache\local-packages\Python312\site-packages\telegram\ext\_extbot.py", line 543, in get_updates
    updates = await super().get_updates(
              ^^^^^^^^^^^^^^^^^^^^^^^^^^
  File "C:\Users\shaun\AppData\Local\Packages\PythonSoftwareFoundation.Python.3.12_qbz5n2kfra8p0\LocalCache\local-packages\Python312\site-packages\telegram\_bot.py", line 381, in decorator
    result = await func(self, *args, **kwargs)  # skipcq: PYL-E1102
             ^^^^^^^^^^^^^^^^^^^^^^^^^^^^^^^^^
  File "C:\Users\shaun\AppData\Local\Packages\PythonSoftwareFoundation.Python.3.12_qbz5n2kfra8p0\LocalCache\local-packages\Python312\site-packages\telegram\_bot.py", line 3661, in get_updates
    await self._post(
  File "C:\Users\shaun\AppData\Local\Packages\PythonSoftwareFoundation.Python.3.12_qbz5n2kfra8p0\LocalCache\local-packages\Python312\site-packages\telegram\_bot.py", line 469, in _post
    return await self._do_post(
           ^^^^^^^^^^^^^^^^^^^^
  File "C:\Users\shaun\AppData\Local\Packages\PythonSoftwareFoundation.Python.3.12_qbz5n2kfra8p0\LocalCache\local-packages\Python312\site-packages\telegram\ext\_extbot.py", line 325, in _do_post
    return await super()._do_post(
           ^^^^^^^^^^^^^^^^^^^^^^^
  File "C:\Users\shaun\AppData\Local\Packages\PythonSoftwareFoundation.Python.3.12_qbz5n2kfra8p0\LocalCache\local-packages\Python312\site-packages\telegram\_bot.py", line 497, in _do_post
    return await request.post(
           ^^^^^^^^^^^^^^^^^^^
  File "C:\Users\shaun\AppData\Local\Packages\PythonSoftwareFoundation.Python.3.12_qbz5n2kfra8p0\LocalCache\local-packages\Python312\site-packages\telegram\request\_baserequest.py", line 168, in post
    result = await self._request_wrapper(
             ^^^^^^^^^^^^^^^^^^^^^^^^^^^^
  File "C:\Users\shaun\AppData\Local\Packages\PythonSoftwareFoundation.Python.3.12_qbz5n2kfra8p0\LocalCache\local-packages\Python312\site-packages\telegram\request\_baserequest.py", line 330, in _request_wrapper
    raise Conflict(message)
telegram.error.Conflict: Conflict: terminated by other getUpdates request; make sure that only one bot instance is running
2026-02-19 15:09:29,233 [INFO] HTTP Request: POST https://api.telegram.org/bot7537529456:AAGzlMDTSgH3x1Zuz4UB3kn3ookG0uypiVg/getUpdates "HTTP/1.1 409 Conflict"
2026-02-19 15:09:29,234 [ERROR] Error while getting Updates: Conflict: terminated by other getUpdates request; make sure that only one bot instance is running
2026-02-19 15:09:29,234 [ERROR] Exception happened while polling for updates.
Traceback (most recent call last):
  File "C:\Users\shaun\AppData\Local\Packages\PythonSoftwareFoundation.Python.3.12_qbz5n2kfra8p0\LocalCache\local-packages\Python312\site-packages\telegram\ext\_updater.py", line 607, in _network_loop_retry
    if not await action_cb():
           ^^^^^^^^^^^^^^^^^
  File "C:\Users\shaun\AppData\Local\Packages\PythonSoftwareFoundation.Python.3.12_qbz5n2kfra8p0\LocalCache\local-packages\Python312\site-packages\telegram\ext\_updater.py", line 335, in polling_action_cb
    raise exc
  File "C:\Users\shaun\AppData\Local\Packages\PythonSoftwareFoundation.Python.3.12_qbz5n2kfra8p0\LocalCache\local-packages\Python312\site-packages\telegram\ext\_updater.py", line 320, in polling_action_cb
    updates = await self.bot.get_updates(
              ^^^^^^^^^^^^^^^^^^^^^^^^^^^
  File "C:\Users\shaun\AppData\Local\Packages\PythonSoftwareFoundation.Python.3.12_qbz5n2kfra8p0\LocalCache\local-packages\Python312\site-packages\telegram\ext\_extbot.py", line 543, in get_updates
    updates = await super().get_updates(
              ^^^^^^^^^^^^^^^^^^^^^^^^^^
  File "C:\Users\shaun\AppData\Local\Packages\PythonSoftwareFoundation.Python.3.12_qbz5n2kfra8p0\LocalCache\local-packages\Python312\site-packages\telegram\_bot.py", line 381, in decorator
    result = await func(self, *args, **kwargs)  # skipcq: PYL-E1102
             ^^^^^^^^^^^^^^^^^^^^^^^^^^^^^^^^^
  File "C:\Users\shaun\AppData\Local\Packages\PythonSoftwareFoundation.Python.3.12_qbz5n2kfra8p0\LocalCache\local-packages\Python312\site-packages\telegram\_bot.py", line 3661, in get_updates
    await self._post(
  File "C:\Users\shaun\AppData\Local\Packages\PythonSoftwareFoundation.Python.3.12_qbz5n2kfra8p0\LocalCache\local-packages\Python312\site-packages\telegram\_bot.py", line 469, in _post
    return await self._do_post(
           ^^^^^^^^^^^^^^^^^^^^
  File "C:\Users\shaun\AppData\Local\Packages\PythonSoftwareFoundation.Python.3.12_qbz5n2kfra8p0\LocalCache\local-packages\Python312\site-packages\telegram\ext\_extbot.py", line 325, in _do_post
    return await super()._do_post(
           ^^^^^^^^^^^^^^^^^^^^^^^
  File "C:\Users\shaun\AppData\Local\Packages\PythonSoftwareFoundation.Python.3.12_qbz5n2kfra8p0\LocalCache\local-packages\Python312\site-packages\telegram\_bot.py", line 497, in _do_post
    return await request.post(
           ^^^^^^^^^^^^^^^^^^^
  File "C:\Users\shaun\AppData\Local\Packages\PythonSoftwareFoundation.Python.3.12_qbz5n2kfra8p0\LocalCache\local-packages\Python312\site-packages\telegram\request\_baserequest.py", line 168, in post
    result = await self._request_wrapper(
             ^^^^^^^^^^^^^^^^^^^^^^^^^^^^
  File "C:\Users\shaun\AppData\Local\Packages\PythonSoftwareFoundation.Python.3.12_qbz5n2kfra8p0\LocalCache\local-packages\Python312\site-packages\telegram\request\_baserequest.py", line 330, in _request_wrapper
    raise Conflict(message)
telegram.error.Conflict: Conflict: terminated by other getUpdates request; make sure that only one bot instance is running
2026-02-19 15:09:33,074 [INFO] HTTP Request: POST https://api.telegram.org/bot7537529456:AAGzlMDTSgH3x1Zuz4UB3kn3ookG0uypiVg/getUpdates "HTTP/1.1 200 OK"
2026-02-19 15:09:37,178 [INFO] HTTP Request: POST https://api.telegram.org/bot7537529456:AAGzlMDTSgH3x1Zuz4UB3kn3ookG0uypiVg/getUpdates "HTTP/1.1 409 Conflict"
2026-02-19 15:09:37,178 [ERROR] Error while getting Updates: Conflict: terminated by other getUpdates request; make sure that only one bot instance is running
2026-02-19 15:09:37,178 [ERROR] Exception happened while polling for updates.
Traceback (most recent call last):
  File "C:\Users\shaun\AppData\Local\Packages\PythonSoftwareFoundation.Python.3.12_qbz5n2kfra8p0\LocalCache\local-packages\Python312\site-packages\telegram\ext\_updater.py", line 607, in _network_loop_retry
    if not await action_cb():
           ^^^^^^^^^^^^^^^^^
  File "C:\Users\shaun\AppData\Local\Packages\PythonSoftwareFoundation.Python.3.12_qbz5n2kfra8p0\LocalCache\local-packages\Python312\site-packages\telegram\ext\_updater.py", line 335, in polling_action_cb
    raise exc
  File "C:\Users\shaun\AppData\Local\Packages\PythonSoftwareFoundation.Python.3.12_qbz5n2kfra8p0\LocalCache\local-packages\Python312\site-packages\telegram\ext\_updater.py", line 320, in polling_action_cb
    updates = await self.bot.get_updates(
              ^^^^^^^^^^^^^^^^^^^^^^^^^^^
  File "C:\Users\shaun\AppData\Local\Packages\PythonSoftwareFoundation.Python.3.12_qbz5n2kfra8p0\LocalCache\local-packages\Python312\site-packages\telegram\ext\_extbot.py", line 543, in get_updates
    updates = await super().get_updates(
              ^^^^^^^^^^^^^^^^^^^^^^^^^^
  File "C:\Users\shaun\AppData\Local\Packages\PythonSoftwareFoundation.Python.3.12_qbz5n2kfra8p0\LocalCache\local-packages\Python312\site-packages\telegram\_bot.py", line 381, in decorator
    result = await func(self, *args, **kwargs)  # skipcq: PYL-E1102
             ^^^^^^^^^^^^^^^^^^^^^^^^^^^^^^^^^
  File "C:\Users\shaun\AppData\Local\Packages\PythonSoftwareFoundation.Python.3.12_qbz5n2kfra8p0\LocalCache\local-packages\Python312\site-packages\telegram\_bot.py", line 3661, in get_updates
    await self._post(
  File "C:\Users\shaun\AppData\Local\Packages\PythonSoftwareFoundation.Python.3.12_qbz5n2kfra8p0\LocalCache\local-packages\Python312\site-packages\telegram\_bot.py", line 469, in _post
    return await self._do_post(
           ^^^^^^^^^^^^^^^^^^^^
  File "C:\Users\shaun\AppData\Local\Packages\PythonSoftwareFoundation.Python.3.12_qbz5n2kfra8p0\LocalCache\local-packages\Python312\site-packages\telegram\ext\_extbot.py", line 325, in _do_post
    return await super()._do_post(
           ^^^^^^^^^^^^^^^^^^^^^^^
  File "C:\Users\shaun\AppData\Local\Packages\PythonSoftwareFoundation.Python.3.12_qbz5n2kfra8p0\LocalCache\local-packages\Python312\site-packages\telegram\_bot.py", line 497, in _do_post
    return await request.post(
           ^^^^^^^^^^^^^^^^^^^
  File "C:\Users\shaun\AppData\Local\Packages\PythonSoftwareFoundation.Python.3.12_qbz5n2kfra8p0\LocalCache\local-packages\Python312\site-packages\telegram\request\_baserequest.py", line 168, in post
    result = await self._request_wrapper(
             ^^^^^^^^^^^^^^^^^^^^^^^^^^^^
  File "C:\Users\shaun\AppData\Local\Packages\PythonSoftwareFoundation.Python.3.12_qbz5n2kfra8p0\LocalCache\local-packages\Python312\site-packages\telegram\request\_baserequest.py", line 330, in _request_wrapper
    raise Conflict(message)
telegram.error.Conflict: Conflict: terminated by other getUpdates request; make sure that only one bot instance is running
2026-02-19 15:09:41,998 [INFO] HTTP Request: POST https://api.telegram.org/bot7537529456:AAGzlMDTSgH3x1Zuz4UB3kn3ookG0uypiVg/getUpdates "HTTP/1.1 409 Conflict"
2026-02-19 15:09:42,001 [ERROR] Error while getting Updates: Conflict: terminated by other getUpdates request; make sure that only one bot instance is running
2026-02-19 15:09:42,001 [ERROR] Exception happened while polling for updates.
Traceback (most recent call last):
  File "C:\Users\shaun\AppData\Local\Packages\PythonSoftwareFoundation.Python.3.12_qbz5n2kfra8p0\LocalCache\local-packages\Python312\site-packages\telegram\ext\_updater.py", line 607, in _network_loop_retry
    if not await action_cb():
           ^^^^^^^^^^^^^^^^^
  File "C:\Users\shaun\AppData\Local\Packages\PythonSoftwareFoundation.Python.3.12_qbz5n2kfra8p0\LocalCache\local-packages\Python312\site-packages\telegram\ext\_updater.py", line 335, in polling_action_cb
    raise exc
  File "C:\Users\shaun\AppData\Local\Packages\PythonSoftwareFoundation.Python.3.12_qbz5n2kfra8p0\LocalCache\local-packages\Python312\site-packages\telegram\ext\_updater.py", line 320, in polling_action_cb
    updates = await self.bot.get_updates(
              ^^^^^^^^^^^^^^^^^^^^^^^^^^^
  File "C:\Users\shaun\AppData\Local\Packages\PythonSoftwareFoundation.Python.3.12_qbz5n2kfra8p0\LocalCache\local-packages\Python312\site-packages\telegram\ext\_extbot.py", line 543, in get_updates
    updates = await super().get_updates(
              ^^^^^^^^^^^^^^^^^^^^^^^^^^
  File "C:\Users\shaun\AppData\Local\Packages\PythonSoftwareFoundation.Python.3.12_qbz5n2kfra8p0\LocalCache\local-packages\Python312\site-packages\telegram\_bot.py", line 381, in decorator
    result = await func(self, *args, **kwargs)  # skipcq: PYL-E1102
             ^^^^^^^^^^^^^^^^^^^^^^^^^^^^^^^^^
  File "C:\Users\shaun\AppData\Local\Packages\PythonSoftwareFoundation.Python.3.12_qbz5n2kfra8p0\LocalCache\local-packages\Python312\site-packages\telegram\_bot.py", line 3661, in get_updates
    await self._post(
  File "C:\Users\shaun\AppData\Local\Packages\PythonSoftwareFoundation.Python.3.12_qbz5n2kfra8p0\LocalCache\local-packages\Python312\site-packages\telegram\_bot.py", line 469, in _post
    return await self._do_post(
           ^^^^^^^^^^^^^^^^^^^^
  File "C:\Users\shaun\AppData\Local\Packages\PythonSoftwareFoundation.Python.3.12_qbz5n2kfra8p0\LocalCache\local-packages\Python312\site-packages\telegram\ext\_extbot.py", line 325, in _do_post
    return await super()._do_post(
           ^^^^^^^^^^^^^^^^^^^^^^^
  File "C:\Users\shaun\AppData\Local\Packages\PythonSoftwareFoundation.Python.3.12_qbz5n2kfra8p0\LocalCache\local-packages\Python312\site-packages\telegram\_bot.py", line 497, in _do_post
    return await request.post(
           ^^^^^^^^^^^^^^^^^^^
  File "C:\Users\shaun\AppData\Local\Packages\PythonSoftwareFoundation.Python.3.12_qbz5n2kfra8p0\LocalCache\local-packages\Python312\site-packages\telegram\request\_baserequest.py", line 168, in post
    result = await self._request_wrapper(
             ^^^^^^^^^^^^^^^^^^^^^^^^^^^^
  File "C:\Users\shaun\AppData\Local\Packages\PythonSoftwareFoundation.Python.3.12_qbz5n2kfra8p0\LocalCache\local-packages\Python312\site-packages\telegram\request\_baserequest.py", line 330, in _request_wrapper
    raise Conflict(message)
telegram.error.Conflict: Conflict: terminated by other getUpdates request; make sure that only one bot instance is running
2026-02-19 15:09:45,992 [INFO] HTTP Request: POST https://api.telegram.org/bot7537529456:AAGzlMDTSgH3x1Zuz4UB3kn3ookG0uypiVg/getUpdates "HTTP/1.1 200 OK"
2026-02-19 15:09:46,274 [INFO] HTTP Request: POST https://api.telegram.org/bot7537529456:AAGzlMDTSgH3x1Zuz4UB3kn3ookG0uypiVg/getUpdates "HTTP/1.1 401 Unauthorized"
2026-02-19 15:09:46,276 [ERROR] Invalid token; aborting
2026-02-19 15:29:32,758 [INFO] Web Dashboard Started
2026-02-19 15:30:24,877 [INFO] Web Dashboard Started
2026-02-19 15:30:26,333 [INFO] HTTP Request: POST https://api.telegram.org/bot7537529456:AAGzlMDTSgH3x1Zuz4UB3kn3ookG0uypiVg/setMyCommands "HTTP/1.1 401 Unauthorized"
2026-02-19 15:30:26,334 [ERROR] Task exception was never retrieved
future: <Task finished name='Task-3' coro=<start_bot() done, defined at C:\Users\shaun\Downloads\hinata-last-run-main\hinata-last-run-main\bot.py:2666> exception=InvalidToken('Unauthorized')>
Traceback (most recent call last):
  File "C:\Users\shaun\Downloads\hinata-last-run-main\hinata-last-run-main\bot.py", line 2705, in start_bot
    await app.bot.set_my_commands(cmds)
  File "C:\Users\shaun\AppData\Local\Packages\PythonSoftwareFoundation.Python.3.12_qbz5n2kfra8p0\LocalCache\local-packages\Python312\site-packages\telegram\ext\_extbot.py", line 3185, in set_my_commands
    return await super().set_my_commands(
           ^^^^^^^^^^^^^^^^^^^^^^^^^^^^^^
  File "C:\Users\shaun\AppData\Local\Packages\PythonSoftwareFoundation.Python.3.12_qbz5n2kfra8p0\LocalCache\local-packages\Python312\site-packages\telegram\_bot.py", line 381, in decorator
    result = await func(self, *args, **kwargs)  # skipcq: PYL-E1102
             ^^^^^^^^^^^^^^^^^^^^^^^^^^^^^^^^^
  File "C:\Users\shaun\AppData\Local\Packages\PythonSoftwareFoundation.Python.3.12_qbz5n2kfra8p0\LocalCache\local-packages\Python312\site-packages\telegram\_bot.py", line 7044, in set_my_commands
    return await self._post(
           ^^^^^^^^^^^^^^^^^
  File "C:\Users\shaun\AppData\Local\Packages\PythonSoftwareFoundation.Python.3.12_qbz5n2kfra8p0\LocalCache\local-packages\Python312\site-packages\telegram\_bot.py", line 469, in _post
    return await self._do_post(
           ^^^^^^^^^^^^^^^^^^^^
  File "C:\Users\shaun\AppData\Local\Packages\PythonSoftwareFoundation.Python.3.12_qbz5n2kfra8p0\LocalCache\local-packages\Python312\site-packages\telegram\ext\_extbot.py", line 325, in _do_post
    return await super()._do_post(
           ^^^^^^^^^^^^^^^^^^^^^^^
  File "C:\Users\shaun\AppData\Local\Packages\PythonSoftwareFoundation.Python.3.12_qbz5n2kfra8p0\LocalCache\local-packages\Python312\site-packages\telegram\_bot.py", line 497, in _do_post
    return await request.post(
           ^^^^^^^^^^^^^^^^^^^
  File "C:\Users\shaun\AppData\Local\Packages\PythonSoftwareFoundation.Python.3.12_qbz5n2kfra8p0\LocalCache\local-packages\Python312\site-packages\telegram\request\_baserequest.py", line 168, in post
    result = await self._request_wrapper(
             ^^^^^^^^^^^^^^^^^^^^^^^^^^^^
  File "C:\Users\shaun\AppData\Local\Packages\PythonSoftwareFoundation.Python.3.12_qbz5n2kfra8p0\LocalCache\local-packages\Python312\site-packages\telegram\request\_baserequest.py", line 326, in _request_wrapper
    raise InvalidToken(message)
telegram.error.InvalidToken: Unauthorized
2026-02-19 15:33:43,245 [INFO] Web Dashboard Started
2026-02-19 15:33:44,005 [ERROR] Error stopping app: This Application is not running!
2026-02-19 15:33:44,005 [INFO] Bot Stopped
2026-02-19 21:24:31,677 [INFO] Web Dashboard Started
2026-02-19 21:24:34,876 [INFO] HTTP Request: POST https://api.telegram.org/bot7537529456:AAFOcKDkal0ilSGff3iPL7lzkNYOg1tRoTc/getMe "HTTP/1.1 401 Unauthorized"
2026-02-19 21:24:34,877 [ERROR] Failed to start bot: The token `7537529456:AAFOcKDkal0ilSGff3iPL7lzkNYOg1tRoTc` was rejected by the server.
2026-02-19 21:24:34,878 [ERROR] CRITICAL: Your Telegram Bot Token is INVALID. Please check @BotFather.
2026-02-19 21:24:34,879 [INFO] Auto-cleanup: 1 items removed from downloads folder.
2026-02-19 22:06:07,343 [INFO] Web Dashboard Started
2026-02-19 22:06:08,053 [ERROR] Error stopping app: This Application is not running!
2026-02-19 22:06:08,053 [INFO] Bot Stopped
2026-02-19 22:06:38,938 [INFO] Web Dashboard Started
2026-02-19 22:06:42,327 [INFO] HTTP Request: POST https://api.telegram.org/bot7537529456:AAFOcKDkal0ilSGff3iPL7lzkNYOg1tRoTc/getMe "HTTP/1.1 401 Unauthorized"
2026-02-19 22:06:42,328 [ERROR] Failed to start bot: The token `7537529456:AAFOcKDkal0ilSGff3iPL7lzkNYOg1tRoTc` was rejected by the server.
2026-02-19 22:06:42,328 [ERROR] CRITICAL: Your Telegram Bot Token is INVALID. Please check @BotFather.
2026-02-19 22:06:42,329 [INFO] Auto-cleanup: 1 items removed from downloads folder.
2026-02-19 22:10:46,706 [INFO] Web Dashboard Started
2026-02-19 22:10:47,451 [ERROR] Error stopping app: This Application is not running!
2026-02-19 22:10:47,451 [INFO] Bot Stopped
2026-02-19 22:11:02,941 [INFO] Web Dashboard Started
2026-02-19 22:11:04,500 [INFO] HTTP Request: POST https://api.telegram.org/bot7537529456:AAFOcKDkal0ilSGff3iPL7lzkNYOg1tRoTc/getMe "HTTP/1.1 401 Unauthorized"
2026-02-19 22:11:04,502 [ERROR] Failed to start bot: The token `7537529456:AAFOcKDkal0ilSGff3iPL7lzkNYOg1tRoTc` was rejected by the server.
2026-02-19 22:11:04,502 [ERROR] CRITICAL: Your Telegram Bot Token is INVALID. Please check @BotFather.
2026-02-19 22:11:04,503 [INFO] Auto-cleanup: 1 items removed from downloads folder.
2026-02-22 23:57:05,790 [INFO] Web Dashboard Started
2026-02-22 23:57:08,850 [INFO] HTTP Request: POST https://api.telegram.org/bot7537529456:AAFOcKDkal0ilSGff3iPL7lzkNYOg1tRoTc/getMe "HTTP/1.1 401 Unauthorized"
2026-02-22 23:57:08,855 [ERROR] Failed to start bot: The token `7537529456:AAFOcKDkal0ilSGff3iPL7lzkNYOg1tRoTc` was rejected by the server.
2026-02-22 23:57:08,856 [ERROR] CRITICAL: Your Telegram Bot Token is INVALID. Please check @BotFather.
2026-02-22 23:57:08,857 [INFO] Auto-cleanup: 1 items removed from downloads folder.
2026-02-23 00:03:17,399 [INFO] Web Dashboard Started
2026-02-23 00:03:18,180 [ERROR] Error stopping app: This Application is not running!
2026-02-23 00:03:18,180 [INFO] Bot Stopped
2026-02-23 00:07:08,873 [INFO] Auto-cleanup: 1 items removed from downloads folder.
2026-02-23 00:11:25,084 [INFO] Web Dashboard Started
2026-02-23 00:11:25,763 [ERROR] Error stopping app: This Application is not running!
2026-02-23 00:11:25,764 [INFO] Bot Stopped
2026-02-23 00:11:42,702 [INFO] Web Dashboard Started
2026-02-23 00:11:44,095 [INFO] HTTP Request: POST https://api.telegram.org/bot7537529456:AAFOcKDkal0ilSGff3iPL7lzkNYOg1tRoTc/getMe "HTTP/1.1 401 Unauthorized"
2026-02-23 00:11:44,096 [ERROR] Failed to start bot: The token `7537529456:AAFOcKDkal0ilSGff3iPL7lzkNYOg1tRoTc` was rejected by the server.
2026-02-23 00:11:44,096 [ERROR] CRITICAL: Your Telegram Bot Token is INVALID. Please check @BotFather.
2026-02-23 00:11:44,097 [INFO] Auto-cleanup: 1 items removed from downloads folder.
2026-02-23 00:57:59,030 [INFO] HTTP Request: POST https://api.telegram.org/bot7537529456:AAFOcKDkal0ilSGff3iPL7lzkNYOg1tRoTc/getMe "HTTP/1.1 401 Unauthorized"
2026-02-23 00:57:59,034 [ERROR] Failed to start bot: The token `7537529456:AAFOcKDkal0ilSGff3iPL7lzkNYOg1tRoTc` was rejected by the server.
2026-02-23 00:57:59,034 [ERROR] CRITICAL: Your Telegram Bot Token is INVALID. Please check @BotFather.
2026-02-23 00:57:59,035 [INFO] Auto-cleanup: 1 items removed from downloads folder.
2026-02-23 01:02:58,984 [INFO] HTTP Request: POST https://api.telegram.org/bot7537529456:AAFOcKDkal0ilSGff3iPL7lzkNYOg1tRoTc/getMe "HTTP/1.1 401 Unauthorized"
2026-02-23 01:02:58,985 [ERROR] Failed to start bot: The token `7537529456:AAFOcKDkal0ilSGff3iPL7lzkNYOg1tRoTc` was rejected by the server.
2026-02-23 01:02:58,985 [ERROR] CRITICAL: Your Telegram Bot Token is INVALID. Please check @BotFather.
2026-02-23 01:02:58,986 [INFO] Auto-cleanup: 1 items removed from downloads folder.
2026-02-23 01:06:54,179 [INFO] HTTP Request: POST https://api.telegram.org/bot7537529456:AAEm8FIuTXZvSHmujUCzixHhdggUYAALYp8/getMe "HTTP/1.1 200 OK"
2026-02-23 01:06:54,607 [INFO] HTTP Request: POST https://api.telegram.org/bot7537529456:AAEm8FIuTXZvSHmujUCzixHhdggUYAALYp8/setMyCommands "HTTP/1.1 200 OK"
2026-02-23 01:06:54,607 [INFO] Hinata Initialized
2026-02-23 01:06:54,607 [INFO] Application started
2026-02-23 01:06:54,868 [INFO] HTTP Request: POST https://api.telegram.org/bot7537529456:AAEm8FIuTXZvSHmujUCzixHhdggUYAALYp8/deleteWebhook "HTTP/1.1 200 OK"
2026-02-23 01:06:54,869 [INFO] Hinata Live and Polling
2026-02-23 01:06:54,870 [INFO] Auto-cleanup: 1 items removed from downloads folder.
2026-02-23 01:06:54,871 [WARNING] Fetching updates got a asyncio.CancelledError. Ignoring as this task may onlybe closed via `Application.stop`.
2026-02-23 01:07:06,858 [INFO] Web Dashboard Started
2026-02-23 01:07:07,538 [ERROR] Error stopping app: This Application is not running!
2026-02-23 01:07:07,539 [INFO] Bot Stopped
2026-02-23 01:10:34,739 [INFO] Web Dashboard Started
2026-02-23 01:10:36,179 [INFO] HTTP Request: POST https://api.telegram.org/bot7537529456:AAEm8FIuTXZvSHmujUCzixHhdggUYAALYp8/getMe "HTTP/1.1 200 OK"
2026-02-23 01:10:36,583 [INFO] HTTP Request: POST https://api.telegram.org/bot7537529456:AAEm8FIuTXZvSHmujUCzixHhdggUYAALYp8/setMyCommands "HTTP/1.1 200 OK"
2026-02-23 01:10:36,585 [INFO] Hinata Initialized
2026-02-23 01:10:36,585 [INFO] Application started
2026-02-23 01:10:36,821 [INFO] HTTP Request: POST https://api.telegram.org/bot7537529456:AAEm8FIuTXZvSHmujUCzixHhdggUYAALYp8/deleteWebhook "HTTP/1.1 200 OK"
2026-02-23 01:10:36,822 [INFO] Hinata Live and Polling
2026-02-23 01:10:36,823 [INFO] Auto-cleanup: 1 items removed from downloads folder.
2026-02-23 01:10:37,583 [INFO] HTTP Request: POST https://api.telegram.org/bot7537529456:AAEm8FIuTXZvSHmujUCzixHhdggUYAALYp8/getUpdates "HTTP/1.1 200 OK"
2026-02-23 01:10:38,016 [INFO] HTTP Request: POST https://api.telegram.org/bot7537529456:AAEm8FIuTXZvSHmujUCzixHhdggUYAALYp8/sendMessage "HTTP/1.1 200 OK"
2026-02-23 01:10:38,454 [INFO] HTTP Request: POST https://api.telegram.org/bot7537529456:AAEm8FIuTXZvSHmujUCzixHhdggUYAALYp8/copyMessage "HTTP/1.1 200 OK"
2026-02-23 01:10:38,901 [INFO] HTTP Request: POST https://api.telegram.org/bot7537529456:AAEm8FIuTXZvSHmujUCzixHhdggUYAALYp8/sendPhoto "HTTP/1.1 200 OK"
2026-02-23 01:10:47,836 [INFO] HTTP Request: POST https://api.telegram.org/bot7537529456:AAEm8FIuTXZvSHmujUCzixHhdggUYAALYp8/getUpdates "HTTP/1.1 200 OK"
2026-02-23 01:10:58,089 [INFO] HTTP Request: POST https://api.telegram.org/bot7537529456:AAEm8FIuTXZvSHmujUCzixHhdggUYAALYp8/getUpdates "HTTP/1.1 200 OK"
2026-02-23 01:11:07,907 [INFO] HTTP Request: POST https://api.telegram.org/bot7537529456:AAEm8FIuTXZvSHmujUCzixHhdggUYAALYp8/getUpdates "HTTP/1.1 200 OK"
2026-02-23 01:11:08,839 [INFO] HTTP Request: POST https://api.telegram.org/bot7537529456:AAEm8FIuTXZvSHmujUCzixHhdggUYAALYp8/answerCallbackQuery "HTTP/1.1 200 OK"
2026-02-23 01:11:09,276 [INFO] HTTP Request: POST https://api.telegram.org/bot7537529456:AAEm8FIuTXZvSHmujUCzixHhdggUYAALYp8/editMessageReplyMarkup "HTTP/1.1 200 OK"
2026-02-23 01:11:12,634 [INFO] HTTP Request: POST https://api.telegram.org/bot7537529456:AAEm8FIuTXZvSHmujUCzixHhdggUYAALYp8/getUpdates "HTTP/1.1 200 OK"
2026-02-23 01:11:13,063 [INFO] HTTP Request: POST https://api.telegram.org/bot7537529456:AAEm8FIuTXZvSHmujUCzixHhdggUYAALYp8/answerCallbackQuery "HTTP/1.1 200 OK"
2026-02-23 01:11:13,498 [INFO] HTTP Request: POST https://api.telegram.org/bot7537529456:AAEm8FIuTXZvSHmujUCzixHhdggUYAALYp8/editMessageCaption "HTTP/1.1 200 OK"
2026-02-23 01:11:22,889 [INFO] HTTP Request: POST https://api.telegram.org/bot7537529456:AAEm8FIuTXZvSHmujUCzixHhdggUYAALYp8/getUpdates "HTTP/1.1 200 OK"
2026-02-23 01:11:33,144 [INFO] HTTP Request: POST https://api.telegram.org/bot7537529456:AAEm8FIuTXZvSHmujUCzixHhdggUYAALYp8/getUpdates "HTTP/1.1 200 OK"
2026-02-23 01:11:43,398 [INFO] HTTP Request: POST https://api.telegram.org/bot7537529456:AAEm8FIuTXZvSHmujUCzixHhdggUYAALYp8/getUpdates "HTTP/1.1 200 OK"
2026-02-23 01:11:53,664 [INFO] HTTP Request: POST https://api.telegram.org/bot7537529456:AAEm8FIuTXZvSHmujUCzixHhdggUYAALYp8/getUpdates "HTTP/1.1 200 OK"
2026-02-23 01:11:58,144 [INFO] HTTP Request: POST https://api.telegram.org/bot7537529456:AAEm8FIuTXZvSHmujUCzixHhdggUYAALYp8/getUpdates "HTTP/1.1 200 OK"
2026-02-23 01:11:59,040 [INFO] HTTP Request: POST https://api.telegram.org/bot7537529456:AAEm8FIuTXZvSHmujUCzixHhdggUYAALYp8/sendMessage "HTTP/1.1 200 OK"
2026-02-23 01:12:02,706 [INFO] HTTP Request: GET https://apis.prexzyvilla.site/search/youtube?q=aadat "HTTP/1.1 200 OK"
2026-02-23 01:12:03,122 [INFO] HTTP Request: POST https://api.telegram.org/bot7537529456:AAEm8FIuTXZvSHmujUCzixHhdggUYAALYp8/editMessageText "HTTP/1.1 200 OK"
2026-02-23 01:12:05,373 [INFO] Web Dashboard Started
2026-02-23 01:12:06,025 [ERROR] Error stopping app: This Application is not running!
2026-02-23 01:12:06,025 [INFO] Bot Stopped
2026-02-23 01:12:08,400 [INFO] HTTP Request: POST https://api.telegram.org/bot7537529456:AAEm8FIuTXZvSHmujUCzixHhdggUYAALYp8/getUpdates "HTTP/1.1 200 OK"
2026-02-23 01:12:18,657 [INFO] HTTP Request: POST https://api.telegram.org/bot7537529456:AAEm8FIuTXZvSHmujUCzixHhdggUYAALYp8/getUpdates "HTTP/1.1 200 OK"
2026-02-23 01:12:28,909 [INFO] HTTP Request: POST https://api.telegram.org/bot7537529456:AAEm8FIuTXZvSHmujUCzixHhdggUYAALYp8/getUpdates "HTTP/1.1 200 OK"
2026-02-23 01:12:29,430 [INFO] HTTP Request: POST https://api.telegram.org/bot7537529456:AAEm8FIuTXZvSHmujUCzixHhdggUYAALYp8/getUpdates "HTTP/1.1 200 OK"
2026-02-23 01:12:30,355 [INFO] HTTP Request: POST https://api.telegram.org/bot7537529456:AAEm8FIuTXZvSHmujUCzixHhdggUYAALYp8/answerCallbackQuery "HTTP/1.1 200 OK"
2026-02-23 01:12:30,801 [INFO] HTTP Request: POST https://api.telegram.org/bot7537529456:AAEm8FIuTXZvSHmujUCzixHhdggUYAALYp8/editMessageText "HTTP/1.1 200 OK"
2026-02-23 01:12:36,579 [INFO] HTTP Request: POST https://api.telegram.org/bot7537529456:AAEm8FIuTXZvSHmujUCzixHhdggUYAALYp8/getUpdates "HTTP/1.1 200 OK"
2026-02-23 01:12:37,480 [INFO] HTTP Request: POST https://api.telegram.org/bot7537529456:AAEm8FIuTXZvSHmujUCzixHhdggUYAALYp8/answerCallbackQuery "HTTP/1.1 200 OK"
2026-02-23 01:12:37,898 [INFO] HTTP Request: POST https://api.telegram.org/bot7537529456:AAEm8FIuTXZvSHmujUCzixHhdggUYAALYp8/editMessageReplyMarkup "HTTP/1.1 200 OK"
2026-02-23 01:12:39,715 [INFO] HTTP Request: POST https://api.telegram.org/bot7537529456:AAEm8FIuTXZvSHmujUCzixHhdggUYAALYp8/getUpdates "HTTP/1.1 200 OK"
2026-02-23 01:12:40,118 [INFO] HTTP Request: POST https://api.telegram.org/bot7537529456:AAEm8FIuTXZvSHmujUCzixHhdggUYAALYp8/answerCallbackQuery "HTTP/1.1 200 OK"
2026-02-23 01:12:40,532 [INFO] HTTP Request: POST https://api.telegram.org/bot7537529456:AAEm8FIuTXZvSHmujUCzixHhdggUYAALYp8/editMessageText "HTTP/1.1 200 OK"
2026-02-23 01:12:49,968 [INFO] HTTP Request: POST https://api.telegram.org/bot7537529456:AAEm8FIuTXZvSHmujUCzixHhdggUYAALYp8/getUpdates "HTTP/1.1 200 OK"
2026-02-23 01:12:59,270 [INFO] HTTP Request: POST https://api.telegram.org/bot7537529456:AAEm8FIuTXZvSHmujUCzixHhdggUYAALYp8/getUpdates "HTTP/1.1 200 OK"
2026-02-23 01:13:00,156 [INFO] HTTP Request: POST https://api.telegram.org/bot7537529456:AAEm8FIuTXZvSHmujUCzixHhdggUYAALYp8/answerCallbackQuery "HTTP/1.1 200 OK"
2026-02-23 01:13:00,579 [INFO] HTTP Request: POST https://api.telegram.org/bot7537529456:AAEm8FIuTXZvSHmujUCzixHhdggUYAALYp8/editMessageText "HTTP/1.1 200 OK"
2026-02-23 01:13:07,003 [INFO] HTTP Request: POST https://api.telegram.org/bot7537529456:AAEm8FIuTXZvSHmujUCzixHhdggUYAALYp8/getUpdates "HTTP/1.1 200 OK"
2026-02-23 01:13:07,880 [INFO] HTTP Request: POST https://api.telegram.org/bot7537529456:AAEm8FIuTXZvSHmujUCzixHhdggUYAALYp8/sendMessage "HTTP/1.1 200 OK"
2026-02-23 01:13:09,883 [INFO] HTTP Request: GET https://apis.prexzyvilla.site/search/wallpaper?query=horse&page?= "HTTP/1.1 200 OK"
2026-02-23 01:13:10,357 [INFO] HTTP Request: POST https://api.telegram.org/bot7537529456:AAEm8FIuTXZvSHmujUCzixHhdggUYAALYp8/editMessageText "HTTP/1.1 200 OK"
2026-02-23 01:13:17,260 [INFO] HTTP Request: POST https://api.telegram.org/bot7537529456:AAEm8FIuTXZvSHmujUCzixHhdggUYAALYp8/getUpdates "HTTP/1.1 200 OK"
2026-02-23 01:13:26,836 [INFO] HTTP Request: POST https://api.telegram.org/bot7537529456:AAEm8FIuTXZvSHmujUCzixHhdggUYAALYp8/getUpdates "HTTP/1.1 200 OK"
2026-02-23 01:13:27,755 [INFO] HTTP Request: POST https://api.telegram.org/bot7537529456:AAEm8FIuTXZvSHmujUCzixHhdggUYAALYp8/answerCallbackQuery "HTTP/1.1 200 OK"
2026-02-23 01:13:28,198 [INFO] HTTP Request: POST https://api.telegram.org/bot7537529456:AAEm8FIuTXZvSHmujUCzixHhdggUYAALYp8/editMessageReplyMarkup "HTTP/1.1 200 OK"
2026-02-23 01:13:30,596 [INFO] HTTP Request: POST https://api.telegram.org/bot7537529456:AAEm8FIuTXZvSHmujUCzixHhdggUYAALYp8/getUpdates "HTTP/1.1 200 OK"
2026-02-23 01:13:31,014 [INFO] HTTP Request: POST https://api.telegram.org/bot7537529456:AAEm8FIuTXZvSHmujUCzixHhdggUYAALYp8/answerCallbackQuery "HTTP/1.1 200 OK"
2026-02-23 01:13:31,456 [INFO] HTTP Request: POST https://api.telegram.org/bot7537529456:AAEm8FIuTXZvSHmujUCzixHhdggUYAALYp8/editMessageText "HTTP/1.1 200 OK"
2026-02-23 01:13:34,631 [INFO] HTTP Request: POST https://api.telegram.org/bot7537529456:AAEm8FIuTXZvSHmujUCzixHhdggUYAALYp8/getUpdates "HTTP/1.1 200 OK"
2026-02-23 01:13:35,082 [INFO] HTTP Request: POST https://api.telegram.org/bot7537529456:AAEm8FIuTXZvSHmujUCzixHhdggUYAALYp8/sendMessage "HTTP/1.1 200 OK"
2026-02-23 01:13:35,542 [INFO] HTTP Request: POST https://api.telegram.org/bot7537529456:AAEm8FIuTXZvSHmujUCzixHhdggUYAALYp8/copyMessage "HTTP/1.1 200 OK"
2026-02-23 01:13:40,489 [INFO] HTTP Request: POST https://api.telegram.org/bot7537529456:AAEm8FIuTXZvSHmujUCzixHhdggUYAALYp8/getUpdates "HTTP/1.1 200 OK"
2026-02-23 01:13:40,929 [INFO] HTTP Request: POST https://api.telegram.org/bot7537529456:AAEm8FIuTXZvSHmujUCzixHhdggUYAALYp8/sendMessage "HTTP/1.1 200 OK"
2026-02-23 01:13:41,371 [INFO] HTTP Request: POST https://api.telegram.org/bot7537529456:AAEm8FIuTXZvSHmujUCzixHhdggUYAALYp8/copyMessage "HTTP/1.1 200 OK"
2026-02-23 01:13:41,825 [INFO] HTTP Request: POST https://api.telegram.org/bot7537529456:AAEm8FIuTXZvSHmujUCzixHhdggUYAALYp8/sendPhoto "HTTP/1.1 200 OK"
2026-02-23 01:13:50,744 [INFO] HTTP Request: POST https://api.telegram.org/bot7537529456:AAEm8FIuTXZvSHmujUCzixHhdggUYAALYp8/getUpdates "HTTP/1.1 200 OK"
2026-02-23 01:14:00,997 [INFO] HTTP Request: POST https://api.telegram.org/bot7537529456:AAEm8FIuTXZvSHmujUCzixHhdggUYAALYp8/getUpdates "HTTP/1.1 200 OK"
2026-02-23 01:14:05,148 [INFO] HTTP Request: POST https://api.telegram.org/bot7537529456:AAEm8FIuTXZvSHmujUCzixHhdggUYAALYp8/getUpdates "HTTP/1.1 200 OK"
2026-02-23 01:14:06,108 [INFO] HTTP Request: POST https://api.telegram.org/bot7537529456:AAEm8FIuTXZvSHmujUCzixHhdggUYAALYp8/sendMessage "HTTP/1.1 200 OK"
2026-02-23 01:14:07,101 [INFO] HTTP Request: GET https://apis.prexzyvilla.site/tools/allstyles?text=hello "HTTP/1.1 200 OK"
2026-02-23 01:14:07,521 [INFO] HTTP Request: POST https://api.telegram.org/bot7537529456:AAEm8FIuTXZvSHmujUCzixHhdggUYAALYp8/editMessageText "HTTP/1.1 200 OK"
2026-02-23 01:14:10,890 [INFO] HTTP Request: POST https://api.telegram.org/bot7537529456:AAEm8FIuTXZvSHmujUCzixHhdggUYAALYp8/getUpdates "HTTP/1.1 200 OK"
2026-02-23 01:14:11,297 [INFO] HTTP Request: POST https://api.telegram.org/bot7537529456:AAEm8FIuTXZvSHmujUCzixHhdggUYAALYp8/answerCallbackQuery "HTTP/1.1 200 OK"
2026-02-23 01:14:11,738 [INFO] HTTP Request: POST https://api.telegram.org/bot7537529456:AAEm8FIuTXZvSHmujUCzixHhdggUYAALYp8/editMessageReplyMarkup "HTTP/1.1 200 OK"
2026-02-23 01:14:12,868 [INFO] HTTP Request: POST https://api.telegram.org/bot7537529456:AAEm8FIuTXZvSHmujUCzixHhdggUYAALYp8/getUpdates "HTTP/1.1 200 OK"
2026-02-23 01:14:13,280 [INFO] HTTP Request: POST https://api.telegram.org/bot7537529456:AAEm8FIuTXZvSHmujUCzixHhdggUYAALYp8/answerCallbackQuery "HTTP/1.1 200 OK"
2026-02-23 01:14:13,718 [INFO] HTTP Request: POST https://api.telegram.org/bot7537529456:AAEm8FIuTXZvSHmujUCzixHhdggUYAALYp8/editMessageCaption "HTTP/1.1 200 OK"
2026-02-23 01:14:16,294 [INFO] HTTP Request: POST https://api.telegram.org/bot7537529456:AAEm8FIuTXZvSHmujUCzixHhdggUYAALYp8/getUpdates "HTTP/1.1 200 OK"
2026-02-23 01:14:16,723 [INFO] HTTP Request: POST https://api.telegram.org/bot7537529456:AAEm8FIuTXZvSHmujUCzixHhdggUYAALYp8/sendMessage "HTTP/1.1 200 OK"
2026-02-23 01:14:26,550 [INFO] HTTP Request: POST https://api.telegram.org/bot7537529456:AAEm8FIuTXZvSHmujUCzixHhdggUYAALYp8/getUpdates "HTTP/1.1 200 OK"
2026-02-23 01:14:29,221 [INFO] HTTP Request: GET https://apis.prexzyvilla.site/ai/chat--cf-deepseek-ai-deepseek-r1-distill-qwen-32b?prompt=hi&search?= "HTTP/1.1 200 OK"
2026-02-23 01:14:30,237 [INFO] HTTP Request: POST https://api.telegram.org/bot7537529456:AAEm8FIuTXZvSHmujUCzixHhdggUYAALYp8/editMessageText "HTTP/1.1 200 OK"
2026-02-23 01:14:33,524 [INFO] HTTP Request: POST https://api.telegram.org/bot7537529456:AAEm8FIuTXZvSHmujUCzixHhdggUYAALYp8/getUpdates "HTTP/1.1 200 OK"
2026-02-23 01:14:33,959 [INFO] HTTP Request: POST https://api.telegram.org/bot7537529456:AAEm8FIuTXZvSHmujUCzixHhdggUYAALYp8/answerCallbackQuery "HTTP/1.1 200 OK"
2026-02-23 01:14:34,412 [INFO] HTTP Request: POST https://api.telegram.org/bot7537529456:AAEm8FIuTXZvSHmujUCzixHhdggUYAALYp8/editMessageText "HTTP/1.1 200 OK"
2026-02-23 01:14:35,563 [INFO] HTTP Request: POST https://api.telegram.org/bot7537529456:AAEm8FIuTXZvSHmujUCzixHhdggUYAALYp8/getUpdates "HTTP/1.1 200 OK"
2026-02-23 01:14:36,000 [INFO] HTTP Request: POST https://api.telegram.org/bot7537529456:AAEm8FIuTXZvSHmujUCzixHhdggUYAALYp8/answerCallbackQuery "HTTP/1.1 200 OK"
2026-02-23 01:14:36,454 [INFO] HTTP Request: POST https://api.telegram.org/bot7537529456:AAEm8FIuTXZvSHmujUCzixHhdggUYAALYp8/editMessageReplyMarkup "HTTP/1.1 200 OK"
2026-02-23 01:14:37,781 [INFO] HTTP Request: POST https://api.telegram.org/bot7537529456:AAEm8FIuTXZvSHmujUCzixHhdggUYAALYp8/getUpdates "HTTP/1.1 200 OK"
2026-02-23 01:14:38,217 [INFO] HTTP Request: POST https://api.telegram.org/bot7537529456:AAEm8FIuTXZvSHmujUCzixHhdggUYAALYp8/answerCallbackQuery "HTTP/1.1 200 OK"
2026-02-23 01:14:40,850 [INFO] HTTP Request: POST https://api.telegram.org/bot7537529456:AAEm8FIuTXZvSHmujUCzixHhdggUYAALYp8/getUpdates "HTTP/1.1 200 OK"
2026-02-23 01:14:41,283 [INFO] HTTP Request: POST https://api.telegram.org/bot7537529456:AAEm8FIuTXZvSHmujUCzixHhdggUYAALYp8/answerCallbackQuery "HTTP/1.1 200 OK"
2026-02-23 01:14:42,153 [INFO] HTTP Request: POST https://api.telegram.org/bot7537529456:AAEm8FIuTXZvSHmujUCzixHhdggUYAALYp8/getUpdates "HTTP/1.1 200 OK"
2026-02-23 01:14:42,597 [INFO] HTTP Request: POST https://api.telegram.org/bot7537529456:AAEm8FIuTXZvSHmujUCzixHhdggUYAALYp8/answerCallbackQuery "HTTP/1.1 200 OK"
2026-02-23 01:14:46,062 [INFO] HTTP Request: POST https://api.telegram.org/bot7537529456:AAEm8FIuTXZvSHmujUCzixHhdggUYAALYp8/getUpdates "HTTP/1.1 200 OK"
2026-02-23 01:14:46,497 [INFO] HTTP Request: POST https://api.telegram.org/bot7537529456:AAEm8FIuTXZvSHmujUCzixHhdggUYAALYp8/answerCallbackQuery "HTTP/1.1 200 OK"
2026-02-23 01:14:46,930 [INFO] HTTP Request: POST https://api.telegram.org/bot7537529456:AAEm8FIuTXZvSHmujUCzixHhdggUYAALYp8/answerCallbackQuery "HTTP/1.1 200 OK"
2026-02-23 01:14:47,384 [INFO] HTTP Request: POST https://api.telegram.org/bot7537529456:AAEm8FIuTXZvSHmujUCzixHhdggUYAALYp8/editMessageText "HTTP/1.1 200 OK"
2026-02-23 01:14:47,583 [INFO] HTTP Request: POST https://api.telegram.org/bot7537529456:AAEm8FIuTXZvSHmujUCzixHhdggUYAALYp8/getUpdates "HTTP/1.1 200 OK"
2026-02-23 01:14:48,016 [INFO] HTTP Request: POST https://api.telegram.org/bot7537529456:AAEm8FIuTXZvSHmujUCzixHhdggUYAALYp8/answerCallbackQuery "HTTP/1.1 200 OK"
2026-02-23 01:14:48,449 [INFO] HTTP Request: POST https://api.telegram.org/bot7537529456:AAEm8FIuTXZvSHmujUCzixHhdggUYAALYp8/answerCallbackQuery "HTTP/1.1 200 OK"
2026-02-23 01:14:48,894 [INFO] HTTP Request: POST https://api.telegram.org/bot7537529456:AAEm8FIuTXZvSHmujUCzixHhdggUYAALYp8/editMessageText "HTTP/1.1 200 OK"
2026-02-23 01:14:52,624 [INFO] HTTP Request: POST https://api.telegram.org/bot7537529456:AAEm8FIuTXZvSHmujUCzixHhdggUYAALYp8/getUpdates "HTTP/1.1 200 OK"
2026-02-23 01:14:53,075 [INFO] HTTP Request: POST https://api.telegram.org/bot7537529456:AAEm8FIuTXZvSHmujUCzixHhdggUYAALYp8/sendMessage "HTTP/1.1 200 OK"
2026-02-23 01:14:58,148 [INFO] HTTP Request: GET https://apis.prexzyvilla.site/gradienttext?text=hulo "HTTP/1.1 200 OK"
2026-02-23 01:14:59,625 [INFO] HTTP Request: POST https://api.telegram.org/bot7537529456:AAEm8FIuTXZvSHmujUCzixHhdggUYAALYp8/editMessageText "HTTP/1.1 200 OK"
2026-02-23 01:15:02,198 [INFO] HTTP Request: POST https://api.telegram.org/bot7537529456:AAEm8FIuTXZvSHmujUCzixHhdggUYAALYp8/getUpdates "HTTP/1.1 200 OK"
2026-02-23 01:15:02,597 [INFO] HTTP Request: POST https://api.telegram.org/bot7537529456:AAEm8FIuTXZvSHmujUCzixHhdggUYAALYp8/answerCallbackQuery "HTTP/1.1 200 OK"
2026-02-23 01:15:03,012 [INFO] HTTP Request: POST https://api.telegram.org/bot7537529456:AAEm8FIuTXZvSHmujUCzixHhdggUYAALYp8/editMessageText "HTTP/1.1 200 OK"
2026-02-23 01:15:04,451 [INFO] HTTP Request: POST https://api.telegram.org/bot7537529456:AAEm8FIuTXZvSHmujUCzixHhdggUYAALYp8/getUpdates "HTTP/1.1 200 OK"
2026-02-23 01:15:04,853 [INFO] HTTP Request: POST https://api.telegram.org/bot7537529456:AAEm8FIuTXZvSHmujUCzixHhdggUYAALYp8/answerCallbackQuery "HTTP/1.1 200 OK"
2026-02-23 01:15:05,269 [INFO] HTTP Request: POST https://api.telegram.org/bot7537529456:AAEm8FIuTXZvSHmujUCzixHhdggUYAALYp8/editMessageReplyMarkup "HTTP/1.1 200 OK"
2026-02-23 01:15:07,037 [INFO] HTTP Request: POST https://api.telegram.org/bot7537529456:AAEm8FIuTXZvSHmujUCzixHhdggUYAALYp8/getUpdates "HTTP/1.1 200 OK"
2026-02-23 01:15:07,446 [INFO] HTTP Request: POST https://api.telegram.org/bot7537529456:AAEm8FIuTXZvSHmujUCzixHhdggUYAALYp8/answerCallbackQuery "HTTP/1.1 200 OK"
2026-02-23 01:15:07,842 [INFO] HTTP Request: POST https://api.telegram.org/bot7537529456:AAEm8FIuTXZvSHmujUCzixHhdggUYAALYp8/answerCallbackQuery "HTTP/1.1 200 OK"
2026-02-23 01:15:09,422 [INFO] HTTP Request: GET https://apis.prexzyvilla.site/random/chinagirl "HTTP/1.1 200 OK"
2026-02-23 01:15:10,019 [ERROR] Random Girl Error: 'utf-8' codec can't decode byte 0xff in position 0: invalid start byte
2026-02-23 01:15:12,114 [INFO] HTTP Request: POST https://api.telegram.org/bot7537529456:AAEm8FIuTXZvSHmujUCzixHhdggUYAALYp8/getUpdates "HTTP/1.1 200 OK"
2026-02-23 01:15:12,528 [INFO] HTTP Request: POST https://api.telegram.org/bot7537529456:AAEm8FIuTXZvSHmujUCzixHhdggUYAALYp8/answerCallbackQuery "HTTP/1.1 200 OK"
2026-02-23 01:15:12,930 [INFO] HTTP Request: POST https://api.telegram.org/bot7537529456:AAEm8FIuTXZvSHmujUCzixHhdggUYAALYp8/answerCallbackQuery "HTTP/1.1 200 OK"
2026-02-23 01:15:14,377 [INFO] HTTP Request: GET https://apis.prexzyvilla.site/random/indonesiagirl "HTTP/1.1 200 OK"
2026-02-23 01:15:14,858 [INFO] HTTP Request: POST https://api.telegram.org/bot7537529456:AAEm8FIuTXZvSHmujUCzixHhdggUYAALYp8/getUpdates "HTTP/1.1 200 OK"
2026-02-23 01:15:14,972 [ERROR] Random Girl Error: 'utf-8' codec can't decode byte 0x8c in position 4: invalid start byte
2026-02-23 01:15:15,372 [INFO] HTTP Request: POST https://api.telegram.org/bot7537529456:AAEm8FIuTXZvSHmujUCzixHhdggUYAALYp8/answerCallbackQuery "HTTP/1.1 200 OK"
2026-02-23 01:15:15,769 [INFO] HTTP Request: POST https://api.telegram.org/bot7537529456:AAEm8FIuTXZvSHmujUCzixHhdggUYAALYp8/answerCallbackQuery "HTTP/1.1 200 OK"
2026-02-23 01:15:17,210 [INFO] HTTP Request: GET https://apis.prexzyvilla.site/random/chinagirl "HTTP/1.1 200 OK"
2026-02-23 01:15:17,816 [ERROR] Random Girl Error: 'utf-8' codec can't decode byte 0xff in position 0: invalid start byte
2026-02-23 01:15:31,149 [INFO] Web Dashboard Started
2026-02-23 01:15:32,528 [INFO] HTTP Request: POST https://api.telegram.org/bot7537529456:AAEm8FIuTXZvSHmujUCzixHhdggUYAALYp8/getMe "HTTP/1.1 200 OK"
2026-02-23 01:15:32,935 [INFO] HTTP Request: POST https://api.telegram.org/bot7537529456:AAEm8FIuTXZvSHmujUCzixHhdggUYAALYp8/setMyCommands "HTTP/1.1 200 OK"
2026-02-23 01:15:32,937 [INFO] Hinata Initialized
2026-02-23 01:15:32,937 [INFO] Application started
2026-02-23 01:15:33,172 [INFO] HTTP Request: POST https://api.telegram.org/bot7537529456:AAEm8FIuTXZvSHmujUCzixHhdggUYAALYp8/deleteWebhook "HTTP/1.1 200 OK"
2026-02-23 01:15:33,173 [INFO] Hinata Live and Polling
2026-02-23 01:15:33,174 [INFO] Auto-cleanup: 1 items removed from downloads folder.
2026-02-23 01:15:43,903 [INFO] HTTP Request: POST https://api.telegram.org/bot7537529456:AAEm8FIuTXZvSHmujUCzixHhdggUYAALYp8/getUpdates "HTTP/1.1 200 OK"
2026-02-23 01:15:54,144 [INFO] HTTP Request: POST https://api.telegram.org/bot7537529456:AAEm8FIuTXZvSHmujUCzixHhdggUYAALYp8/getUpdates "HTTP/1.1 200 OK"
2026-02-23 01:16:04,389 [INFO] HTTP Request: POST https://api.telegram.org/bot7537529456:AAEm8FIuTXZvSHmujUCzixHhdggUYAALYp8/getUpdates "HTTP/1.1 200 OK"
2026-02-23 01:16:14,631 [INFO] HTTP Request: POST https://api.telegram.org/bot7537529456:AAEm8FIuTXZvSHmujUCzixHhdggUYAALYp8/getUpdates "HTTP/1.1 200 OK"
2026-02-23 01:16:24,874 [INFO] HTTP Request: POST https://api.telegram.org/bot7537529456:AAEm8FIuTXZvSHmujUCzixHhdggUYAALYp8/getUpdates "HTTP/1.1 200 OK"
2026-02-23 01:16:35,118 [INFO] HTTP Request: POST https://api.telegram.org/bot7537529456:AAEm8FIuTXZvSHmujUCzixHhdggUYAALYp8/getUpdates "HTTP/1.1 200 OK"
2026-02-23 01:16:45,363 [INFO] HTTP Request: POST https://api.telegram.org/bot7537529456:AAEm8FIuTXZvSHmujUCzixHhdggUYAALYp8/getUpdates "HTTP/1.1 200 OK"
2026-02-23 01:16:55,607 [INFO] HTTP Request: POST https://api.telegram.org/bot7537529456:AAEm8FIuTXZvSHmujUCzixHhdggUYAALYp8/getUpdates "HTTP/1.1 200 OK"
2026-02-23 01:17:05,849 [INFO] HTTP Request: POST https://api.telegram.org/bot7537529456:AAEm8FIuTXZvSHmujUCzixHhdggUYAALYp8/getUpdates "HTTP/1.1 200 OK"
2026-02-23 01:17:16,094 [INFO] HTTP Request: POST https://api.telegram.org/bot7537529456:AAEm8FIuTXZvSHmujUCzixHhdggUYAALYp8/getUpdates "HTTP/1.1 200 OK"
2026-02-23 01:17:26,793 [INFO] HTTP Request: POST https://api.telegram.org/bot7537529456:AAEm8FIuTXZvSHmujUCzixHhdggUYAALYp8/getUpdates "HTTP/1.1 200 OK"
2026-02-23 01:17:37,035 [INFO] HTTP Request: POST https://api.telegram.org/bot7537529456:AAEm8FIuTXZvSHmujUCzixHhdggUYAALYp8/getUpdates "HTTP/1.1 200 OK"
2026-02-23 01:17:47,276 [INFO] HTTP Request: POST https://api.telegram.org/bot7537529456:AAEm8FIuTXZvSHmujUCzixHhdggUYAALYp8/getUpdates "HTTP/1.1 200 OK"
2026-02-23 01:17:57,519 [INFO] HTTP Request: POST https://api.telegram.org/bot7537529456:AAEm8FIuTXZvSHmujUCzixHhdggUYAALYp8/getUpdates "HTTP/1.1 200 OK"
2026-02-23 01:18:05,523 [INFO] HTTP Request: POST https://api.telegram.org/bot7537529456:AAEm8FIuTXZvSHmujUCzixHhdggUYAALYp8/getUpdates "HTTP/1.1 200 OK"
2026-02-23 01:18:06,446 [INFO] HTTP Request: POST https://api.telegram.org/bot7537529456:AAEm8FIuTXZvSHmujUCzixHhdggUYAALYp8/answerCallbackQuery "HTTP/1.1 200 OK"
2026-02-23 01:18:06,855 [INFO] HTTP Request: POST https://api.telegram.org/bot7537529456:AAEm8FIuTXZvSHmujUCzixHhdggUYAALYp8/answerCallbackQuery "HTTP/1.1 200 OK"
2026-02-23 01:18:09,204 [INFO] HTTP Request: GET https://apis.prexzyvilla.site/random/waifu "HTTP/1.1 200 OK"
2026-02-23 01:18:10,193 [ERROR] Random Girl Error: 'utf-8' codec can't decode byte 0xff in position 0: invalid start byte
2026-02-23 01:18:10,375 [INFO] HTTP Request: POST https://api.telegram.org/bot7537529456:AAEm8FIuTXZvSHmujUCzixHhdggUYAALYp8/getUpdates "HTTP/1.1 200 OK"
2026-02-23 01:18:10,798 [INFO] HTTP Request: POST https://api.telegram.org/bot7537529456:AAEm8FIuTXZvSHmujUCzixHhdggUYAALYp8/answerCallbackQuery "HTTP/1.1 200 OK"
2026-02-23 01:18:11,210 [INFO] HTTP Request: POST https://api.telegram.org/bot7537529456:AAEm8FIuTXZvSHmujUCzixHhdggUYAALYp8/answerCallbackQuery "HTTP/1.1 200 OK"
2026-02-23 01:18:11,636 [INFO] HTTP Request: POST https://api.telegram.org/bot7537529456:AAEm8FIuTXZvSHmujUCzixHhdggUYAALYp8/editMessageText "HTTP/1.1 200 OK"
2026-02-23 01:18:12,856 [INFO] HTTP Request: POST https://api.telegram.org/bot7537529456:AAEm8FIuTXZvSHmujUCzixHhdggUYAALYp8/getUpdates "HTTP/1.1 200 OK"
2026-02-23 01:18:13,273 [INFO] HTTP Request: POST https://api.telegram.org/bot7537529456:AAEm8FIuTXZvSHmujUCzixHhdggUYAALYp8/answerCallbackQuery "HTTP/1.1 200 OK"
2026-02-23 01:18:13,790 [INFO] HTTP Request: POST https://api.telegram.org/bot7537529456:AAEm8FIuTXZvSHmujUCzixHhdggUYAALYp8/answerCallbackQuery "HTTP/1.1 200 OK"
2026-02-23 01:18:14,211 [INFO] HTTP Request: POST https://api.telegram.org/bot7537529456:AAEm8FIuTXZvSHmujUCzixHhdggUYAALYp8/editMessageText "HTTP/1.1 200 OK"
2026-02-23 01:18:16,430 [INFO] HTTP Request: POST https://api.telegram.org/bot7537529456:AAEm8FIuTXZvSHmujUCzixHhdggUYAALYp8/getUpdates "HTTP/1.1 200 OK"
2026-02-23 01:18:16,862 [INFO] HTTP Request: POST https://api.telegram.org/bot7537529456:AAEm8FIuTXZvSHmujUCzixHhdggUYAALYp8/sendMessage "HTTP/1.1 200 OK"
2026-02-23 01:18:22,471 [INFO] HTTP Request: GET https://apis.prexzyvilla.site/summerbeach?text=lnjh "HTTP/1.1 200 OK"
2026-02-23 01:18:24,939 [INFO] HTTP Request: POST https://api.telegram.org/bot7537529456:AAEm8FIuTXZvSHmujUCzixHhdggUYAALYp8/editMessageText "HTTP/1.1 200 OK"
2026-02-23 01:18:26,519 [INFO] HTTP Request: POST https://api.telegram.org/bot7537529456:AAEm8FIuTXZvSHmujUCzixHhdggUYAALYp8/getUpdates "HTTP/1.1 200 OK"
2026-02-23 01:18:26,919 [INFO] HTTP Request: POST https://api.telegram.org/bot7537529456:AAEm8FIuTXZvSHmujUCzixHhdggUYAALYp8/answerCallbackQuery "HTTP/1.1 200 OK"
2026-02-23 01:18:27,335 [INFO] HTTP Request: POST https://api.telegram.org/bot7537529456:AAEm8FIuTXZvSHmujUCzixHhdggUYAALYp8/editMessageText "HTTP/1.1 200 OK"
2026-02-23 01:18:30,068 [INFO] HTTP Request: POST https://api.telegram.org/bot7537529456:AAEm8FIuTXZvSHmujUCzixHhdggUYAALYp8/getUpdates "HTTP/1.1 200 OK"
2026-02-23 01:18:30,465 [INFO] HTTP Request: POST https://api.telegram.org/bot7537529456:AAEm8FIuTXZvSHmujUCzixHhdggUYAALYp8/answerCallbackQuery "HTTP/1.1 200 OK"
2026-02-23 01:18:30,879 [INFO] HTTP Request: POST https://api.telegram.org/bot7537529456:AAEm8FIuTXZvSHmujUCzixHhdggUYAALYp8/editMessageReplyMarkup "HTTP/1.1 200 OK"
2026-02-23 01:18:37,719 [INFO] HTTP Request: POST https://api.telegram.org/bot7537529456:AAEm8FIuTXZvSHmujUCzixHhdggUYAALYp8/getUpdates "HTTP/1.1 200 OK"
2026-02-23 01:18:38,607 [INFO] HTTP Request: POST https://api.telegram.org/bot7537529456:AAEm8FIuTXZvSHmujUCzixHhdggUYAALYp8/answerCallbackQuery "HTTP/1.1 200 OK"
2026-02-23 01:18:39,031 [INFO] HTTP Request: POST https://api.telegram.org/bot7537529456:AAEm8FIuTXZvSHmujUCzixHhdggUYAALYp8/editMessageText "HTTP/1.1 200 OK"
2026-02-23 01:18:39,857 [INFO] HTTP Request: POST https://api.telegram.org/bot7537529456:AAEm8FIuTXZvSHmujUCzixHhdggUYAALYp8/getUpdates "HTTP/1.1 200 OK"
2026-02-23 01:18:40,265 [INFO] HTTP Request: POST https://api.telegram.org/bot7537529456:AAEm8FIuTXZvSHmujUCzixHhdggUYAALYp8/answerCallbackQuery "HTTP/1.1 200 OK"
2026-02-23 01:18:40,693 [INFO] HTTP Request: POST https://api.telegram.org/bot7537529456:AAEm8FIuTXZvSHmujUCzixHhdggUYAALYp8/editMessageReplyMarkup "HTTP/1.1 200 OK"
2026-02-23 01:18:47,037 [INFO] HTTP Request: POST https://api.telegram.org/bot7537529456:AAEm8FIuTXZvSHmujUCzixHhdggUYAALYp8/getUpdates "HTTP/1.1 200 OK"
2026-02-23 01:18:47,969 [INFO] HTTP Request: POST https://api.telegram.org/bot7537529456:AAEm8FIuTXZvSHmujUCzixHhdggUYAALYp8/answerCallbackQuery "HTTP/1.1 200 OK"
2026-02-23 01:18:48,404 [INFO] HTTP Request: POST https://api.telegram.org/bot7537529456:AAEm8FIuTXZvSHmujUCzixHhdggUYAALYp8/editMessageText "HTTP/1.1 200 OK"
2026-02-23 01:18:50,162 [INFO] HTTP Request: POST https://api.telegram.org/bot7537529456:AAEm8FIuTXZvSHmujUCzixHhdggUYAALYp8/getUpdates "HTTP/1.1 200 OK"
2026-02-23 01:18:50,583 [INFO] HTTP Request: POST https://api.telegram.org/bot7537529456:AAEm8FIuTXZvSHmujUCzixHhdggUYAALYp8/answerCallbackQuery "HTTP/1.1 200 OK"
2026-02-23 01:18:51,119 [INFO] HTTP Request: POST https://api.telegram.org/bot7537529456:AAEm8FIuTXZvSHmujUCzixHhdggUYAALYp8/editMessageText "HTTP/1.1 200 OK"
2026-02-23 01:18:52,420 [INFO] HTTP Request: POST https://api.telegram.org/bot7537529456:AAEm8FIuTXZvSHmujUCzixHhdggUYAALYp8/getUpdates "HTTP/1.1 200 OK"
2026-02-23 01:18:52,837 [INFO] HTTP Request: POST https://api.telegram.org/bot7537529456:AAEm8FIuTXZvSHmujUCzixHhdggUYAALYp8/answerCallbackQuery "HTTP/1.1 200 OK"
2026-02-23 01:18:53,272 [INFO] HTTP Request: POST https://api.telegram.org/bot7537529456:AAEm8FIuTXZvSHmujUCzixHhdggUYAALYp8/editMessageReplyMarkup "HTTP/1.1 200 OK"
2026-02-23 01:18:55,001 [INFO] HTTP Request: POST https://api.telegram.org/bot7537529456:AAEm8FIuTXZvSHmujUCzixHhdggUYAALYp8/getUpdates "HTTP/1.1 200 OK"
2026-02-23 01:18:55,424 [INFO] HTTP Request: POST https://api.telegram.org/bot7537529456:AAEm8FIuTXZvSHmujUCzixHhdggUYAALYp8/answerCallbackQuery "HTTP/1.1 200 OK"
2026-02-23 01:18:55,839 [INFO] HTTP Request: POST https://api.telegram.org/bot7537529456:AAEm8FIuTXZvSHmujUCzixHhdggUYAALYp8/answerCallbackQuery "HTTP/1.1 200 OK"
2026-02-23 01:18:56,289 [INFO] HTTP Request: POST https://api.telegram.org/bot7537529456:AAEm8FIuTXZvSHmujUCzixHhdggUYAALYp8/editMessageText "HTTP/1.1 200 OK"
2026-02-23 01:18:59,892 [INFO] HTTP Request: POST https://api.telegram.org/bot7537529456:AAEm8FIuTXZvSHmujUCzixHhdggUYAALYp8/getUpdates "HTTP/1.1 200 OK"
2026-02-23 01:19:00,311 [INFO] HTTP Request: POST https://api.telegram.org/bot7537529456:AAEm8FIuTXZvSHmujUCzixHhdggUYAALYp8/answerCallbackQuery "HTTP/1.1 200 OK"
2026-02-23 01:19:00,728 [INFO] HTTP Request: POST https://api.telegram.org/bot7537529456:AAEm8FIuTXZvSHmujUCzixHhdggUYAALYp8/answerCallbackQuery "HTTP/1.1 200 OK"
2026-02-23 01:19:01,726 [INFO] HTTP Request: GET https://apis.prexzyvilla.site/random/anime/wallmlnime "HTTP/1.1 200 OK"
2026-02-23 01:19:01,728 [ERROR] Wall Gen Error: 'utf-8' codec can't decode byte 0xff in position 0: invalid start byte
2026-02-23 01:19:05,175 [INFO] HTTP Request: POST https://api.telegram.org/bot7537529456:AAEm8FIuTXZvSHmujUCzixHhdggUYAALYp8/getUpdates "HTTP/1.1 200 OK"
2026-02-23 01:19:05,592 [INFO] HTTP Request: POST https://api.telegram.org/bot7537529456:AAEm8FIuTXZvSHmujUCzixHhdggUYAALYp8/answerCallbackQuery "HTTP/1.1 200 OK"
2026-02-23 01:19:05,654 [INFO] HTTP Request: POST https://api.telegram.org/bot7537529456:AAEm8FIuTXZvSHmujUCzixHhdggUYAALYp8/getUpdates "HTTP/1.1 200 OK"
2026-02-23 01:19:06,017 [INFO] HTTP Request: POST https://api.telegram.org/bot7537529456:AAEm8FIuTXZvSHmujUCzixHhdggUYAALYp8/answerCallbackQuery "HTTP/1.1 200 OK"
2026-02-23 01:19:06,508 [INFO] HTTP Request: POST https://api.telegram.org/bot7537529456:AAEm8FIuTXZvSHmujUCzixHhdggUYAALYp8/getUpdates "HTTP/1.1 200 OK"
2026-02-23 01:19:07,005 [INFO] HTTP Request: POST https://api.telegram.org/bot7537529456:AAEm8FIuTXZvSHmujUCzixHhdggUYAALYp8/getUpdates "HTTP/1.1 200 OK"
2026-02-23 01:19:07,016 [INFO] HTTP Request: GET https://apis.prexzyvilla.site/random/anime/programming "HTTP/1.1 200 OK"
2026-02-23 01:19:07,020 [ERROR] Wall Gen Error: 'utf-8' codec can't decode byte 0xff in position 0: invalid start byte
2026-02-23 01:19:07,435 [INFO] HTTP Request: POST https://api.telegram.org/bot7537529456:AAEm8FIuTXZvSHmujUCzixHhdggUYAALYp8/answerCallbackQuery "HTTP/1.1 200 OK"
2026-02-23 01:19:07,854 [INFO] HTTP Request: POST https://api.telegram.org/bot7537529456:AAEm8FIuTXZvSHmujUCzixHhdggUYAALYp8/answerCallbackQuery "HTTP/1.1 200 OK"
2026-02-23 01:19:08,324 [INFO] HTTP Request: POST https://api.telegram.org/bot7537529456:AAEm8FIuTXZvSHmujUCzixHhdggUYAALYp8/getUpdates "HTTP/1.1 200 OK"
2026-02-23 01:19:09,147 [INFO] HTTP Request: GET https://apis.prexzyvilla.site/random/anime/gamewallpaper "HTTP/1.1 200 OK"
2026-02-23 01:19:09,793 [ERROR] Wall Gen Error: 'utf-8' codec can't decode byte 0xff in position 0: invalid start byte
2026-02-23 01:19:10,212 [INFO] HTTP Request: POST https://api.telegram.org/bot7537529456:AAEm8FIuTXZvSHmujUCzixHhdggUYAALYp8/answerCallbackQuery "HTTP/1.1 200 OK"
2026-02-23 01:19:10,665 [INFO] HTTP Request: POST https://api.telegram.org/bot7537529456:AAEm8FIuTXZvSHmujUCzixHhdggUYAALYp8/answerCallbackQuery "HTTP/1.1 200 OK"
2026-02-23 01:19:11,242 [INFO] HTTP Request: POST https://api.telegram.org/bot7537529456:AAEm8FIuTXZvSHmujUCzixHhdggUYAALYp8/getUpdates "HTTP/1.1 200 OK"
2026-02-23 01:19:11,567 [INFO] HTTP Request: POST https://api.telegram.org/bot7537529456:AAEm8FIuTXZvSHmujUCzixHhdggUYAALYp8/getUpdates "HTTP/1.1 200 OK"
2026-02-23 01:19:11,719 [INFO] HTTP Request: GET https://apis.prexzyvilla.site/random/anime/art "HTTP/1.1 200 OK"
2026-02-23 01:19:11,722 [ERROR] Wall Gen Error: 'utf-8' codec can't decode byte 0xff in position 0: invalid start byte
2026-02-23 01:19:12,154 [INFO] HTTP Request: POST https://api.telegram.org/bot7537529456:AAEm8FIuTXZvSHmujUCzixHhdggUYAALYp8/answerCallbackQuery "HTTP/1.1 200 OK"
2026-02-23 01:19:12,574 [INFO] HTTP Request: POST https://api.telegram.org/bot7537529456:AAEm8FIuTXZvSHmujUCzixHhdggUYAALYp8/answerCallbackQuery "HTTP/1.1 200 OK"
2026-02-23 01:19:13,989 [INFO] HTTP Request: GET https://apis.prexzyvilla.site/random/anime/cyber "HTTP/1.1 200 OK"
2026-02-23 01:19:14,636 [ERROR] Wall Gen Error: 'utf-8' codec can't decode byte 0xff in position 0: invalid start byte
2026-02-23 01:19:15,074 [INFO] HTTP Request: POST https://api.telegram.org/bot7537529456:AAEm8FIuTXZvSHmujUCzixHhdggUYAALYp8/answerCallbackQuery "HTTP/1.1 200 OK"
2026-02-23 01:19:15,498 [INFO] HTTP Request: POST https://api.telegram.org/bot7537529456:AAEm8FIuTXZvSHmujUCzixHhdggUYAALYp8/answerCallbackQuery "HTTP/1.1 200 OK"
2026-02-23 01:19:16,620 [INFO] HTTP Request: GET https://apis.prexzyvilla.site/random/anime/mountain "HTTP/1.1 200 OK"
2026-02-23 01:19:17,909 [ERROR] Wall Gen Error: 'utf-8' codec can't decode byte 0xff in position 0: invalid start byte
2026-02-23 01:19:18,333 [INFO] HTTP Request: POST https://api.telegram.org/bot7537529456:AAEm8FIuTXZvSHmujUCzixHhdggUYAALYp8/answerCallbackQuery "HTTP/1.1 200 OK"
2026-02-23 01:19:18,755 [INFO] HTTP Request: POST https://api.telegram.org/bot7537529456:AAEm8FIuTXZvSHmujUCzixHhdggUYAALYp8/answerCallbackQuery "HTTP/1.1 200 OK"
2026-02-23 01:19:20,030 [INFO] HTTP Request: GET https://apis.prexzyvilla.site/random/anime/space "HTTP/1.1 200 OK"
2026-02-23 01:19:20,351 [ERROR] Wall Gen Error: 'utf-8' codec can't decode byte 0xff in position 0: invalid start byte
2026-02-23 01:19:20,768 [INFO] HTTP Request: POST https://api.telegram.org/bot7537529456:AAEm8FIuTXZvSHmujUCzixHhdggUYAALYp8/answerCallbackQuery "HTTP/1.1 200 OK"
2026-02-23 01:19:21,186 [INFO] HTTP Request: POST https://api.telegram.org/bot7537529456:AAEm8FIuTXZvSHmujUCzixHhdggUYAALYp8/answerCallbackQuery "HTTP/1.1 200 OK"
2026-02-23 01:19:21,930 [INFO] HTTP Request: POST https://api.telegram.org/bot7537529456:AAEm8FIuTXZvSHmujUCzixHhdggUYAALYp8/getUpdates "HTTP/1.1 200 OK"
2026-02-23 01:19:22,876 [INFO] HTTP Request: GET https://apis.prexzyvilla.site/random/anime/wallhp "HTTP/1.1 200 OK"
2026-02-23 01:19:23,209 [ERROR] Wall Gen Error: 'utf-8' codec can't decode byte 0xff in position 0: invalid start byte
2026-02-23 01:19:32,184 [INFO] HTTP Request: POST https://api.telegram.org/bot7537529456:AAEm8FIuTXZvSHmujUCzixHhdggUYAALYp8/getUpdates "HTTP/1.1 200 OK"
2026-02-23 01:19:42,438 [INFO] HTTP Request: POST https://api.telegram.org/bot7537529456:AAEm8FIuTXZvSHmujUCzixHhdggUYAALYp8/getUpdates "HTTP/1.1 200 OK"
2026-02-23 01:19:52,684 [INFO] HTTP Request: POST https://api.telegram.org/bot7537529456:AAEm8FIuTXZvSHmujUCzixHhdggUYAALYp8/getUpdates "HTTP/1.1 200 OK"
2026-02-23 01:20:02,928 [INFO] HTTP Request: POST https://api.telegram.org/bot7537529456:AAEm8FIuTXZvSHmujUCzixHhdggUYAALYp8/getUpdates "HTTP/1.1 200 OK"
2026-02-23 01:20:13,173 [INFO] HTTP Request: POST https://api.telegram.org/bot7537529456:AAEm8FIuTXZvSHmujUCzixHhdggUYAALYp8/getUpdates "HTTP/1.1 200 OK"
2026-02-23 01:20:23,415 [INFO] HTTP Request: POST https://api.telegram.org/bot7537529456:AAEm8FIuTXZvSHmujUCzixHhdggUYAALYp8/getUpdates "HTTP/1.1 200 OK"
2026-02-23 01:20:33,658 [INFO] HTTP Request: POST https://api.telegram.org/bot7537529456:AAEm8FIuTXZvSHmujUCzixHhdggUYAALYp8/getUpdates "HTTP/1.1 200 OK"
2026-02-23 01:20:43,900 [INFO] HTTP Request: POST https://api.telegram.org/bot7537529456:AAEm8FIuTXZvSHmujUCzixHhdggUYAALYp8/getUpdates "HTTP/1.1 200 OK"
2026-02-23 01:20:54,141 [INFO] HTTP Request: POST https://api.telegram.org/bot7537529456:AAEm8FIuTXZvSHmujUCzixHhdggUYAALYp8/getUpdates "HTTP/1.1 200 OK"
2026-02-23 01:21:04,384 [INFO] HTTP Request: POST https://api.telegram.org/bot7537529456:AAEm8FIuTXZvSHmujUCzixHhdggUYAALYp8/getUpdates "HTTP/1.1 200 OK"
2026-02-23 01:21:14,630 [INFO] HTTP Request: POST https://api.telegram.org/bot7537529456:AAEm8FIuTXZvSHmujUCzixHhdggUYAALYp8/getUpdates "HTTP/1.1 200 OK"
2026-02-23 01:21:24,872 [INFO] HTTP Request: POST https://api.telegram.org/bot7537529456:AAEm8FIuTXZvSHmujUCzixHhdggUYAALYp8/getUpdates "HTTP/1.1 200 OK"
2026-02-23 01:21:35,114 [INFO] HTTP Request: POST https://api.telegram.org/bot7537529456:AAEm8FIuTXZvSHmujUCzixHhdggUYAALYp8/getUpdates "HTTP/1.1 200 OK"
2026-02-23 01:21:45,357 [INFO] HTTP Request: POST https://api.telegram.org/bot7537529456:AAEm8FIuTXZvSHmujUCzixHhdggUYAALYp8/getUpdates "HTTP/1.1 200 OK"
2026-02-23 01:21:55,600 [INFO] HTTP Request: POST https://api.telegram.org/bot7537529456:AAEm8FIuTXZvSHmujUCzixHhdggUYAALYp8/getUpdates "HTTP/1.1 200 OK"
2026-02-23 01:22:05,842 [INFO] HTTP Request: POST https://api.telegram.org/bot7537529456:AAEm8FIuTXZvSHmujUCzixHhdggUYAALYp8/getUpdates "HTTP/1.1 200 OK"
2026-02-23 01:22:16,085 [INFO] HTTP Request: POST https://api.telegram.org/bot7537529456:AAEm8FIuTXZvSHmujUCzixHhdggUYAALYp8/getUpdates "HTTP/1.1 200 OK"
2026-02-23 01:22:26,328 [INFO] HTTP Request: POST https://api.telegram.org/bot7537529456:AAEm8FIuTXZvSHmujUCzixHhdggUYAALYp8/getUpdates "HTTP/1.1 200 OK"
2026-02-23 01:22:36,572 [INFO] HTTP Request: POST https://api.telegram.org/bot7537529456:AAEm8FIuTXZvSHmujUCzixHhdggUYAALYp8/getUpdates "HTTP/1.1 200 OK"
2026-02-23 01:22:46,835 [INFO] HTTP Request: POST https://api.telegram.org/bot7537529456:AAEm8FIuTXZvSHmujUCzixHhdggUYAALYp8/getUpdates "HTTP/1.1 200 OK"
2026-02-23 01:22:57,119 [INFO] HTTP Request: POST https://api.telegram.org/bot7537529456:AAEm8FIuTXZvSHmujUCzixHhdggUYAALYp8/getUpdates "HTTP/1.1 200 OK"
2026-02-23 01:23:07,408 [INFO] HTTP Request: POST https://api.telegram.org/bot7537529456:AAEm8FIuTXZvSHmujUCzixHhdggUYAALYp8/getUpdates "HTTP/1.1 200 OK"
2026-02-23 01:23:17,651 [INFO] HTTP Request: POST https://api.telegram.org/bot7537529456:AAEm8FIuTXZvSHmujUCzixHhdggUYAALYp8/getUpdates "HTTP/1.1 200 OK"
2026-02-23 01:23:27,917 [INFO] HTTP Request: POST https://api.telegram.org/bot7537529456:AAEm8FIuTXZvSHmujUCzixHhdggUYAALYp8/getUpdates "HTTP/1.1 200 OK"
2026-02-23 01:23:38,159 [INFO] HTTP Request: POST https://api.telegram.org/bot7537529456:AAEm8FIuTXZvSHmujUCzixHhdggUYAALYp8/getUpdates "HTTP/1.1 200 OK"
2026-02-23 01:23:48,401 [INFO] HTTP Request: POST https://api.telegram.org/bot7537529456:AAEm8FIuTXZvSHmujUCzixHhdggUYAALYp8/getUpdates "HTTP/1.1 200 OK"
2026-02-23 01:23:58,644 [INFO] HTTP Request: POST https://api.telegram.org/bot7537529456:AAEm8FIuTXZvSHmujUCzixHhdggUYAALYp8/getUpdates "HTTP/1.1 200 OK"
2026-02-23 01:24:08,888 [INFO] HTTP Request: POST https://api.telegram.org/bot7537529456:AAEm8FIuTXZvSHmujUCzixHhdggUYAALYp8/getUpdates "HTTP/1.1 200 OK"
2026-02-23 01:24:19,135 [INFO] HTTP Request: POST https://api.telegram.org/bot7537529456:AAEm8FIuTXZvSHmujUCzixHhdggUYAALYp8/getUpdates "HTTP/1.1 200 OK"
2026-02-23 01:24:29,376 [INFO] HTTP Request: POST https://api.telegram.org/bot7537529456:AAEm8FIuTXZvSHmujUCzixHhdggUYAALYp8/getUpdates "HTTP/1.1 200 OK"
2026-02-23 01:24:39,619 [INFO] HTTP Request: POST https://api.telegram.org/bot7537529456:AAEm8FIuTXZvSHmujUCzixHhdggUYAALYp8/getUpdates "HTTP/1.1 200 OK"
2026-02-23 01:24:49,862 [INFO] HTTP Request: POST https://api.telegram.org/bot7537529456:AAEm8FIuTXZvSHmujUCzixHhdggUYAALYp8/getUpdates "HTTP/1.1 200 OK"
2026-02-23 01:25:00,105 [INFO] HTTP Request: POST https://api.telegram.org/bot7537529456:AAEm8FIuTXZvSHmujUCzixHhdggUYAALYp8/getUpdates "HTTP/1.1 200 OK"
2026-02-23 01:25:10,349 [INFO] HTTP Request: POST https://api.telegram.org/bot7537529456:AAEm8FIuTXZvSHmujUCzixHhdggUYAALYp8/getUpdates "HTTP/1.1 200 OK"
2026-02-23 01:25:20,595 [INFO] HTTP Request: POST https://api.telegram.org/bot7537529456:AAEm8FIuTXZvSHmujUCzixHhdggUYAALYp8/getUpdates "HTTP/1.1 200 OK"
2026-02-23 01:25:30,838 [INFO] HTTP Request: POST https://api.telegram.org/bot7537529456:AAEm8FIuTXZvSHmujUCzixHhdggUYAALYp8/getUpdates "HTTP/1.1 200 OK"
2026-02-23 01:25:41,083 [INFO] HTTP Request: POST https://api.telegram.org/bot7537529456:AAEm8FIuTXZvSHmujUCzixHhdggUYAALYp8/getUpdates "HTTP/1.1 200 OK"
2026-02-23 01:25:51,324 [INFO] HTTP Request: POST https://api.telegram.org/bot7537529456:AAEm8FIuTXZvSHmujUCzixHhdggUYAALYp8/getUpdates "HTTP/1.1 200 OK"
2026-02-23 01:26:01,566 [INFO] HTTP Request: POST https://api.telegram.org/bot7537529456:AAEm8FIuTXZvSHmujUCzixHhdggUYAALYp8/getUpdates "HTTP/1.1 200 OK"
2026-02-23 01:26:11,812 [INFO] HTTP Request: POST https://api.telegram.org/bot7537529456:AAEm8FIuTXZvSHmujUCzixHhdggUYAALYp8/getUpdates "HTTP/1.1 200 OK"
2026-02-23 01:26:22,054 [INFO] HTTP Request: POST https://api.telegram.org/bot7537529456:AAEm8FIuTXZvSHmujUCzixHhdggUYAALYp8/getUpdates "HTTP/1.1 200 OK"
2026-02-23 01:26:32,296 [INFO] HTTP Request: POST https://api.telegram.org/bot7537529456:AAEm8FIuTXZvSHmujUCzixHhdggUYAALYp8/getUpdates "HTTP/1.1 200 OK"
2026-02-23 01:26:42,540 [INFO] HTTP Request: POST https://api.telegram.org/bot7537529456:AAEm8FIuTXZvSHmujUCzixHhdggUYAALYp8/getUpdates "HTTP/1.1 200 OK"
2026-02-23 01:26:52,783 [INFO] HTTP Request: POST https://api.telegram.org/bot7537529456:AAEm8FIuTXZvSHmujUCzixHhdggUYAALYp8/getUpdates "HTTP/1.1 200 OK"
2026-02-23 01:27:03,026 [INFO] HTTP Request: POST https://api.telegram.org/bot7537529456:AAEm8FIuTXZvSHmujUCzixHhdggUYAALYp8/getUpdates "HTTP/1.1 200 OK"
2026-02-23 01:27:13,269 [INFO] HTTP Request: POST https://api.telegram.org/bot7537529456:AAEm8FIuTXZvSHmujUCzixHhdggUYAALYp8/getUpdates "HTTP/1.1 200 OK"
2026-02-23 01:27:23,514 [INFO] HTTP Request: POST https://api.telegram.org/bot7537529456:AAEm8FIuTXZvSHmujUCzixHhdggUYAALYp8/getUpdates "HTTP/1.1 200 OK"
2026-02-23 01:27:33,757 [INFO] HTTP Request: POST https://api.telegram.org/bot7537529456:AAEm8FIuTXZvSHmujUCzixHhdggUYAALYp8/getUpdates "HTTP/1.1 200 OK"
2026-02-23 01:27:43,999 [INFO] HTTP Request: POST https://api.telegram.org/bot7537529456:AAEm8FIuTXZvSHmujUCzixHhdggUYAALYp8/getUpdates "HTTP/1.1 200 OK"
2026-02-23 01:27:54,245 [INFO] HTTP Request: POST https://api.telegram.org/bot7537529456:AAEm8FIuTXZvSHmujUCzixHhdggUYAALYp8/getUpdates "HTTP/1.1 200 OK"
2026-02-23 01:28:04,488 [INFO] HTTP Request: POST https://api.telegram.org/bot7537529456:AAEm8FIuTXZvSHmujUCzixHhdggUYAALYp8/getUpdates "HTTP/1.1 200 OK"
2026-02-23 01:28:14,730 [INFO] HTTP Request: POST https://api.telegram.org/bot7537529456:AAEm8FIuTXZvSHmujUCzixHhdggUYAALYp8/getUpdates "HTTP/1.1 200 OK"
2026-02-23 01:28:24,974 [INFO] HTTP Request: POST https://api.telegram.org/bot7537529456:AAEm8FIuTXZvSHmujUCzixHhdggUYAALYp8/getUpdates "HTTP/1.1 200 OK"
2026-02-23 01:28:35,219 [INFO] HTTP Request: POST https://api.telegram.org/bot7537529456:AAEm8FIuTXZvSHmujUCzixHhdggUYAALYp8/getUpdates "HTTP/1.1 200 OK"
2026-02-23 01:28:45,462 [INFO] HTTP Request: POST https://api.telegram.org/bot7537529456:AAEm8FIuTXZvSHmujUCzixHhdggUYAALYp8/getUpdates "HTTP/1.1 200 OK"
2026-02-23 01:28:55,706 [INFO] HTTP Request: POST https://api.telegram.org/bot7537529456:AAEm8FIuTXZvSHmujUCzixHhdggUYAALYp8/getUpdates "HTTP/1.1 200 OK"
2026-02-23 01:29:05,950 [INFO] HTTP Request: POST https://api.telegram.org/bot7537529456:AAEm8FIuTXZvSHmujUCzixHhdggUYAALYp8/getUpdates "HTTP/1.1 200 OK"
2026-02-23 01:29:16,195 [INFO] HTTP Request: POST https://api.telegram.org/bot7537529456:AAEm8FIuTXZvSHmujUCzixHhdggUYAALYp8/getUpdates "HTTP/1.1 200 OK"
2026-02-23 01:29:26,436 [INFO] HTTP Request: POST https://api.telegram.org/bot7537529456:AAEm8FIuTXZvSHmujUCzixHhdggUYAALYp8/getUpdates "HTTP/1.1 200 OK"
2026-02-23 01:29:36,677 [INFO] HTTP Request: POST https://api.telegram.org/bot7537529456:AAEm8FIuTXZvSHmujUCzixHhdggUYAALYp8/getUpdates "HTTP/1.1 200 OK"
2026-02-23 01:29:46,921 [INFO] HTTP Request: POST https://api.telegram.org/bot7537529456:AAEm8FIuTXZvSHmujUCzixHhdggUYAALYp8/getUpdates "HTTP/1.1 200 OK"
2026-02-23 01:29:57,166 [INFO] HTTP Request: POST https://api.telegram.org/bot7537529456:AAEm8FIuTXZvSHmujUCzixHhdggUYAALYp8/getUpdates "HTTP/1.1 200 OK"
2026-02-23 01:30:07,411 [INFO] HTTP Request: POST https://api.telegram.org/bot7537529456:AAEm8FIuTXZvSHmujUCzixHhdggUYAALYp8/getUpdates "HTTP/1.1 200 OK"
2026-02-23 01:30:17,656 [INFO] HTTP Request: POST https://api.telegram.org/bot7537529456:AAEm8FIuTXZvSHmujUCzixHhdggUYAALYp8/getUpdates "HTTP/1.1 200 OK"
2026-02-23 01:30:27,898 [INFO] HTTP Request: POST https://api.telegram.org/bot7537529456:AAEm8FIuTXZvSHmujUCzixHhdggUYAALYp8/getUpdates "HTTP/1.1 200 OK"
2026-02-23 01:30:38,679 [INFO] HTTP Request: POST https://api.telegram.org/bot7537529456:AAEm8FIuTXZvSHmujUCzixHhdggUYAALYp8/getUpdates "HTTP/1.1 200 OK"
2026-02-23 01:30:48,929 [INFO] HTTP Request: POST https://api.telegram.org/bot7537529456:AAEm8FIuTXZvSHmujUCzixHhdggUYAALYp8/getUpdates "HTTP/1.1 200 OK"
2026-02-23 01:30:59,178 [INFO] HTTP Request: POST https://api.telegram.org/bot7537529456:AAEm8FIuTXZvSHmujUCzixHhdggUYAALYp8/getUpdates "HTTP/1.1 200 OK"
2026-02-23 01:31:09,427 [INFO] HTTP Request: POST https://api.telegram.org/bot7537529456:AAEm8FIuTXZvSHmujUCzixHhdggUYAALYp8/getUpdates "HTTP/1.1 200 OK"
2026-02-23 01:31:19,677 [INFO] HTTP Request: POST https://api.telegram.org/bot7537529456:AAEm8FIuTXZvSHmujUCzixHhdggUYAALYp8/getUpdates "HTTP/1.1 200 OK"
2026-02-23 01:31:29,927 [INFO] HTTP Request: POST https://api.telegram.org/bot7537529456:AAEm8FIuTXZvSHmujUCzixHhdggUYAALYp8/getUpdates "HTTP/1.1 200 OK"
2026-02-23 01:31:40,175 [INFO] HTTP Request: POST https://api.telegram.org/bot7537529456:AAEm8FIuTXZvSHmujUCzixHhdggUYAALYp8/getUpdates "HTTP/1.1 200 OK"
2026-02-23 01:31:50,426 [INFO] HTTP Request: POST https://api.telegram.org/bot7537529456:AAEm8FIuTXZvSHmujUCzixHhdggUYAALYp8/getUpdates "HTTP/1.1 200 OK"
2026-02-23 01:32:00,684 [INFO] HTTP Request: POST https://api.telegram.org/bot7537529456:AAEm8FIuTXZvSHmujUCzixHhdggUYAALYp8/getUpdates "HTTP/1.1 200 OK"
2026-02-23 01:32:10,933 [INFO] HTTP Request: POST https://api.telegram.org/bot7537529456:AAEm8FIuTXZvSHmujUCzixHhdggUYAALYp8/getUpdates "HTTP/1.1 200 OK"
2026-02-23 01:32:21,181 [INFO] HTTP Request: POST https://api.telegram.org/bot7537529456:AAEm8FIuTXZvSHmujUCzixHhdggUYAALYp8/getUpdates "HTTP/1.1 200 OK"
2026-02-23 01:32:31,431 [INFO] HTTP Request: POST https://api.telegram.org/bot7537529456:AAEm8FIuTXZvSHmujUCzixHhdggUYAALYp8/getUpdates "HTTP/1.1 200 OK"
2026-02-23 01:32:41,681 [INFO] HTTP Request: POST https://api.telegram.org/bot7537529456:AAEm8FIuTXZvSHmujUCzixHhdggUYAALYp8/getUpdates "HTTP/1.1 200 OK"
2026-02-23 01:32:51,932 [INFO] HTTP Request: POST https://api.telegram.org/bot7537529456:AAEm8FIuTXZvSHmujUCzixHhdggUYAALYp8/getUpdates "HTTP/1.1 200 OK"
2026-02-23 01:33:02,181 [INFO] HTTP Request: POST https://api.telegram.org/bot7537529456:AAEm8FIuTXZvSHmujUCzixHhdggUYAALYp8/getUpdates "HTTP/1.1 200 OK"
2026-02-23 01:33:12,431 [INFO] HTTP Request: POST https://api.telegram.org/bot7537529456:AAEm8FIuTXZvSHmujUCzixHhdggUYAALYp8/getUpdates "HTTP/1.1 200 OK"
2026-02-23 01:33:22,680 [INFO] HTTP Request: POST https://api.telegram.org/bot7537529456:AAEm8FIuTXZvSHmujUCzixHhdggUYAALYp8/getUpdates "HTTP/1.1 200 OK"
2026-02-23 01:33:32,939 [INFO] HTTP Request: POST https://api.telegram.org/bot7537529456:AAEm8FIuTXZvSHmujUCzixHhdggUYAALYp8/getUpdates "HTTP/1.1 200 OK"
2026-02-23 01:33:43,189 [INFO] HTTP Request: POST https://api.telegram.org/bot7537529456:AAEm8FIuTXZvSHmujUCzixHhdggUYAALYp8/getUpdates "HTTP/1.1 200 OK"
2026-02-23 01:33:53,439 [INFO] HTTP Request: POST https://api.telegram.org/bot7537529456:AAEm8FIuTXZvSHmujUCzixHhdggUYAALYp8/getUpdates "HTTP/1.1 200 OK"
2026-02-23 01:34:03,687 [INFO] HTTP Request: POST https://api.telegram.org/bot7537529456:AAEm8FIuTXZvSHmujUCzixHhdggUYAALYp8/getUpdates "HTTP/1.1 200 OK"
2026-02-23 01:34:13,934 [INFO] HTTP Request: POST https://api.telegram.org/bot7537529456:AAEm8FIuTXZvSHmujUCzixHhdggUYAALYp8/getUpdates "HTTP/1.1 200 OK"
2026-02-23 01:34:24,191 [INFO] HTTP Request: POST https://api.telegram.org/bot7537529456:AAEm8FIuTXZvSHmujUCzixHhdggUYAALYp8/getUpdates "HTTP/1.1 200 OK"
2026-02-23 01:34:34,438 [INFO] HTTP Request: POST https://api.telegram.org/bot7537529456:AAEm8FIuTXZvSHmujUCzixHhdggUYAALYp8/getUpdates "HTTP/1.1 200 OK"
2026-02-23 01:34:44,706 [INFO] HTTP Request: POST https://api.telegram.org/bot7537529456:AAEm8FIuTXZvSHmujUCzixHhdggUYAALYp8/getUpdates "HTTP/1.1 200 OK"
2026-02-23 01:34:54,965 [INFO] HTTP Request: POST https://api.telegram.org/bot7537529456:AAEm8FIuTXZvSHmujUCzixHhdggUYAALYp8/getUpdates "HTTP/1.1 200 OK"
2026-02-23 01:35:05,222 [INFO] HTTP Request: POST https://api.telegram.org/bot7537529456:AAEm8FIuTXZvSHmujUCzixHhdggUYAALYp8/getUpdates "HTTP/1.1 200 OK"
2026-02-23 01:35:15,472 [INFO] HTTP Request: POST https://api.telegram.org/bot7537529456:AAEm8FIuTXZvSHmujUCzixHhdggUYAALYp8/getUpdates "HTTP/1.1 200 OK"
2026-02-23 01:35:25,740 [INFO] HTTP Request: POST https://api.telegram.org/bot7537529456:AAEm8FIuTXZvSHmujUCzixHhdggUYAALYp8/getUpdates "HTTP/1.1 200 OK"
2026-02-23 01:35:35,992 [INFO] HTTP Request: POST https://api.telegram.org/bot7537529456:AAEm8FIuTXZvSHmujUCzixHhdggUYAALYp8/getUpdates "HTTP/1.1 200 OK"
2026-02-23 01:35:46,241 [INFO] HTTP Request: POST https://api.telegram.org/bot7537529456:AAEm8FIuTXZvSHmujUCzixHhdggUYAALYp8/getUpdates "HTTP/1.1 200 OK"
2026-02-23 01:35:56,489 [INFO] HTTP Request: POST https://api.telegram.org/bot7537529456:AAEm8FIuTXZvSHmujUCzixHhdggUYAALYp8/getUpdates "HTTP/1.1 200 OK"
2026-02-23 01:36:06,740 [INFO] HTTP Request: POST https://api.telegram.org/bot7537529456:AAEm8FIuTXZvSHmujUCzixHhdggUYAALYp8/getUpdates "HTTP/1.1 200 OK"
2026-02-23 01:36:17,006 [INFO] HTTP Request: POST https://api.telegram.org/bot7537529456:AAEm8FIuTXZvSHmujUCzixHhdggUYAALYp8/getUpdates "HTTP/1.1 200 OK"
2026-02-23 01:36:27,258 [INFO] HTTP Request: POST https://api.telegram.org/bot7537529456:AAEm8FIuTXZvSHmujUCzixHhdggUYAALYp8/getUpdates "HTTP/1.1 200 OK"
2026-02-23 01:36:37,505 [INFO] HTTP Request: POST https://api.telegram.org/bot7537529456:AAEm8FIuTXZvSHmujUCzixHhdggUYAALYp8/getUpdates "HTTP/1.1 200 OK"
2026-02-23 01:36:47,755 [INFO] HTTP Request: POST https://api.telegram.org/bot7537529456:AAEm8FIuTXZvSHmujUCzixHhdggUYAALYp8/getUpdates "HTTP/1.1 200 OK"
2026-02-23 01:36:58,006 [INFO] HTTP Request: POST https://api.telegram.org/bot7537529456:AAEm8FIuTXZvSHmujUCzixHhdggUYAALYp8/getUpdates "HTTP/1.1 200 OK"
2026-02-23 01:37:08,256 [INFO] HTTP Request: POST https://api.telegram.org/bot7537529456:AAEm8FIuTXZvSHmujUCzixHhdggUYAALYp8/getUpdates "HTTP/1.1 200 OK"
2026-02-23 01:37:18,505 [INFO] HTTP Request: POST https://api.telegram.org/bot7537529456:AAEm8FIuTXZvSHmujUCzixHhdggUYAALYp8/getUpdates "HTTP/1.1 200 OK"
2026-02-23 01:37:28,754 [INFO] HTTP Request: POST https://api.telegram.org/bot7537529456:AAEm8FIuTXZvSHmujUCzixHhdggUYAALYp8/getUpdates "HTTP/1.1 200 OK"
2026-02-23 01:37:39,002 [INFO] HTTP Request: POST https://api.telegram.org/bot7537529456:AAEm8FIuTXZvSHmujUCzixHhdggUYAALYp8/getUpdates "HTTP/1.1 200 OK"
2026-02-23 01:37:49,252 [INFO] HTTP Request: POST https://api.telegram.org/bot7537529456:AAEm8FIuTXZvSHmujUCzixHhdggUYAALYp8/getUpdates "HTTP/1.1 200 OK"
2026-02-23 01:37:59,503 [INFO] HTTP Request: POST https://api.telegram.org/bot7537529456:AAEm8FIuTXZvSHmujUCzixHhdggUYAALYp8/getUpdates "HTTP/1.1 200 OK"
2026-02-23 01:38:09,759 [INFO] HTTP Request: POST https://api.telegram.org/bot7537529456:AAEm8FIuTXZvSHmujUCzixHhdggUYAALYp8/getUpdates "HTTP/1.1 200 OK"
2026-02-23 01:38:20,008 [INFO] HTTP Request: POST https://api.telegram.org/bot7537529456:AAEm8FIuTXZvSHmujUCzixHhdggUYAALYp8/getUpdates "HTTP/1.1 200 OK"
2026-02-23 01:38:30,256 [INFO] HTTP Request: POST https://api.telegram.org/bot7537529456:AAEm8FIuTXZvSHmujUCzixHhdggUYAALYp8/getUpdates "HTTP/1.1 200 OK"
2026-02-23 01:38:40,509 [INFO] HTTP Request: POST https://api.telegram.org/bot7537529456:AAEm8FIuTXZvSHmujUCzixHhdggUYAALYp8/getUpdates "HTTP/1.1 200 OK"
2026-02-23 01:38:50,759 [INFO] HTTP Request: POST https://api.telegram.org/bot7537529456:AAEm8FIuTXZvSHmujUCzixHhdggUYAALYp8/getUpdates "HTTP/1.1 200 OK"
2026-02-23 01:39:01,017 [INFO] HTTP Request: POST https://api.telegram.org/bot7537529456:AAEm8FIuTXZvSHmujUCzixHhdggUYAALYp8/getUpdates "HTTP/1.1 200 OK"
2026-02-23 01:39:11,265 [INFO] HTTP Request: POST https://api.telegram.org/bot7537529456:AAEm8FIuTXZvSHmujUCzixHhdggUYAALYp8/getUpdates "HTTP/1.1 200 OK"
2026-02-23 01:39:21,523 [INFO] HTTP Request: POST https://api.telegram.org/bot7537529456:AAEm8FIuTXZvSHmujUCzixHhdggUYAALYp8/getUpdates "HTTP/1.1 200 OK"
2026-02-23 01:39:31,774 [INFO] HTTP Request: POST https://api.telegram.org/bot7537529456:AAEm8FIuTXZvSHmujUCzixHhdggUYAALYp8/getUpdates "HTTP/1.1 200 OK"
2026-02-23 01:39:42,033 [INFO] HTTP Request: POST https://api.telegram.org/bot7537529456:AAEm8FIuTXZvSHmujUCzixHhdggUYAALYp8/getUpdates "HTTP/1.1 200 OK"
2026-02-23 01:39:52,283 [INFO] HTTP Request: POST https://api.telegram.org/bot7537529456:AAEm8FIuTXZvSHmujUCzixHhdggUYAALYp8/getUpdates "HTTP/1.1 200 OK"
2026-02-23 01:40:02,533 [INFO] HTTP Request: POST https://api.telegram.org/bot7537529456:AAEm8FIuTXZvSHmujUCzixHhdggUYAALYp8/getUpdates "HTTP/1.1 200 OK"
2026-02-23 01:40:12,783 [INFO] HTTP Request: POST https://api.telegram.org/bot7537529456:AAEm8FIuTXZvSHmujUCzixHhdggUYAALYp8/getUpdates "HTTP/1.1 200 OK"
2026-02-23 01:40:23,030 [INFO] HTTP Request: POST https://api.telegram.org/bot7537529456:AAEm8FIuTXZvSHmujUCzixHhdggUYAALYp8/getUpdates "HTTP/1.1 200 OK"
2026-02-23 01:40:33,279 [INFO] HTTP Request: POST https://api.telegram.org/bot7537529456:AAEm8FIuTXZvSHmujUCzixHhdggUYAALYp8/getUpdates "HTTP/1.1 200 OK"
2026-02-23 01:40:43,537 [INFO] HTTP Request: POST https://api.telegram.org/bot7537529456:AAEm8FIuTXZvSHmujUCzixHhdggUYAALYp8/getUpdates "HTTP/1.1 200 OK"
2026-02-23 01:40:53,796 [INFO] HTTP Request: POST https://api.telegram.org/bot7537529456:AAEm8FIuTXZvSHmujUCzixHhdggUYAALYp8/getUpdates "HTTP/1.1 200 OK"
2026-02-23 01:41:05,745 [INFO] HTTP Request: POST https://api.telegram.org/bot7537529456:AAEm8FIuTXZvSHmujUCzixHhdggUYAALYp8/getUpdates "HTTP/1.1 200 OK"
2026-02-23 01:41:15,995 [INFO] HTTP Request: POST https://api.telegram.org/bot7537529456:AAEm8FIuTXZvSHmujUCzixHhdggUYAALYp8/getUpdates "HTTP/1.1 200 OK"
2026-02-23 01:41:26,245 [INFO] HTTP Request: POST https://api.telegram.org/bot7537529456:AAEm8FIuTXZvSHmujUCzixHhdggUYAALYp8/getUpdates "HTTP/1.1 200 OK"
2026-02-23 01:41:36,496 [INFO] HTTP Request: POST https://api.telegram.org/bot7537529456:AAEm8FIuTXZvSHmujUCzixHhdggUYAALYp8/getUpdates "HTTP/1.1 200 OK"
2026-02-23 01:41:46,746 [INFO] HTTP Request: POST https://api.telegram.org/bot7537529456:AAEm8FIuTXZvSHmujUCzixHhdggUYAALYp8/getUpdates "HTTP/1.1 200 OK"
2026-02-23 01:41:56,999 [INFO] HTTP Request: POST https://api.telegram.org/bot7537529456:AAEm8FIuTXZvSHmujUCzixHhdggUYAALYp8/getUpdates "HTTP/1.1 200 OK"
2026-02-23 01:42:07,252 [INFO] HTTP Request: POST https://api.telegram.org/bot7537529456:AAEm8FIuTXZvSHmujUCzixHhdggUYAALYp8/getUpdates "HTTP/1.1 200 OK"
2026-02-23 01:42:17,499 [INFO] HTTP Request: POST https://api.telegram.org/bot7537529456:AAEm8FIuTXZvSHmujUCzixHhdggUYAALYp8/getUpdates "HTTP/1.1 200 OK"
2026-02-23 01:42:27,752 [INFO] HTTP Request: POST https://api.telegram.org/bot7537529456:AAEm8FIuTXZvSHmujUCzixHhdggUYAALYp8/getUpdates "HTTP/1.1 200 OK"
2026-02-23 01:42:37,999 [INFO] HTTP Request: POST https://api.telegram.org/bot7537529456:AAEm8FIuTXZvSHmujUCzixHhdggUYAALYp8/getUpdates "HTTP/1.1 200 OK"
2026-02-23 01:42:48,248 [INFO] HTTP Request: POST https://api.telegram.org/bot7537529456:AAEm8FIuTXZvSHmujUCzixHhdggUYAALYp8/getUpdates "HTTP/1.1 200 OK"
2026-02-23 01:42:58,511 [INFO] HTTP Request: POST https://api.telegram.org/bot7537529456:AAEm8FIuTXZvSHmujUCzixHhdggUYAALYp8/getUpdates "HTTP/1.1 200 OK"
2026-02-23 01:43:08,864 [INFO] HTTP Request: POST https://api.telegram.org/bot7537529456:AAEm8FIuTXZvSHmujUCzixHhdggUYAALYp8/getUpdates "HTTP/1.1 200 OK"
2026-02-23 01:43:19,121 [INFO] HTTP Request: POST https://api.telegram.org/bot7537529456:AAEm8FIuTXZvSHmujUCzixHhdggUYAALYp8/getUpdates "HTTP/1.1 200 OK"
2026-02-23 01:43:29,369 [INFO] HTTP Request: POST https://api.telegram.org/bot7537529456:AAEm8FIuTXZvSHmujUCzixHhdggUYAALYp8/getUpdates "HTTP/1.1 200 OK"
2026-02-23 01:43:39,622 [INFO] HTTP Request: POST https://api.telegram.org/bot7537529456:AAEm8FIuTXZvSHmujUCzixHhdggUYAALYp8/getUpdates "HTTP/1.1 200 OK"
2026-02-23 01:43:49,872 [INFO] HTTP Request: POST https://api.telegram.org/bot7537529456:AAEm8FIuTXZvSHmujUCzixHhdggUYAALYp8/getUpdates "HTTP/1.1 200 OK"
2026-02-23 01:44:00,121 [INFO] HTTP Request: POST https://api.telegram.org/bot7537529456:AAEm8FIuTXZvSHmujUCzixHhdggUYAALYp8/getUpdates "HTTP/1.1 200 OK"
2026-02-23 01:44:10,370 [INFO] HTTP Request: POST https://api.telegram.org/bot7537529456:AAEm8FIuTXZvSHmujUCzixHhdggUYAALYp8/getUpdates "HTTP/1.1 200 OK"
2026-02-23 01:44:20,619 [INFO] HTTP Request: POST https://api.telegram.org/bot7537529456:AAEm8FIuTXZvSHmujUCzixHhdggUYAALYp8/getUpdates "HTTP/1.1 200 OK"
2026-02-23 01:44:30,869 [INFO] HTTP Request: POST https://api.telegram.org/bot7537529456:AAEm8FIuTXZvSHmujUCzixHhdggUYAALYp8/getUpdates "HTTP/1.1 200 OK"
2026-02-23 01:44:41,119 [INFO] HTTP Request: POST https://api.telegram.org/bot7537529456:AAEm8FIuTXZvSHmujUCzixHhdggUYAALYp8/getUpdates "HTTP/1.1 200 OK"
2026-02-23 01:44:51,370 [INFO] HTTP Request: POST https://api.telegram.org/bot7537529456:AAEm8FIuTXZvSHmujUCzixHhdggUYAALYp8/getUpdates "HTTP/1.1 200 OK"
2026-02-23 01:45:01,637 [INFO] HTTP Request: POST https://api.telegram.org/bot7537529456:AAEm8FIuTXZvSHmujUCzixHhdggUYAALYp8/getUpdates "HTTP/1.1 200 OK"
2026-02-23 01:45:11,889 [INFO] HTTP Request: POST https://api.telegram.org/bot7537529456:AAEm8FIuTXZvSHmujUCzixHhdggUYAALYp8/getUpdates "HTTP/1.1 200 OK"
2026-02-23 01:45:22,136 [INFO] HTTP Request: POST https://api.telegram.org/bot7537529456:AAEm8FIuTXZvSHmujUCzixHhdggUYAALYp8/getUpdates "HTTP/1.1 200 OK"
2026-02-23 01:45:32,386 [INFO] HTTP Request: POST https://api.telegram.org/bot7537529456:AAEm8FIuTXZvSHmujUCzixHhdggUYAALYp8/getUpdates "HTTP/1.1 200 OK"
2026-02-23 01:45:42,650 [INFO] HTTP Request: POST https://api.telegram.org/bot7537529456:AAEm8FIuTXZvSHmujUCzixHhdggUYAALYp8/getUpdates "HTTP/1.1 200 OK"
2026-02-23 01:45:52,898 [INFO] HTTP Request: POST https://api.telegram.org/bot7537529456:AAEm8FIuTXZvSHmujUCzixHhdggUYAALYp8/getUpdates "HTTP/1.1 200 OK"
2026-02-23 01:46:03,147 [INFO] HTTP Request: POST https://api.telegram.org/bot7537529456:AAEm8FIuTXZvSHmujUCzixHhdggUYAALYp8/getUpdates "HTTP/1.1 200 OK"
2026-02-23 01:46:13,396 [INFO] HTTP Request: POST https://api.telegram.org/bot7537529456:AAEm8FIuTXZvSHmujUCzixHhdggUYAALYp8/getUpdates "HTTP/1.1 200 OK"
2026-02-23 01:46:23,662 [INFO] HTTP Request: POST https://api.telegram.org/bot7537529456:AAEm8FIuTXZvSHmujUCzixHhdggUYAALYp8/getUpdates "HTTP/1.1 200 OK"
2026-02-23 01:46:33,912 [INFO] HTTP Request: POST https://api.telegram.org/bot7537529456:AAEm8FIuTXZvSHmujUCzixHhdggUYAALYp8/getUpdates "HTTP/1.1 200 OK"
2026-02-23 01:46:44,163 [INFO] HTTP Request: POST https://api.telegram.org/bot7537529456:AAEm8FIuTXZvSHmujUCzixHhdggUYAALYp8/getUpdates "HTTP/1.1 200 OK"
2026-02-23 01:46:54,414 [INFO] HTTP Request: POST https://api.telegram.org/bot7537529456:AAEm8FIuTXZvSHmujUCzixHhdggUYAALYp8/getUpdates "HTTP/1.1 200 OK"
2026-02-23 01:47:04,662 [INFO] HTTP Request: POST https://api.telegram.org/bot7537529456:AAEm8FIuTXZvSHmujUCzixHhdggUYAALYp8/getUpdates "HTTP/1.1 200 OK"
2026-02-23 01:47:14,912 [INFO] HTTP Request: POST https://api.telegram.org/bot7537529456:AAEm8FIuTXZvSHmujUCzixHhdggUYAALYp8/getUpdates "HTTP/1.1 200 OK"
2026-02-23 01:47:25,161 [INFO] HTTP Request: POST https://api.telegram.org/bot7537529456:AAEm8FIuTXZvSHmujUCzixHhdggUYAALYp8/getUpdates "HTTP/1.1 200 OK"
2026-02-23 01:47:35,410 [INFO] HTTP Request: POST https://api.telegram.org/bot7537529456:AAEm8FIuTXZvSHmujUCzixHhdggUYAALYp8/getUpdates "HTTP/1.1 200 OK"
2026-02-23 01:47:46,182 [INFO] HTTP Request: POST https://api.telegram.org/bot7537529456:AAEm8FIuTXZvSHmujUCzixHhdggUYAALYp8/getUpdates "HTTP/1.1 200 OK"
2026-02-23 01:47:56,424 [INFO] HTTP Request: POST https://api.telegram.org/bot7537529456:AAEm8FIuTXZvSHmujUCzixHhdggUYAALYp8/getUpdates "HTTP/1.1 200 OK"
2026-02-23 01:48:06,666 [INFO] HTTP Request: POST https://api.telegram.org/bot7537529456:AAEm8FIuTXZvSHmujUCzixHhdggUYAALYp8/getUpdates "HTTP/1.1 200 OK"
2026-02-23 01:48:16,913 [INFO] HTTP Request: POST https://api.telegram.org/bot7537529456:AAEm8FIuTXZvSHmujUCzixHhdggUYAALYp8/getUpdates "HTTP/1.1 200 OK"
2026-02-23 01:48:27,152 [INFO] HTTP Request: POST https://api.telegram.org/bot7537529456:AAEm8FIuTXZvSHmujUCzixHhdggUYAALYp8/getUpdates "HTTP/1.1 200 OK"
2026-02-23 01:48:37,392 [INFO] HTTP Request: POST https://api.telegram.org/bot7537529456:AAEm8FIuTXZvSHmujUCzixHhdggUYAALYp8/getUpdates "HTTP/1.1 200 OK"
2026-02-23 01:48:47,632 [INFO] HTTP Request: POST https://api.telegram.org/bot7537529456:AAEm8FIuTXZvSHmujUCzixHhdggUYAALYp8/getUpdates "HTTP/1.1 200 OK"
2026-02-23 01:48:57,871 [INFO] HTTP Request: POST https://api.telegram.org/bot7537529456:AAEm8FIuTXZvSHmujUCzixHhdggUYAALYp8/getUpdates "HTTP/1.1 200 OK"
2026-02-23 01:49:08,115 [INFO] HTTP Request: POST https://api.telegram.org/bot7537529456:AAEm8FIuTXZvSHmujUCzixHhdggUYAALYp8/getUpdates "HTTP/1.1 200 OK"
2026-02-23 01:49:18,356 [INFO] HTTP Request: POST https://api.telegram.org/bot7537529456:AAEm8FIuTXZvSHmujUCzixHhdggUYAALYp8/getUpdates "HTTP/1.1 200 OK"
2026-02-23 01:49:23,236 [INFO] HTTP Request: POST https://api.telegram.org/bot7537529456:AAEm8FIuTXZvSHmujUCzixHhdggUYAALYp8/getUpdates "HTTP/1.1 200 OK"
2026-02-23 01:49:24,214 [INFO] HTTP Request: POST https://api.telegram.org/bot7537529456:AAEm8FIuTXZvSHmujUCzixHhdggUYAALYp8/sendMessage "HTTP/1.1 200 OK"
2026-02-23 01:49:24,640 [INFO] HTTP Request: POST https://api.telegram.org/bot7537529456:AAEm8FIuTXZvSHmujUCzixHhdggUYAALYp8/copyMessage "HTTP/1.1 200 OK"
2026-02-23 01:49:25,100 [INFO] HTTP Request: POST https://api.telegram.org/bot7537529456:AAEm8FIuTXZvSHmujUCzixHhdggUYAALYp8/sendPhoto "HTTP/1.1 200 OK"
2026-02-23 01:49:26,694 [INFO] HTTP Request: POST https://api.telegram.org/bot7537529456:AAEm8FIuTXZvSHmujUCzixHhdggUYAALYp8/getUpdates "HTTP/1.1 200 OK"
2026-02-23 01:49:27,118 [INFO] HTTP Request: POST https://api.telegram.org/bot7537529456:AAEm8FIuTXZvSHmujUCzixHhdggUYAALYp8/answerCallbackQuery "HTTP/1.1 200 OK"
2026-02-23 01:49:27,535 [INFO] HTTP Request: POST https://api.telegram.org/bot7537529456:AAEm8FIuTXZvSHmujUCzixHhdggUYAALYp8/editMessageReplyMarkup "HTTP/1.1 200 OK"
2026-02-23 01:49:28,421 [INFO] HTTP Request: POST https://api.telegram.org/bot7537529456:AAEm8FIuTXZvSHmujUCzixHhdggUYAALYp8/getUpdates "HTTP/1.1 200 OK"
2026-02-23 01:49:28,823 [INFO] HTTP Request: POST https://api.telegram.org/bot7537529456:AAEm8FIuTXZvSHmujUCzixHhdggUYAALYp8/answerCallbackQuery "HTTP/1.1 200 OK"
2026-02-23 01:49:29,218 [INFO] HTTP Request: POST https://api.telegram.org/bot7537529456:AAEm8FIuTXZvSHmujUCzixHhdggUYAALYp8/answerCallbackQuery "HTTP/1.1 200 OK"
2026-02-23 01:49:30,308 [INFO] HTTP Request: GET https://apis.prexzyvilla.site/random/profilepics "HTTP/1.1 200 OK"
2026-02-23 01:49:30,569 [INFO] HTTP Request: POST https://api.telegram.org/bot7537529456:AAEm8FIuTXZvSHmujUCzixHhdggUYAALYp8/getUpdates "HTTP/1.1 200 OK"
2026-02-23 01:49:30,617 [ERROR] Random PFP Error: 'utf-8' codec can't decode byte 0xff in position 0: invalid start byte
2026-02-23 01:49:31,012 [INFO] HTTP Request: POST https://api.telegram.org/bot7537529456:AAEm8FIuTXZvSHmujUCzixHhdggUYAALYp8/answerCallbackQuery "HTTP/1.1 200 OK"
2026-02-23 01:49:31,408 [INFO] HTTP Request: POST https://api.telegram.org/bot7537529456:AAEm8FIuTXZvSHmujUCzixHhdggUYAALYp8/answerCallbackQuery "HTTP/1.1 200 OK"
2026-02-23 01:49:31,732 [INFO] HTTP Request: POST https://api.telegram.org/bot7537529456:AAEm8FIuTXZvSHmujUCzixHhdggUYAALYp8/getUpdates "HTTP/1.1 200 OK"
2026-02-23 01:49:32,464 [INFO] HTTP Request: GET https://apis.prexzyvilla.site/random/profilepics "HTTP/1.1 200 OK"
2026-02-23 01:49:32,774 [ERROR] Random PFP Error: 'utf-8' codec can't decode byte 0xff in position 0: invalid start byte
2026-02-23 01:49:33,176 [INFO] HTTP Request: POST https://api.telegram.org/bot7537529456:AAEm8FIuTXZvSHmujUCzixHhdggUYAALYp8/answerCallbackQuery "HTTP/1.1 200 OK"
2026-02-23 01:49:33,571 [INFO] HTTP Request: POST https://api.telegram.org/bot7537529456:AAEm8FIuTXZvSHmujUCzixHhdggUYAALYp8/answerCallbackQuery "HTTP/1.1 200 OK"
2026-02-23 01:49:33,899 [INFO] HTTP Request: POST https://api.telegram.org/bot7537529456:AAEm8FIuTXZvSHmujUCzixHhdggUYAALYp8/getUpdates "HTTP/1.1 200 OK"
2026-02-23 01:49:35,488 [INFO] HTTP Request: GET https://apis.prexzyvilla.site/random/malaysiagirl "HTTP/1.1 200 OK"
2026-02-23 01:49:35,493 [ERROR] Random Girl Error: 'utf-8' codec can't decode byte 0xff in position 0: invalid start byte
2026-02-23 01:49:35,888 [INFO] HTTP Request: POST https://api.telegram.org/bot7537529456:AAEm8FIuTXZvSHmujUCzixHhdggUYAALYp8/answerCallbackQuery "HTTP/1.1 200 OK"
2026-02-23 01:49:36,300 [INFO] HTTP Request: POST https://api.telegram.org/bot7537529456:AAEm8FIuTXZvSHmujUCzixHhdggUYAALYp8/answerCallbackQuery "HTTP/1.1 200 OK"
2026-02-23 01:49:36,720 [INFO] HTTP Request: POST https://api.telegram.org/bot7537529456:AAEm8FIuTXZvSHmujUCzixHhdggUYAALYp8/editMessageCaption "HTTP/1.1 200 OK"
2026-02-23 01:49:36,729 [INFO] HTTP Request: POST https://api.telegram.org/bot7537529456:AAEm8FIuTXZvSHmujUCzixHhdggUYAALYp8/getUpdates "HTTP/1.1 200 OK"
2026-02-23 01:49:37,140 [INFO] HTTP Request: POST https://api.telegram.org/bot7537529456:AAEm8FIuTXZvSHmujUCzixHhdggUYAALYp8/answerCallbackQuery "HTTP/1.1 200 OK"
2026-02-23 01:49:37,563 [INFO] HTTP Request: POST https://api.telegram.org/bot7537529456:AAEm8FIuTXZvSHmujUCzixHhdggUYAALYp8/editMessageCaption "HTTP/1.1 200 OK"
2026-02-23 01:49:41,969 [INFO] HTTP Request: POST https://api.telegram.org/bot7537529456:AAEm8FIuTXZvSHmujUCzixHhdggUYAALYp8/getUpdates "HTTP/1.1 200 OK"
2026-02-23 01:49:42,391 [INFO] HTTP Request: POST https://api.telegram.org/bot7537529456:AAEm8FIuTXZvSHmujUCzixHhdggUYAALYp8/sendMessage "HTTP/1.1 200 OK"
2026-02-23 01:49:44,620 [INFO] HTTP Request: POST https://api.telegram.org/bot7537529456:AAEm8FIuTXZvSHmujUCzixHhdggUYAALYp8/getUpdates "HTTP/1.1 200 OK"
2026-02-23 01:49:46,575 [INFO] HTTP Request: POST https://api.telegram.org/bot7537529456:AAEm8FIuTXZvSHmujUCzixHhdggUYAALYp8/getUpdates "HTTP/1.1 200 OK"
2026-02-23 01:49:46,994 [INFO] HTTP Request: POST https://api.telegram.org/bot7537529456:AAEm8FIuTXZvSHmujUCzixHhdggUYAALYp8/sendMessage "HTTP/1.1 200 OK"
2026-02-23 01:49:47,418 [INFO] HTTP Request: POST https://api.telegram.org/bot7537529456:AAEm8FIuTXZvSHmujUCzixHhdggUYAALYp8/copyMessage "HTTP/1.1 200 OK"
2026-02-23 01:49:47,857 [INFO] HTTP Request: POST https://api.telegram.org/bot7537529456:AAEm8FIuTXZvSHmujUCzixHhdggUYAALYp8/sendPhoto "HTTP/1.1 200 OK"
2026-02-23 01:49:49,196 [INFO] HTTP Request: POST https://api.telegram.org/bot7537529456:AAEm8FIuTXZvSHmujUCzixHhdggUYAALYp8/getUpdates "HTTP/1.1 200 OK"
2026-02-23 01:49:49,592 [INFO] HTTP Request: POST https://api.telegram.org/bot7537529456:AAEm8FIuTXZvSHmujUCzixHhdggUYAALYp8/answerCallbackQuery "HTTP/1.1 200 OK"
2026-02-23 01:49:50,009 [INFO] HTTP Request: POST https://api.telegram.org/bot7537529456:AAEm8FIuTXZvSHmujUCzixHhdggUYAALYp8/editMessageReplyMarkup "HTTP/1.1 200 OK"
2026-02-23 01:49:52,281 [INFO] HTTP Request: POST https://api.telegram.org/bot7537529456:AAEm8FIuTXZvSHmujUCzixHhdggUYAALYp8/getUpdates "HTTP/1.1 200 OK"
2026-02-23 01:49:52,783 [INFO] HTTP Request: POST https://api.telegram.org/bot7537529456:AAEm8FIuTXZvSHmujUCzixHhdggUYAALYp8/answerCallbackQuery "HTTP/1.1 200 OK"
2026-02-23 01:49:53,197 [INFO] HTTP Request: POST https://api.telegram.org/bot7537529456:AAEm8FIuTXZvSHmujUCzixHhdggUYAALYp8/editMessageCaption "HTTP/1.1 200 OK"
2026-02-23 01:49:54,180 [INFO] HTTP Request: POST https://api.telegram.org/bot7537529456:AAEm8FIuTXZvSHmujUCzixHhdggUYAALYp8/getUpdates "HTTP/1.1 200 OK"
2026-02-23 01:49:54,601 [INFO] HTTP Request: POST https://api.telegram.org/bot7537529456:AAEm8FIuTXZvSHmujUCzixHhdggUYAALYp8/sendMessage "HTTP/1.1 200 OK"
2026-02-23 01:49:55,024 [INFO] HTTP Request: POST https://api.telegram.org/bot7537529456:AAEm8FIuTXZvSHmujUCzixHhdggUYAALYp8/copyMessage "HTTP/1.1 200 OK"
2026-02-23 01:50:00,600 [INFO] HTTP Request: POST https://api.telegram.org/bot7537529456:AAEm8FIuTXZvSHmujUCzixHhdggUYAALYp8/getUpdates "HTTP/1.1 200 OK"
2026-02-23 01:50:01,585 [INFO] HTTP Request: POST https://api.telegram.org/bot7537529456:AAEm8FIuTXZvSHmujUCzixHhdggUYAALYp8/sendMessage "HTTP/1.1 200 OK"
2026-02-23 01:50:04,555 [INFO] HTTP Request: GET https://apis.prexzyvilla.site/search/wallpaper?query=car&page?= "HTTP/1.1 200 OK"
2026-02-23 01:50:04,996 [INFO] HTTP Request: POST https://api.telegram.org/bot7537529456:AAEm8FIuTXZvSHmujUCzixHhdggUYAALYp8/editMessageText "HTTP/1.1 200 OK"
2026-02-23 01:50:10,844 [INFO] HTTP Request: POST https://api.telegram.org/bot7537529456:AAEm8FIuTXZvSHmujUCzixHhdggUYAALYp8/getUpdates "HTTP/1.1 200 OK"
2026-02-23 01:50:21,099 [INFO] HTTP Request: POST https://api.telegram.org/bot7537529456:AAEm8FIuTXZvSHmujUCzixHhdggUYAALYp8/getUpdates "HTTP/1.1 200 OK"
2026-02-23 05:06:49,185 [ERROR] Error while getting Updates: httpx.ConnectError: [Errno 11001] getaddrinfo failed
2026-02-23 05:06:49,273 [ERROR] Exception happened while polling for updates.
Traceback (most recent call last):
  File "C:\Users\shaun\AppData\Local\Packages\PythonSoftwareFoundation.Python.3.12_qbz5n2kfra8p0\LocalCache\local-packages\Python312\site-packages\httpcore\_exceptions.py", line 10, in map_exceptions
    yield
  File "C:\Users\shaun\AppData\Local\Packages\PythonSoftwareFoundation.Python.3.12_qbz5n2kfra8p0\LocalCache\local-packages\Python312\site-packages\httpcore\_backends\anyio.py", line 114, in connect_tcp
    stream: anyio.abc.ByteStream = await anyio.connect_tcp(
                                   ^^^^^^^^^^^^^^^^^^^^^^^^
  File "C:\Users\shaun\AppData\Local\Packages\PythonSoftwareFoundation.Python.3.12_qbz5n2kfra8p0\LocalCache\local-packages\Python312\site-packages\anyio\_core\_sockets.py", line 215, in connect_tcp
    gai_res = await getaddrinfo(
              ^^^^^^^^^^^^^^^^^^
  File "C:\Users\shaun\AppData\Local\Packages\PythonSoftwareFoundation.Python.3.12_qbz5n2kfra8p0\LocalCache\local-packages\Python312\site-packages\anyio\_core\_sockets.py", line 649, in getaddrinfo
    gai_res = await get_async_backend().getaddrinfo(
              ^^^^^^^^^^^^^^^^^^^^^^^^^^^^^^^^^^^^^^
  File "C:\Users\shaun\AppData\Local\Packages\PythonSoftwareFoundation.Python.3.12_qbz5n2kfra8p0\LocalCache\local-packages\Python312\site-packages\anyio\_backends\_asyncio.py", line 2732, in getaddrinfo
    return await get_running_loop().getaddrinfo(
           ^^^^^^^^^^^^^^^^^^^^^^^^^^^^^^^^^^^^^
  File "C:\Program Files\WindowsApps\PythonSoftwareFoundation.Python.3.12_3.12.2800.0_x64__qbz5n2kfra8p0\Lib\asyncio\base_events.py", line 905, in getaddrinfo
    return await self.run_in_executor(
           ^^^^^^^^^^^^^^^^^^^^^^^^^^^
  File "C:\Program Files\WindowsApps\PythonSoftwareFoundation.Python.3.12_3.12.2800.0_x64__qbz5n2kfra8p0\Lib\concurrent\futures\thread.py", line 59, in run
    result = self.fn(*self.args, **self.kwargs)
             ^^^^^^^^^^^^^^^^^^^^^^^^^^^^^^^^^^
  File "C:\Program Files\WindowsApps\PythonSoftwareFoundation.Python.3.12_3.12.2800.0_x64__qbz5n2kfra8p0\Lib\socket.py", line 978, in getaddrinfo
    for res in _socket.getaddrinfo(host, port, family, type, proto, flags):
               ^^^^^^^^^^^^^^^^^^^^^^^^^^^^^^^^^^^^^^^^^^^^^^^^^^^^^^^^^^^
socket.gaierror: [Errno 11001] getaddrinfo failed

The above exception was the direct cause of the following exception:

Traceback (most recent call last):
  File "C:\Users\shaun\AppData\Local\Packages\PythonSoftwareFoundation.Python.3.12_qbz5n2kfra8p0\LocalCache\local-packages\Python312\site-packages\httpx\_transports\default.py", line 60, in map_httpcore_exceptions
    yield
  File "C:\Users\shaun\AppData\Local\Packages\PythonSoftwareFoundation.Python.3.12_qbz5n2kfra8p0\LocalCache\local-packages\Python312\site-packages\httpx\_transports\default.py", line 353, in handle_async_request
    resp = await self._pool.handle_async_request(req)
           ^^^^^^^^^^^^^^^^^^^^^^^^^^^^^^^^^^^^^^^^^^
  File "C:\Users\shaun\AppData\Local\Packages\PythonSoftwareFoundation.Python.3.12_qbz5n2kfra8p0\LocalCache\local-packages\Python312\site-packages\httpcore\_async\connection_pool.py", line 262, in handle_async_request
    raise exc
  File "C:\Users\shaun\AppData\Local\Packages\PythonSoftwareFoundation.Python.3.12_qbz5n2kfra8p0\LocalCache\local-packages\Python312\site-packages\httpcore\_async\connection_pool.py", line 245, in handle_async_request
    response = await connection.handle_async_request(request)
               ^^^^^^^^^^^^^^^^^^^^^^^^^^^^^^^^^^^^^^^^^^^^^^
  File "C:\Users\shaun\AppData\Local\Packages\PythonSoftwareFoundation.Python.3.12_qbz5n2kfra8p0\LocalCache\local-packages\Python312\site-packages\httpcore\_async\connection.py", line 92, in handle_async_request
    raise exc
  File "C:\Users\shaun\AppData\Local\Packages\PythonSoftwareFoundation.Python.3.12_qbz5n2kfra8p0\LocalCache\local-packages\Python312\site-packages\httpcore\_async\connection.py", line 69, in handle_async_request
    stream = await self._connect(request)
             ^^^^^^^^^^^^^^^^^^^^^^^^^^^^
  File "C:\Users\shaun\AppData\Local\Packages\PythonSoftwareFoundation.Python.3.12_qbz5n2kfra8p0\LocalCache\local-packages\Python312\site-packages\httpcore\_async\connection.py", line 117, in _connect
    stream = await self._network_backend.connect_tcp(**kwargs)
             ^^^^^^^^^^^^^^^^^^^^^^^^^^^^^^^^^^^^^^^^^^^^^^^^^
  File "C:\Users\shaun\AppData\Local\Packages\PythonSoftwareFoundation.Python.3.12_qbz5n2kfra8p0\LocalCache\local-packages\Python312\site-packages\httpcore\_backends\auto.py", line 31, in connect_tcp
    return await self._backend.connect_tcp(
           ^^^^^^^^^^^^^^^^^^^^^^^^^^^^^^^^
  File "C:\Users\shaun\AppData\Local\Packages\PythonSoftwareFoundation.Python.3.12_qbz5n2kfra8p0\LocalCache\local-packages\Python312\site-packages\httpcore\_backends\anyio.py", line 112, in connect_tcp
    with map_exceptions(exc_map):
         ^^^^^^^^^^^^^^^^^^^^^^^
  File "C:\Program Files\WindowsApps\PythonSoftwareFoundation.Python.3.12_3.12.2800.0_x64__qbz5n2kfra8p0\Lib\contextlib.py", line 158, in __exit__
    self.gen.throw(value)
  File "C:\Users\shaun\AppData\Local\Packages\PythonSoftwareFoundation.Python.3.12_qbz5n2kfra8p0\LocalCache\local-packages\Python312\site-packages\httpcore\_exceptions.py", line 14, in map_exceptions
    raise to_exc(exc) from exc
httpcore.ConnectError: [Errno 11001] getaddrinfo failed

The above exception was the direct cause of the following exception:

Traceback (most recent call last):
  File "C:\Users\shaun\AppData\Local\Packages\PythonSoftwareFoundation.Python.3.12_qbz5n2kfra8p0\LocalCache\local-packages\Python312\site-packages\telegram\request\_httpxrequest.py", line 216, in do_request
    res = await self._client.request(
          ^^^^^^^^^^^^^^^^^^^^^^^^^^^
  File "C:\Users\shaun\AppData\Local\Packages\PythonSoftwareFoundation.Python.3.12_qbz5n2kfra8p0\LocalCache\local-packages\Python312\site-packages\httpx\_client.py", line 1530, in request
    return await self.send(request, auth=auth, follow_redirects=follow_redirects)
           ^^^^^^^^^^^^^^^^^^^^^^^^^^^^^^^^^^^^^^^^^^^^^^^^^^^^^^^^^^^^^^^^^^^^^^
  File "C:\Users\shaun\AppData\Local\Packages\PythonSoftwareFoundation.Python.3.12_qbz5n2kfra8p0\LocalCache\local-packages\Python312\site-packages\httpx\_client.py", line 1617, in send
    response = await self._send_handling_auth(
               ^^^^^^^^^^^^^^^^^^^^^^^^^^^^^^^
  File "C:\Users\shaun\AppData\Local\Packages\PythonSoftwareFoundation.Python.3.12_qbz5n2kfra8p0\LocalCache\local-packages\Python312\site-packages\httpx\_client.py", line 1645, in _send_handling_auth
    response = await self._send_handling_redirects(
               ^^^^^^^^^^^^^^^^^^^^^^^^^^^^^^^^^^^^
  File "C:\Users\shaun\AppData\Local\Packages\PythonSoftwareFoundation.Python.3.12_qbz5n2kfra8p0\LocalCache\local-packages\Python312\site-packages\httpx\_client.py", line 1682, in _send_handling_redirects
    response = await self._send_single_request(request)
               ^^^^^^^^^^^^^^^^^^^^^^^^^^^^^^^^^^^^^^^^
  File "C:\Users\shaun\AppData\Local\Packages\PythonSoftwareFoundation.Python.3.12_qbz5n2kfra8p0\LocalCache\local-packages\Python312\site-packages\httpx\_client.py", line 1719, in _send_single_request
    response = await transport.handle_async_request(request)
               ^^^^^^^^^^^^^^^^^^^^^^^^^^^^^^^^^^^^^^^^^^^^^
  File "C:\Users\shaun\AppData\Local\Packages\PythonSoftwareFoundation.Python.3.12_qbz5n2kfra8p0\LocalCache\local-packages\Python312\site-packages\httpx\_transports\default.py", line 352, in handle_async_request
    with map_httpcore_exceptions():
         ^^^^^^^^^^^^^^^^^^^^^^^^^
  File "C:\Program Files\WindowsApps\PythonSoftwareFoundation.Python.3.12_3.12.2800.0_x64__qbz5n2kfra8p0\Lib\contextlib.py", line 158, in __exit__
    self.gen.throw(value)
  File "C:\Users\shaun\AppData\Local\Packages\PythonSoftwareFoundation.Python.3.12_qbz5n2kfra8p0\LocalCache\local-packages\Python312\site-packages\httpx\_transports\default.py", line 77, in map_httpcore_exceptions
    raise mapped_exc(message) from exc
httpx.ConnectError: [Errno 11001] getaddrinfo failed

The above exception was the direct cause of the following exception:

Traceback (most recent call last):
  File "C:\Users\shaun\AppData\Local\Packages\PythonSoftwareFoundation.Python.3.12_qbz5n2kfra8p0\LocalCache\local-packages\Python312\site-packages\telegram\ext\_updater.py", line 607, in _network_loop_retry
    if not await action_cb():
           ^^^^^^^^^^^^^^^^^
  File "C:\Users\shaun\AppData\Local\Packages\PythonSoftwareFoundation.Python.3.12_qbz5n2kfra8p0\LocalCache\local-packages\Python312\site-packages\telegram\ext\_updater.py", line 335, in polling_action_cb
    raise exc
  File "C:\Users\shaun\AppData\Local\Packages\PythonSoftwareFoundation.Python.3.12_qbz5n2kfra8p0\LocalCache\local-packages\Python312\site-packages\telegram\ext\_updater.py", line 320, in polling_action_cb
    updates = await self.bot.get_updates(
              ^^^^^^^^^^^^^^^^^^^^^^^^^^^
  File "C:\Users\shaun\AppData\Local\Packages\PythonSoftwareFoundation.Python.3.12_qbz5n2kfra8p0\LocalCache\local-packages\Python312\site-packages\telegram\ext\_extbot.py", line 543, in get_updates
    updates = await super().get_updates(
              ^^^^^^^^^^^^^^^^^^^^^^^^^^
  File "C:\Users\shaun\AppData\Local\Packages\PythonSoftwareFoundation.Python.3.12_qbz5n2kfra8p0\LocalCache\local-packages\Python312\site-packages\telegram\_bot.py", line 381, in decorator
    result = await func(self, *args, **kwargs)  # skipcq: PYL-E1102
             ^^^^^^^^^^^^^^^^^^^^^^^^^^^^^^^^^
  File "C:\Users\shaun\AppData\Local\Packages\PythonSoftwareFoundation.Python.3.12_qbz5n2kfra8p0\LocalCache\local-packages\Python312\site-packages\telegram\_bot.py", line 3661, in get_updates
    await self._post(
  File "C:\Users\shaun\AppData\Local\Packages\PythonSoftwareFoundation.Python.3.12_qbz5n2kfra8p0\LocalCache\local-packages\Python312\site-packages\telegram\_bot.py", line 469, in _post
    return await self._do_post(
           ^^^^^^^^^^^^^^^^^^^^
  File "C:\Users\shaun\AppData\Local\Packages\PythonSoftwareFoundation.Python.3.12_qbz5n2kfra8p0\LocalCache\local-packages\Python312\site-packages\telegram\ext\_extbot.py", line 325, in _do_post
    return await super()._do_post(
           ^^^^^^^^^^^^^^^^^^^^^^^
  File "C:\Users\shaun\AppData\Local\Packages\PythonSoftwareFoundation.Python.3.12_qbz5n2kfra8p0\LocalCache\local-packages\Python312\site-packages\telegram\_bot.py", line 497, in _do_post
    return await request.post(
           ^^^^^^^^^^^^^^^^^^^
  File "C:\Users\shaun\AppData\Local\Packages\PythonSoftwareFoundation.Python.3.12_qbz5n2kfra8p0\LocalCache\local-packages\Python312\site-packages\telegram\request\_baserequest.py", line 168, in post
    result = await self._request_wrapper(
             ^^^^^^^^^^^^^^^^^^^^^^^^^^^^
  File "C:\Users\shaun\AppData\Local\Packages\PythonSoftwareFoundation.Python.3.12_qbz5n2kfra8p0\LocalCache\local-packages\Python312\site-packages\telegram\request\_baserequest.py", line 291, in _request_wrapper
    raise exc
  File "C:\Users\shaun\AppData\Local\Packages\PythonSoftwareFoundation.Python.3.12_qbz5n2kfra8p0\LocalCache\local-packages\Python312\site-packages\telegram\request\_baserequest.py", line 277, in _request_wrapper
    code, payload = await self.do_request(
                    ^^^^^^^^^^^^^^^^^^^^^^
  File "C:\Users\shaun\AppData\Local\Packages\PythonSoftwareFoundation.Python.3.12_qbz5n2kfra8p0\LocalCache\local-packages\Python312\site-packages\telegram\request\_httpxrequest.py", line 240, in do_request
    raise NetworkError(f"httpx.{err.__class__.__name__}: {err}") from err
telegram.error.NetworkError: httpx.ConnectError: [Errno 11001] getaddrinfo failed
2026-02-23 05:06:51,214 [ERROR] Error while getting Updates: httpx.ConnectError: [Errno 11001] getaddrinfo failed
2026-02-23 05:06:51,214 [ERROR] Exception happened while polling for updates.
Traceback (most recent call last):
  File "C:\Users\shaun\AppData\Local\Packages\PythonSoftwareFoundation.Python.3.12_qbz5n2kfra8p0\LocalCache\local-packages\Python312\site-packages\httpcore\_exceptions.py", line 10, in map_exceptions
    yield
  File "C:\Users\shaun\AppData\Local\Packages\PythonSoftwareFoundation.Python.3.12_qbz5n2kfra8p0\LocalCache\local-packages\Python312\site-packages\httpcore\_backends\anyio.py", line 114, in connect_tcp
    stream: anyio.abc.ByteStream = await anyio.connect_tcp(
                                   ^^^^^^^^^^^^^^^^^^^^^^^^
  File "C:\Users\shaun\AppData\Local\Packages\PythonSoftwareFoundation.Python.3.12_qbz5n2kfra8p0\LocalCache\local-packages\Python312\site-packages\anyio\_core\_sockets.py", line 215, in connect_tcp
    gai_res = await getaddrinfo(
              ^^^^^^^^^^^^^^^^^^
  File "C:\Users\shaun\AppData\Local\Packages\PythonSoftwareFoundation.Python.3.12_qbz5n2kfra8p0\LocalCache\local-packages\Python312\site-packages\anyio\_core\_sockets.py", line 649, in getaddrinfo
    gai_res = await get_async_backend().getaddrinfo(
              ^^^^^^^^^^^^^^^^^^^^^^^^^^^^^^^^^^^^^^
  File "C:\Users\shaun\AppData\Local\Packages\PythonSoftwareFoundation.Python.3.12_qbz5n2kfra8p0\LocalCache\local-packages\Python312\site-packages\anyio\_backends\_asyncio.py", line 2732, in getaddrinfo
    return await get_running_loop().getaddrinfo(
           ^^^^^^^^^^^^^^^^^^^^^^^^^^^^^^^^^^^^^
  File "C:\Program Files\WindowsApps\PythonSoftwareFoundation.Python.3.12_3.12.2800.0_x64__qbz5n2kfra8p0\Lib\asyncio\base_events.py", line 905, in getaddrinfo
    return await self.run_in_executor(
           ^^^^^^^^^^^^^^^^^^^^^^^^^^^
  File "C:\Program Files\WindowsApps\PythonSoftwareFoundation.Python.3.12_3.12.2800.0_x64__qbz5n2kfra8p0\Lib\concurrent\futures\thread.py", line 59, in run
    result = self.fn(*self.args, **self.kwargs)
             ^^^^^^^^^^^^^^^^^^^^^^^^^^^^^^^^^^
  File "C:\Program Files\WindowsApps\PythonSoftwareFoundation.Python.3.12_3.12.2800.0_x64__qbz5n2kfra8p0\Lib\socket.py", line 978, in getaddrinfo
    for res in _socket.getaddrinfo(host, port, family, type, proto, flags):
               ^^^^^^^^^^^^^^^^^^^^^^^^^^^^^^^^^^^^^^^^^^^^^^^^^^^^^^^^^^^
socket.gaierror: [Errno 11001] getaddrinfo failed

The above exception was the direct cause of the following exception:

Traceback (most recent call last):
  File "C:\Users\shaun\AppData\Local\Packages\PythonSoftwareFoundation.Python.3.12_qbz5n2kfra8p0\LocalCache\local-packages\Python312\site-packages\httpx\_transports\default.py", line 60, in map_httpcore_exceptions
    yield
  File "C:\Users\shaun\AppData\Local\Packages\PythonSoftwareFoundation.Python.3.12_qbz5n2kfra8p0\LocalCache\local-packages\Python312\site-packages\httpx\_transports\default.py", line 353, in handle_async_request
    resp = await self._pool.handle_async_request(req)
           ^^^^^^^^^^^^^^^^^^^^^^^^^^^^^^^^^^^^^^^^^^
  File "C:\Users\shaun\AppData\Local\Packages\PythonSoftwareFoundation.Python.3.12_qbz5n2kfra8p0\LocalCache\local-packages\Python312\site-packages\httpcore\_async\connection_pool.py", line 262, in handle_async_request
    raise exc
  File "C:\Users\shaun\AppData\Local\Packages\PythonSoftwareFoundation.Python.3.12_qbz5n2kfra8p0\LocalCache\local-packages\Python312\site-packages\httpcore\_async\connection_pool.py", line 245, in handle_async_request
    response = await connection.handle_async_request(request)
               ^^^^^^^^^^^^^^^^^^^^^^^^^^^^^^^^^^^^^^^^^^^^^^
  File "C:\Users\shaun\AppData\Local\Packages\PythonSoftwareFoundation.Python.3.12_qbz5n2kfra8p0\LocalCache\local-packages\Python312\site-packages\httpcore\_async\connection.py", line 92, in handle_async_request
    raise exc
  File "C:\Users\shaun\AppData\Local\Packages\PythonSoftwareFoundation.Python.3.12_qbz5n2kfra8p0\LocalCache\local-packages\Python312\site-packages\httpcore\_async\connection.py", line 69, in handle_async_request
    stream = await self._connect(request)
             ^^^^^^^^^^^^^^^^^^^^^^^^^^^^
  File "C:\Users\shaun\AppData\Local\Packages\PythonSoftwareFoundation.Python.3.12_qbz5n2kfra8p0\LocalCache\local-packages\Python312\site-packages\httpcore\_async\connection.py", line 117, in _connect
    stream = await self._network_backend.connect_tcp(**kwargs)
             ^^^^^^^^^^^^^^^^^^^^^^^^^^^^^^^^^^^^^^^^^^^^^^^^^
  File "C:\Users\shaun\AppData\Local\Packages\PythonSoftwareFoundation.Python.3.12_qbz5n2kfra8p0\LocalCache\local-packages\Python312\site-packages\httpcore\_backends\auto.py", line 31, in connect_tcp
    return await self._backend.connect_tcp(
           ^^^^^^^^^^^^^^^^^^^^^^^^^^^^^^^^
  File "C:\Users\shaun\AppData\Local\Packages\PythonSoftwareFoundation.Python.3.12_qbz5n2kfra8p0\LocalCache\local-packages\Python312\site-packages\httpcore\_backends\anyio.py", line 112, in connect_tcp
    with map_exceptions(exc_map):
         ^^^^^^^^^^^^^^^^^^^^^^^
  File "C:\Program Files\WindowsApps\PythonSoftwareFoundation.Python.3.12_3.12.2800.0_x64__qbz5n2kfra8p0\Lib\contextlib.py", line 158, in __exit__
    self.gen.throw(value)
  File "C:\Users\shaun\AppData\Local\Packages\PythonSoftwareFoundation.Python.3.12_qbz5n2kfra8p0\LocalCache\local-packages\Python312\site-packages\httpcore\_exceptions.py", line 14, in map_exceptions
    raise to_exc(exc) from exc
httpcore.ConnectError: [Errno 11001] getaddrinfo failed

The above exception was the direct cause of the following exception:

Traceback (most recent call last):
  File "C:\Users\shaun\AppData\Local\Packages\PythonSoftwareFoundation.Python.3.12_qbz5n2kfra8p0\LocalCache\local-packages\Python312\site-packages\telegram\request\_httpxrequest.py", line 216, in do_request
    res = await self._client.request(
          ^^^^^^^^^^^^^^^^^^^^^^^^^^^
  File "C:\Users\shaun\AppData\Local\Packages\PythonSoftwareFoundation.Python.3.12_qbz5n2kfra8p0\LocalCache\local-packages\Python312\site-packages\httpx\_client.py", line 1530, in request
    return await self.send(request, auth=auth, follow_redirects=follow_redirects)
           ^^^^^^^^^^^^^^^^^^^^^^^^^^^^^^^^^^^^^^^^^^^^^^^^^^^^^^^^^^^^^^^^^^^^^^
  File "C:\Users\shaun\AppData\Local\Packages\PythonSoftwareFoundation.Python.3.12_qbz5n2kfra8p0\LocalCache\local-packages\Python312\site-packages\httpx\_client.py", line 1617, in send
    response = await self._send_handling_auth(
               ^^^^^^^^^^^^^^^^^^^^^^^^^^^^^^^
  File "C:\Users\shaun\AppData\Local\Packages\PythonSoftwareFoundation.Python.3.12_qbz5n2kfra8p0\LocalCache\local-packages\Python312\site-packages\httpx\_client.py", line 1645, in _send_handling_auth
    response = await self._send_handling_redirects(
               ^^^^^^^^^^^^^^^^^^^^^^^^^^^^^^^^^^^^
  File "C:\Users\shaun\AppData\Local\Packages\PythonSoftwareFoundation.Python.3.12_qbz5n2kfra8p0\LocalCache\local-packages\Python312\site-packages\httpx\_client.py", line 1682, in _send_handling_redirects
    response = await self._send_single_request(request)
               ^^^^^^^^^^^^^^^^^^^^^^^^^^^^^^^^^^^^^^^^
  File "C:\Users\shaun\AppData\Local\Packages\PythonSoftwareFoundation.Python.3.12_qbz5n2kfra8p0\LocalCache\local-packages\Python312\site-packages\httpx\_client.py", line 1719, in _send_single_request
    response = await transport.handle_async_request(request)
               ^^^^^^^^^^^^^^^^^^^^^^^^^^^^^^^^^^^^^^^^^^^^^
  File "C:\Users\shaun\AppData\Local\Packages\PythonSoftwareFoundation.Python.3.12_qbz5n2kfra8p0\LocalCache\local-packages\Python312\site-packages\httpx\_transports\default.py", line 352, in handle_async_request
    with map_httpcore_exceptions():
         ^^^^^^^^^^^^^^^^^^^^^^^^^
  File "C:\Program Files\WindowsApps\PythonSoftwareFoundation.Python.3.12_3.12.2800.0_x64__qbz5n2kfra8p0\Lib\contextlib.py", line 158, in __exit__
    self.gen.throw(value)
  File "C:\Users\shaun\AppData\Local\Packages\PythonSoftwareFoundation.Python.3.12_qbz5n2kfra8p0\LocalCache\local-packages\Python312\site-packages\httpx\_transports\default.py", line 77, in map_httpcore_exceptions
    raise mapped_exc(message) from exc
httpx.ConnectError: [Errno 11001] getaddrinfo failed

The above exception was the direct cause of the following exception:

Traceback (most recent call last):
  File "C:\Users\shaun\AppData\Local\Packages\PythonSoftwareFoundation.Python.3.12_qbz5n2kfra8p0\LocalCache\local-packages\Python312\site-packages\telegram\ext\_updater.py", line 607, in _network_loop_retry
    if not await action_cb():
           ^^^^^^^^^^^^^^^^^
  File "C:\Users\shaun\AppData\Local\Packages\PythonSoftwareFoundation.Python.3.12_qbz5n2kfra8p0\LocalCache\local-packages\Python312\site-packages\telegram\ext\_updater.py", line 335, in polling_action_cb
    raise exc
  File "C:\Users\shaun\AppData\Local\Packages\PythonSoftwareFoundation.Python.3.12_qbz5n2kfra8p0\LocalCache\local-packages\Python312\site-packages\telegram\ext\_updater.py", line 320, in polling_action_cb
    updates = await self.bot.get_updates(
              ^^^^^^^^^^^^^^^^^^^^^^^^^^^
  File "C:\Users\shaun\AppData\Local\Packages\PythonSoftwareFoundation.Python.3.12_qbz5n2kfra8p0\LocalCache\local-packages\Python312\site-packages\telegram\ext\_extbot.py", line 543, in get_updates
    updates = await super().get_updates(
              ^^^^^^^^^^^^^^^^^^^^^^^^^^
  File "C:\Users\shaun\AppData\Local\Packages\PythonSoftwareFoundation.Python.3.12_qbz5n2kfra8p0\LocalCache\local-packages\Python312\site-packages\telegram\_bot.py", line 381, in decorator
    result = await func(self, *args, **kwargs)  # skipcq: PYL-E1102
             ^^^^^^^^^^^^^^^^^^^^^^^^^^^^^^^^^
  File "C:\Users\shaun\AppData\Local\Packages\PythonSoftwareFoundation.Python.3.12_qbz5n2kfra8p0\LocalCache\local-packages\Python312\site-packages\telegram\_bot.py", line 3661, in get_updates
    await self._post(
  File "C:\Users\shaun\AppData\Local\Packages\PythonSoftwareFoundation.Python.3.12_qbz5n2kfra8p0\LocalCache\local-packages\Python312\site-packages\telegram\_bot.py", line 469, in _post
    return await self._do_post(
           ^^^^^^^^^^^^^^^^^^^^
  File "C:\Users\shaun\AppData\Local\Packages\PythonSoftwareFoundation.Python.3.12_qbz5n2kfra8p0\LocalCache\local-packages\Python312\site-packages\telegram\ext\_extbot.py", line 325, in _do_post
    return await super()._do_post(
           ^^^^^^^^^^^^^^^^^^^^^^^
  File "C:\Users\shaun\AppData\Local\Packages\PythonSoftwareFoundation.Python.3.12_qbz5n2kfra8p0\LocalCache\local-packages\Python312\site-packages\telegram\_bot.py", line 497, in _do_post
    return await request.post(
           ^^^^^^^^^^^^^^^^^^^
  File "C:\Users\shaun\AppData\Local\Packages\PythonSoftwareFoundation.Python.3.12_qbz5n2kfra8p0\LocalCache\local-packages\Python312\site-packages\telegram\request\_baserequest.py", line 168, in post
    result = await self._request_wrapper(
             ^^^^^^^^^^^^^^^^^^^^^^^^^^^^
  File "C:\Users\shaun\AppData\Local\Packages\PythonSoftwareFoundation.Python.3.12_qbz5n2kfra8p0\LocalCache\local-packages\Python312\site-packages\telegram\request\_baserequest.py", line 291, in _request_wrapper
    raise exc
  File "C:\Users\shaun\AppData\Local\Packages\PythonSoftwareFoundation.Python.3.12_qbz5n2kfra8p0\LocalCache\local-packages\Python312\site-packages\telegram\request\_baserequest.py", line 277, in _request_wrapper
    code, payload = await self.do_request(
                    ^^^^^^^^^^^^^^^^^^^^^^
  File "C:\Users\shaun\AppData\Local\Packages\PythonSoftwareFoundation.Python.3.12_qbz5n2kfra8p0\LocalCache\local-packages\Python312\site-packages\telegram\request\_httpxrequest.py", line 240, in do_request
    raise NetworkError(f"httpx.{err.__class__.__name__}: {err}") from err
telegram.error.NetworkError: httpx.ConnectError: [Errno 11001] getaddrinfo failed
2026-02-23 05:06:52,831 [ERROR] Error while getting Updates: httpx.ConnectError: [Errno 11001] getaddrinfo failed
2026-02-23 05:06:52,831 [ERROR] Exception happened while polling for updates.
Traceback (most recent call last):
  File "C:\Users\shaun\AppData\Local\Packages\PythonSoftwareFoundation.Python.3.12_qbz5n2kfra8p0\LocalCache\local-packages\Python312\site-packages\httpcore\_exceptions.py", line 10, in map_exceptions
    yield
  File "C:\Users\shaun\AppData\Local\Packages\PythonSoftwareFoundation.Python.3.12_qbz5n2kfra8p0\LocalCache\local-packages\Python312\site-packages\httpcore\_backends\anyio.py", line 114, in connect_tcp
    stream: anyio.abc.ByteStream = await anyio.connect_tcp(
                                   ^^^^^^^^^^^^^^^^^^^^^^^^
  File "C:\Users\shaun\AppData\Local\Packages\PythonSoftwareFoundation.Python.3.12_qbz5n2kfra8p0\LocalCache\local-packages\Python312\site-packages\anyio\_core\_sockets.py", line 215, in connect_tcp
    gai_res = await getaddrinfo(
              ^^^^^^^^^^^^^^^^^^
  File "C:\Users\shaun\AppData\Local\Packages\PythonSoftwareFoundation.Python.3.12_qbz5n2kfra8p0\LocalCache\local-packages\Python312\site-packages\anyio\_core\_sockets.py", line 649, in getaddrinfo
    gai_res = await get_async_backend().getaddrinfo(
              ^^^^^^^^^^^^^^^^^^^^^^^^^^^^^^^^^^^^^^
  File "C:\Users\shaun\AppData\Local\Packages\PythonSoftwareFoundation.Python.3.12_qbz5n2kfra8p0\LocalCache\local-packages\Python312\site-packages\anyio\_backends\_asyncio.py", line 2732, in getaddrinfo
    return await get_running_loop().getaddrinfo(
           ^^^^^^^^^^^^^^^^^^^^^^^^^^^^^^^^^^^^^
  File "C:\Program Files\WindowsApps\PythonSoftwareFoundation.Python.3.12_3.12.2800.0_x64__qbz5n2kfra8p0\Lib\asyncio\base_events.py", line 905, in getaddrinfo
    return await self.run_in_executor(
           ^^^^^^^^^^^^^^^^^^^^^^^^^^^
  File "C:\Program Files\WindowsApps\PythonSoftwareFoundation.Python.3.12_3.12.2800.0_x64__qbz5n2kfra8p0\Lib\concurrent\futures\thread.py", line 59, in run
    result = self.fn(*self.args, **self.kwargs)
             ^^^^^^^^^^^^^^^^^^^^^^^^^^^^^^^^^^
  File "C:\Program Files\WindowsApps\PythonSoftwareFoundation.Python.3.12_3.12.2800.0_x64__qbz5n2kfra8p0\Lib\socket.py", line 978, in getaddrinfo
    for res in _socket.getaddrinfo(host, port, family, type, proto, flags):
               ^^^^^^^^^^^^^^^^^^^^^^^^^^^^^^^^^^^^^^^^^^^^^^^^^^^^^^^^^^^
socket.gaierror: [Errno 11001] getaddrinfo failed

The above exception was the direct cause of the following exception:

Traceback (most recent call last):
  File "C:\Users\shaun\AppData\Local\Packages\PythonSoftwareFoundation.Python.3.12_qbz5n2kfra8p0\LocalCache\local-packages\Python312\site-packages\httpx\_transports\default.py", line 60, in map_httpcore_exceptions
    yield
  File "C:\Users\shaun\AppData\Local\Packages\PythonSoftwareFoundation.Python.3.12_qbz5n2kfra8p0\LocalCache\local-packages\Python312\site-packages\httpx\_transports\default.py", line 353, in handle_async_request
    resp = await self._pool.handle_async_request(req)
           ^^^^^^^^^^^^^^^^^^^^^^^^^^^^^^^^^^^^^^^^^^
  File "C:\Users\shaun\AppData\Local\Packages\PythonSoftwareFoundation.Python.3.12_qbz5n2kfra8p0\LocalCache\local-packages\Python312\site-packages\httpcore\_async\connection_pool.py", line 262, in handle_async_request
    raise exc
  File "C:\Users\shaun\AppData\Local\Packages\PythonSoftwareFoundation.Python.3.12_qbz5n2kfra8p0\LocalCache\local-packages\Python312\site-packages\httpcore\_async\connection_pool.py", line 245, in handle_async_request
    response = await connection.handle_async_request(request)
               ^^^^^^^^^^^^^^^^^^^^^^^^^^^^^^^^^^^^^^^^^^^^^^
  File "C:\Users\shaun\AppData\Local\Packages\PythonSoftwareFoundation.Python.3.12_qbz5n2kfra8p0\LocalCache\local-packages\Python312\site-packages\httpcore\_async\connection.py", line 92, in handle_async_request
    raise exc
  File "C:\Users\shaun\AppData\Local\Packages\PythonSoftwareFoundation.Python.3.12_qbz5n2kfra8p0\LocalCache\local-packages\Python312\site-packages\httpcore\_async\connection.py", line 69, in handle_async_request
    stream = await self._connect(request)
             ^^^^^^^^^^^^^^^^^^^^^^^^^^^^
  File "C:\Users\shaun\AppData\Local\Packages\PythonSoftwareFoundation.Python.3.12_qbz5n2kfra8p0\LocalCache\local-packages\Python312\site-packages\httpcore\_async\connection.py", line 117, in _connect
    stream = await self._network_backend.connect_tcp(**kwargs)
             ^^^^^^^^^^^^^^^^^^^^^^^^^^^^^^^^^^^^^^^^^^^^^^^^^
  File "C:\Users\shaun\AppData\Local\Packages\PythonSoftwareFoundation.Python.3.12_qbz5n2kfra8p0\LocalCache\local-packages\Python312\site-packages\httpcore\_backends\auto.py", line 31, in connect_tcp
    return await self._backend.connect_tcp(
           ^^^^^^^^^^^^^^^^^^^^^^^^^^^^^^^^
  File "C:\Users\shaun\AppData\Local\Packages\PythonSoftwareFoundation.Python.3.12_qbz5n2kfra8p0\LocalCache\local-packages\Python312\site-packages\httpcore\_backends\anyio.py", line 112, in connect_tcp
    with map_exceptions(exc_map):
         ^^^^^^^^^^^^^^^^^^^^^^^
  File "C:\Program Files\WindowsApps\PythonSoftwareFoundation.Python.3.12_3.12.2800.0_x64__qbz5n2kfra8p0\Lib\contextlib.py", line 158, in __exit__
    self.gen.throw(value)
  File "C:\Users\shaun\AppData\Local\Packages\PythonSoftwareFoundation.Python.3.12_qbz5n2kfra8p0\LocalCache\local-packages\Python312\site-packages\httpcore\_exceptions.py", line 14, in map_exceptions
    raise to_exc(exc) from exc
httpcore.ConnectError: [Errno 11001] getaddrinfo failed

The above exception was the direct cause of the following exception:

Traceback (most recent call last):
  File "C:\Users\shaun\AppData\Local\Packages\PythonSoftwareFoundation.Python.3.12_qbz5n2kfra8p0\LocalCache\local-packages\Python312\site-packages\telegram\request\_httpxrequest.py", line 216, in do_request
    res = await self._client.request(
          ^^^^^^^^^^^^^^^^^^^^^^^^^^^
  File "C:\Users\shaun\AppData\Local\Packages\PythonSoftwareFoundation.Python.3.12_qbz5n2kfra8p0\LocalCache\local-packages\Python312\site-packages\httpx\_client.py", line 1530, in request
    return await self.send(request, auth=auth, follow_redirects=follow_redirects)
           ^^^^^^^^^^^^^^^^^^^^^^^^^^^^^^^^^^^^^^^^^^^^^^^^^^^^^^^^^^^^^^^^^^^^^^
  File "C:\Users\shaun\AppData\Local\Packages\PythonSoftwareFoundation.Python.3.12_qbz5n2kfra8p0\LocalCache\local-packages\Python312\site-packages\httpx\_client.py", line 1617, in send
    response = await self._send_handling_auth(
               ^^^^^^^^^^^^^^^^^^^^^^^^^^^^^^^
  File "C:\Users\shaun\AppData\Local\Packages\PythonSoftwareFoundation.Python.3.12_qbz5n2kfra8p0\LocalCache\local-packages\Python312\site-packages\httpx\_client.py", line 1645, in _send_handling_auth
    response = await self._send_handling_redirects(
               ^^^^^^^^^^^^^^^^^^^^^^^^^^^^^^^^^^^^
  File "C:\Users\shaun\AppData\Local\Packages\PythonSoftwareFoundation.Python.3.12_qbz5n2kfra8p0\LocalCache\local-packages\Python312\site-packages\httpx\_client.py", line 1682, in _send_handling_redirects
    response = await self._send_single_request(request)
               ^^^^^^^^^^^^^^^^^^^^^^^^^^^^^^^^^^^^^^^^
  File "C:\Users\shaun\AppData\Local\Packages\PythonSoftwareFoundation.Python.3.12_qbz5n2kfra8p0\LocalCache\local-packages\Python312\site-packages\httpx\_client.py", line 1719, in _send_single_request
    response = await transport.handle_async_request(request)
               ^^^^^^^^^^^^^^^^^^^^^^^^^^^^^^^^^^^^^^^^^^^^^
  File "C:\Users\shaun\AppData\Local\Packages\PythonSoftwareFoundation.Python.3.12_qbz5n2kfra8p0\LocalCache\local-packages\Python312\site-packages\httpx\_transports\default.py", line 352, in handle_async_request
    with map_httpcore_exceptions():
         ^^^^^^^^^^^^^^^^^^^^^^^^^
  File "C:\Program Files\WindowsApps\PythonSoftwareFoundation.Python.3.12_3.12.2800.0_x64__qbz5n2kfra8p0\Lib\contextlib.py", line 158, in __exit__
    self.gen.throw(value)
  File "C:\Users\shaun\AppData\Local\Packages\PythonSoftwareFoundation.Python.3.12_qbz5n2kfra8p0\LocalCache\local-packages\Python312\site-packages\httpx\_transports\default.py", line 77, in map_httpcore_exceptions
    raise mapped_exc(message) from exc
httpx.ConnectError: [Errno 11001] getaddrinfo failed

The above exception was the direct cause of the following exception:

Traceback (most recent call last):
  File "C:\Users\shaun\AppData\Local\Packages\PythonSoftwareFoundation.Python.3.12_qbz5n2kfra8p0\LocalCache\local-packages\Python312\site-packages\telegram\ext\_updater.py", line 607, in _network_loop_retry
    if not await action_cb():
           ^^^^^^^^^^^^^^^^^
  File "C:\Users\shaun\AppData\Local\Packages\PythonSoftwareFoundation.Python.3.12_qbz5n2kfra8p0\LocalCache\local-packages\Python312\site-packages\telegram\ext\_updater.py", line 335, in polling_action_cb
    raise exc
  File "C:\Users\shaun\AppData\Local\Packages\PythonSoftwareFoundation.Python.3.12_qbz5n2kfra8p0\LocalCache\local-packages\Python312\site-packages\telegram\ext\_updater.py", line 320, in polling_action_cb
    updates = await self.bot.get_updates(
              ^^^^^^^^^^^^^^^^^^^^^^^^^^^
  File "C:\Users\shaun\AppData\Local\Packages\PythonSoftwareFoundation.Python.3.12_qbz5n2kfra8p0\LocalCache\local-packages\Python312\site-packages\telegram\ext\_extbot.py", line 543, in get_updates
    updates = await super().get_updates(
              ^^^^^^^^^^^^^^^^^^^^^^^^^^
  File "C:\Users\shaun\AppData\Local\Packages\PythonSoftwareFoundation.Python.3.12_qbz5n2kfra8p0\LocalCache\local-packages\Python312\site-packages\telegram\_bot.py", line 381, in decorator
    result = await func(self, *args, **kwargs)  # skipcq: PYL-E1102
             ^^^^^^^^^^^^^^^^^^^^^^^^^^^^^^^^^
  File "C:\Users\shaun\AppData\Local\Packages\PythonSoftwareFoundation.Python.3.12_qbz5n2kfra8p0\LocalCache\local-packages\Python312\site-packages\telegram\_bot.py", line 3661, in get_updates
    await self._post(
  File "C:\Users\shaun\AppData\Local\Packages\PythonSoftwareFoundation.Python.3.12_qbz5n2kfra8p0\LocalCache\local-packages\Python312\site-packages\telegram\_bot.py", line 469, in _post
    return await self._do_post(
           ^^^^^^^^^^^^^^^^^^^^
  File "C:\Users\shaun\AppData\Local\Packages\PythonSoftwareFoundation.Python.3.12_qbz5n2kfra8p0\LocalCache\local-packages\Python312\site-packages\telegram\ext\_extbot.py", line 325, in _do_post
    return await super()._do_post(
           ^^^^^^^^^^^^^^^^^^^^^^^
  File "C:\Users\shaun\AppData\Local\Packages\PythonSoftwareFoundation.Python.3.12_qbz5n2kfra8p0\LocalCache\local-packages\Python312\site-packages\telegram\_bot.py", line 497, in _do_post
    return await request.post(
           ^^^^^^^^^^^^^^^^^^^
  File "C:\Users\shaun\AppData\Local\Packages\PythonSoftwareFoundation.Python.3.12_qbz5n2kfra8p0\LocalCache\local-packages\Python312\site-packages\telegram\request\_baserequest.py", line 168, in post
    result = await self._request_wrapper(
             ^^^^^^^^^^^^^^^^^^^^^^^^^^^^
  File "C:\Users\shaun\AppData\Local\Packages\PythonSoftwareFoundation.Python.3.12_qbz5n2kfra8p0\LocalCache\local-packages\Python312\site-packages\telegram\request\_baserequest.py", line 291, in _request_wrapper
    raise exc
  File "C:\Users\shaun\AppData\Local\Packages\PythonSoftwareFoundation.Python.3.12_qbz5n2kfra8p0\LocalCache\local-packages\Python312\site-packages\telegram\request\_baserequest.py", line 277, in _request_wrapper
    code, payload = await self.do_request(
                    ^^^^^^^^^^^^^^^^^^^^^^
  File "C:\Users\shaun\AppData\Local\Packages\PythonSoftwareFoundation.Python.3.12_qbz5n2kfra8p0\LocalCache\local-packages\Python312\site-packages\telegram\request\_httpxrequest.py", line 240, in do_request
    raise NetworkError(f"httpx.{err.__class__.__name__}: {err}") from err
telegram.error.NetworkError: httpx.ConnectError: [Errno 11001] getaddrinfo failed
2026-02-23 05:06:55,076 [ERROR] Error while getting Updates: httpx.ConnectError: [Errno 11001] getaddrinfo failed
2026-02-23 05:06:55,077 [ERROR] Exception happened while polling for updates.
Traceback (most recent call last):
  File "C:\Users\shaun\AppData\Local\Packages\PythonSoftwareFoundation.Python.3.12_qbz5n2kfra8p0\LocalCache\local-packages\Python312\site-packages\httpcore\_exceptions.py", line 10, in map_exceptions
    yield
  File "C:\Users\shaun\AppData\Local\Packages\PythonSoftwareFoundation.Python.3.12_qbz5n2kfra8p0\LocalCache\local-packages\Python312\site-packages\httpcore\_backends\anyio.py", line 114, in connect_tcp
    stream: anyio.abc.ByteStream = await anyio.connect_tcp(
                                   ^^^^^^^^^^^^^^^^^^^^^^^^
  File "C:\Users\shaun\AppData\Local\Packages\PythonSoftwareFoundation.Python.3.12_qbz5n2kfra8p0\LocalCache\local-packages\Python312\site-packages\anyio\_core\_sockets.py", line 215, in connect_tcp
    gai_res = await getaddrinfo(
              ^^^^^^^^^^^^^^^^^^
  File "C:\Users\shaun\AppData\Local\Packages\PythonSoftwareFoundation.Python.3.12_qbz5n2kfra8p0\LocalCache\local-packages\Python312\site-packages\anyio\_core\_sockets.py", line 649, in getaddrinfo
    gai_res = await get_async_backend().getaddrinfo(
              ^^^^^^^^^^^^^^^^^^^^^^^^^^^^^^^^^^^^^^
  File "C:\Users\shaun\AppData\Local\Packages\PythonSoftwareFoundation.Python.3.12_qbz5n2kfra8p0\LocalCache\local-packages\Python312\site-packages\anyio\_backends\_asyncio.py", line 2732, in getaddrinfo
    return await get_running_loop().getaddrinfo(
           ^^^^^^^^^^^^^^^^^^^^^^^^^^^^^^^^^^^^^
  File "C:\Program Files\WindowsApps\PythonSoftwareFoundation.Python.3.12_3.12.2800.0_x64__qbz5n2kfra8p0\Lib\asyncio\base_events.py", line 905, in getaddrinfo
    return await self.run_in_executor(
           ^^^^^^^^^^^^^^^^^^^^^^^^^^^
  File "C:\Program Files\WindowsApps\PythonSoftwareFoundation.Python.3.12_3.12.2800.0_x64__qbz5n2kfra8p0\Lib\concurrent\futures\thread.py", line 59, in run
    result = self.fn(*self.args, **self.kwargs)
             ^^^^^^^^^^^^^^^^^^^^^^^^^^^^^^^^^^
  File "C:\Program Files\WindowsApps\PythonSoftwareFoundation.Python.3.12_3.12.2800.0_x64__qbz5n2kfra8p0\Lib\socket.py", line 978, in getaddrinfo
    for res in _socket.getaddrinfo(host, port, family, type, proto, flags):
               ^^^^^^^^^^^^^^^^^^^^^^^^^^^^^^^^^^^^^^^^^^^^^^^^^^^^^^^^^^^
socket.gaierror: [Errno 11001] getaddrinfo failed

The above exception was the direct cause of the following exception:

Traceback (most recent call last):
  File "C:\Users\shaun\AppData\Local\Packages\PythonSoftwareFoundation.Python.3.12_qbz5n2kfra8p0\LocalCache\local-packages\Python312\site-packages\httpx\_transports\default.py", line 60, in map_httpcore_exceptions
    yield
  File "C:\Users\shaun\AppData\Local\Packages\PythonSoftwareFoundation.Python.3.12_qbz5n2kfra8p0\LocalCache\local-packages\Python312\site-packages\httpx\_transports\default.py", line 353, in handle_async_request
    resp = await self._pool.handle_async_request(req)
           ^^^^^^^^^^^^^^^^^^^^^^^^^^^^^^^^^^^^^^^^^^
  File "C:\Users\shaun\AppData\Local\Packages\PythonSoftwareFoundation.Python.3.12_qbz5n2kfra8p0\LocalCache\local-packages\Python312\site-packages\httpcore\_async\connection_pool.py", line 262, in handle_async_request
    raise exc
  File "C:\Users\shaun\AppData\Local\Packages\PythonSoftwareFoundation.Python.3.12_qbz5n2kfra8p0\LocalCache\local-packages\Python312\site-packages\httpcore\_async\connection_pool.py", line 245, in handle_async_request
    response = await connection.handle_async_request(request)
               ^^^^^^^^^^^^^^^^^^^^^^^^^^^^^^^^^^^^^^^^^^^^^^
  File "C:\Users\shaun\AppData\Local\Packages\PythonSoftwareFoundation.Python.3.12_qbz5n2kfra8p0\LocalCache\local-packages\Python312\site-packages\httpcore\_async\connection.py", line 92, in handle_async_request
    raise exc
  File "C:\Users\shaun\AppData\Local\Packages\PythonSoftwareFoundation.Python.3.12_qbz5n2kfra8p0\LocalCache\local-packages\Python312\site-packages\httpcore\_async\connection.py", line 69, in handle_async_request
    stream = await self._connect(request)
             ^^^^^^^^^^^^^^^^^^^^^^^^^^^^
  File "C:\Users\shaun\AppData\Local\Packages\PythonSoftwareFoundation.Python.3.12_qbz5n2kfra8p0\LocalCache\local-packages\Python312\site-packages\httpcore\_async\connection.py", line 117, in _connect
    stream = await self._network_backend.connect_tcp(**kwargs)
             ^^^^^^^^^^^^^^^^^^^^^^^^^^^^^^^^^^^^^^^^^^^^^^^^^
  File "C:\Users\shaun\AppData\Local\Packages\PythonSoftwareFoundation.Python.3.12_qbz5n2kfra8p0\LocalCache\local-packages\Python312\site-packages\httpcore\_backends\auto.py", line 31, in connect_tcp
    return await self._backend.connect_tcp(
           ^^^^^^^^^^^^^^^^^^^^^^^^^^^^^^^^
  File "C:\Users\shaun\AppData\Local\Packages\PythonSoftwareFoundation.Python.3.12_qbz5n2kfra8p0\LocalCache\local-packages\Python312\site-packages\httpcore\_backends\anyio.py", line 112, in connect_tcp
    with map_exceptions(exc_map):
         ^^^^^^^^^^^^^^^^^^^^^^^
  File "C:\Program Files\WindowsApps\PythonSoftwareFoundation.Python.3.12_3.12.2800.0_x64__qbz5n2kfra8p0\Lib\contextlib.py", line 158, in __exit__
    self.gen.throw(value)
  File "C:\Users\shaun\AppData\Local\Packages\PythonSoftwareFoundation.Python.3.12_qbz5n2kfra8p0\LocalCache\local-packages\Python312\site-packages\httpcore\_exceptions.py", line 14, in map_exceptions
    raise to_exc(exc) from exc
httpcore.ConnectError: [Errno 11001] getaddrinfo failed

The above exception was the direct cause of the following exception:

Traceback (most recent call last):
  File "C:\Users\shaun\AppData\Local\Packages\PythonSoftwareFoundation.Python.3.12_qbz5n2kfra8p0\LocalCache\local-packages\Python312\site-packages\telegram\request\_httpxrequest.py", line 216, in do_request
    res = await self._client.request(
          ^^^^^^^^^^^^^^^^^^^^^^^^^^^
  File "C:\Users\shaun\AppData\Local\Packages\PythonSoftwareFoundation.Python.3.12_qbz5n2kfra8p0\LocalCache\local-packages\Python312\site-packages\httpx\_client.py", line 1530, in request
    return await self.send(request, auth=auth, follow_redirects=follow_redirects)
           ^^^^^^^^^^^^^^^^^^^^^^^^^^^^^^^^^^^^^^^^^^^^^^^^^^^^^^^^^^^^^^^^^^^^^^
  File "C:\Users\shaun\AppData\Local\Packages\PythonSoftwareFoundation.Python.3.12_qbz5n2kfra8p0\LocalCache\local-packages\Python312\site-packages\httpx\_client.py", line 1617, in send
    response = await self._send_handling_auth(
               ^^^^^^^^^^^^^^^^^^^^^^^^^^^^^^^
  File "C:\Users\shaun\AppData\Local\Packages\PythonSoftwareFoundation.Python.3.12_qbz5n2kfra8p0\LocalCache\local-packages\Python312\site-packages\httpx\_client.py", line 1645, in _send_handling_auth
    response = await self._send_handling_redirects(
               ^^^^^^^^^^^^^^^^^^^^^^^^^^^^^^^^^^^^
  File "C:\Users\shaun\AppData\Local\Packages\PythonSoftwareFoundation.Python.3.12_qbz5n2kfra8p0\LocalCache\local-packages\Python312\site-packages\httpx\_client.py", line 1682, in _send_handling_redirects
    response = await self._send_single_request(request)
               ^^^^^^^^^^^^^^^^^^^^^^^^^^^^^^^^^^^^^^^^
  File "C:\Users\shaun\AppData\Local\Packages\PythonSoftwareFoundation.Python.3.12_qbz5n2kfra8p0\LocalCache\local-packages\Python312\site-packages\httpx\_client.py", line 1719, in _send_single_request
    response = await transport.handle_async_request(request)
               ^^^^^^^^^^^^^^^^^^^^^^^^^^^^^^^^^^^^^^^^^^^^^
  File "C:\Users\shaun\AppData\Local\Packages\PythonSoftwareFoundation.Python.3.12_qbz5n2kfra8p0\LocalCache\local-packages\Python312\site-packages\httpx\_transports\default.py", line 352, in handle_async_request
    with map_httpcore_exceptions():
         ^^^^^^^^^^^^^^^^^^^^^^^^^
  File "C:\Program Files\WindowsApps\PythonSoftwareFoundation.Python.3.12_3.12.2800.0_x64__qbz5n2kfra8p0\Lib\contextlib.py", line 158, in __exit__
    self.gen.throw(value)
  File "C:\Users\shaun\AppData\Local\Packages\PythonSoftwareFoundation.Python.3.12_qbz5n2kfra8p0\LocalCache\local-packages\Python312\site-packages\httpx\_transports\default.py", line 77, in map_httpcore_exceptions
    raise mapped_exc(message) from exc
httpx.ConnectError: [Errno 11001] getaddrinfo failed

The above exception was the direct cause of the following exception:

Traceback (most recent call last):
  File "C:\Users\shaun\AppData\Local\Packages\PythonSoftwareFoundation.Python.3.12_qbz5n2kfra8p0\LocalCache\local-packages\Python312\site-packages\telegram\ext\_updater.py", line 607, in _network_loop_retry
    if not await action_cb():
           ^^^^^^^^^^^^^^^^^
  File "C:\Users\shaun\AppData\Local\Packages\PythonSoftwareFoundation.Python.3.12_qbz5n2kfra8p0\LocalCache\local-packages\Python312\site-packages\telegram\ext\_updater.py", line 335, in polling_action_cb
    raise exc
  File "C:\Users\shaun\AppData\Local\Packages\PythonSoftwareFoundation.Python.3.12_qbz5n2kfra8p0\LocalCache\local-packages\Python312\site-packages\telegram\ext\_updater.py", line 320, in polling_action_cb
    updates = await self.bot.get_updates(
              ^^^^^^^^^^^^^^^^^^^^^^^^^^^
  File "C:\Users\shaun\AppData\Local\Packages\PythonSoftwareFoundation.Python.3.12_qbz5n2kfra8p0\LocalCache\local-packages\Python312\site-packages\telegram\ext\_extbot.py", line 543, in get_updates
    updates = await super().get_updates(
              ^^^^^^^^^^^^^^^^^^^^^^^^^^
  File "C:\Users\shaun\AppData\Local\Packages\PythonSoftwareFoundation.Python.3.12_qbz5n2kfra8p0\LocalCache\local-packages\Python312\site-packages\telegram\_bot.py", line 381, in decorator
    result = await func(self, *args, **kwargs)  # skipcq: PYL-E1102
             ^^^^^^^^^^^^^^^^^^^^^^^^^^^^^^^^^
  File "C:\Users\shaun\AppData\Local\Packages\PythonSoftwareFoundation.Python.3.12_qbz5n2kfra8p0\LocalCache\local-packages\Python312\site-packages\telegram\_bot.py", line 3661, in get_updates
    await self._post(
  File "C:\Users\shaun\AppData\Local\Packages\PythonSoftwareFoundation.Python.3.12_qbz5n2kfra8p0\LocalCache\local-packages\Python312\site-packages\telegram\_bot.py", line 469, in _post
    return await self._do_post(
           ^^^^^^^^^^^^^^^^^^^^
  File "C:\Users\shaun\AppData\Local\Packages\PythonSoftwareFoundation.Python.3.12_qbz5n2kfra8p0\LocalCache\local-packages\Python312\site-packages\telegram\ext\_extbot.py", line 325, in _do_post
    return await super()._do_post(
           ^^^^^^^^^^^^^^^^^^^^^^^
  File "C:\Users\shaun\AppData\Local\Packages\PythonSoftwareFoundation.Python.3.12_qbz5n2kfra8p0\LocalCache\local-packages\Python312\site-packages\telegram\_bot.py", line 497, in _do_post
    return await request.post(
           ^^^^^^^^^^^^^^^^^^^
  File "C:\Users\shaun\AppData\Local\Packages\PythonSoftwareFoundation.Python.3.12_qbz5n2kfra8p0\LocalCache\local-packages\Python312\site-packages\telegram\request\_baserequest.py", line 168, in post
    result = await self._request_wrapper(
             ^^^^^^^^^^^^^^^^^^^^^^^^^^^^
  File "C:\Users\shaun\AppData\Local\Packages\PythonSoftwareFoundation.Python.3.12_qbz5n2kfra8p0\LocalCache\local-packages\Python312\site-packages\telegram\request\_baserequest.py", line 291, in _request_wrapper
    raise exc
  File "C:\Users\shaun\AppData\Local\Packages\PythonSoftwareFoundation.Python.3.12_qbz5n2kfra8p0\LocalCache\local-packages\Python312\site-packages\telegram\request\_baserequest.py", line 277, in _request_wrapper
    code, payload = await self.do_request(
                    ^^^^^^^^^^^^^^^^^^^^^^
  File "C:\Users\shaun\AppData\Local\Packages\PythonSoftwareFoundation.Python.3.12_qbz5n2kfra8p0\LocalCache\local-packages\Python312\site-packages\telegram\request\_httpxrequest.py", line 240, in do_request
    raise NetworkError(f"httpx.{err.__class__.__name__}: {err}") from err
telegram.error.NetworkError: httpx.ConnectError: [Errno 11001] getaddrinfo failed
2026-02-23 05:06:59,274 [INFO] HTTP Request: POST https://api.telegram.org/bot7537529456:AAEm8FIuTXZvSHmujUCzixHhdggUYAALYp8/getUpdates "HTTP/1.1 200 OK"
2026-02-23 05:07:03,046 [INFO] HTTP Request: POST https://api.telegram.org/bot7537529456:AAEm8FIuTXZvSHmujUCzixHhdggUYAALYp8/getUpdates "HTTP/1.1 200 OK"
2026-02-23 05:07:07,485 [INFO] HTTP Request: POST https://api.telegram.org/bot7537529456:AAEm8FIuTXZvSHmujUCzixHhdggUYAALYp8/getUpdates "HTTP/1.1 200 OK"
2026-02-23 05:07:18,056 [INFO] HTTP Request: POST https://api.telegram.org/bot7537529456:AAEm8FIuTXZvSHmujUCzixHhdggUYAALYp8/getUpdates "HTTP/1.1 200 OK"
2026-02-23 05:07:28,315 [INFO] HTTP Request: POST https://api.telegram.org/bot7537529456:AAEm8FIuTXZvSHmujUCzixHhdggUYAALYp8/getUpdates "HTTP/1.1 200 OK"
2026-02-23 05:07:28,830 [INFO] HTTP Request: POST https://api.telegram.org/bot7537529456:AAEm8FIuTXZvSHmujUCzixHhdggUYAALYp8/getUpdates "HTTP/1.1 200 OK"
2026-02-23 05:07:39,354 [INFO] HTTP Request: POST https://api.telegram.org/bot7537529456:AAEm8FIuTXZvSHmujUCzixHhdggUYAALYp8/getUpdates "HTTP/1.1 200 OK"
2026-02-23 05:07:49,610 [INFO] HTTP Request: POST https://api.telegram.org/bot7537529456:AAEm8FIuTXZvSHmujUCzixHhdggUYAALYp8/getUpdates "HTTP/1.1 200 OK"
2026-02-23 05:07:55,221 [INFO] HTTP Request: POST https://api.telegram.org/bot7537529456:AAEm8FIuTXZvSHmujUCzixHhdggUYAALYp8/getUpdates "HTTP/1.1 200 OK"
2026-02-23 05:08:03,724 [INFO] HTTP Request: POST https://api.telegram.org/bot7537529456:AAEm8FIuTXZvSHmujUCzixHhdggUYAALYp8/getUpdates "HTTP/1.1 200 OK"
2026-02-23 05:08:14,005 [INFO] HTTP Request: POST https://api.telegram.org/bot7537529456:AAEm8FIuTXZvSHmujUCzixHhdggUYAALYp8/getUpdates "HTTP/1.1 200 OK"
2026-02-23 05:08:24,515 [INFO] HTTP Request: POST https://api.telegram.org/bot7537529456:AAEm8FIuTXZvSHmujUCzixHhdggUYAALYp8/getUpdates "HTTP/1.1 200 OK"
2026-02-23 05:08:34,747 [INFO] HTTP Request: POST https://api.telegram.org/bot7537529456:AAEm8FIuTXZvSHmujUCzixHhdggUYAALYp8/getUpdates "HTTP/1.1 200 OK"
2026-02-23 05:08:45,088 [INFO] HTTP Request: POST https://api.telegram.org/bot7537529456:AAEm8FIuTXZvSHmujUCzixHhdggUYAALYp8/getUpdates "HTTP/1.1 200 OK"
2026-02-23 05:08:55,376 [INFO] HTTP Request: POST https://api.telegram.org/bot7537529456:AAEm8FIuTXZvSHmujUCzixHhdggUYAALYp8/getUpdates "HTTP/1.1 200 OK"
2026-02-23 05:09:05,971 [INFO] HTTP Request: POST https://api.telegram.org/bot7537529456:AAEm8FIuTXZvSHmujUCzixHhdggUYAALYp8/getUpdates "HTTP/1.1 200 OK"
2026-02-23 05:09:16,274 [INFO] HTTP Request: POST https://api.telegram.org/bot7537529456:AAEm8FIuTXZvSHmujUCzixHhdggUYAALYp8/getUpdates "HTTP/1.1 200 OK"
2026-02-23 05:09:26,767 [INFO] HTTP Request: POST https://api.telegram.org/bot7537529456:AAEm8FIuTXZvSHmujUCzixHhdggUYAALYp8/getUpdates "HTTP/1.1 200 OK"
2026-02-23 05:09:37,314 [INFO] HTTP Request: POST https://api.telegram.org/bot7537529456:AAEm8FIuTXZvSHmujUCzixHhdggUYAALYp8/getUpdates "HTTP/1.1 200 OK"
2026-02-23 05:09:47,657 [INFO] HTTP Request: POST https://api.telegram.org/bot7537529456:AAEm8FIuTXZvSHmujUCzixHhdggUYAALYp8/getUpdates "HTTP/1.1 200 OK"
2026-02-23 05:09:58,198 [INFO] HTTP Request: POST https://api.telegram.org/bot7537529456:AAEm8FIuTXZvSHmujUCzixHhdggUYAALYp8/getUpdates "HTTP/1.1 200 OK"
2026-02-23 05:10:08,626 [INFO] HTTP Request: POST https://api.telegram.org/bot7537529456:AAEm8FIuTXZvSHmujUCzixHhdggUYAALYp8/getUpdates "HTTP/1.1 200 OK"
2026-02-23 05:10:11,326 [INFO] HTTP Request: POST https://api.telegram.org/bot7537529456:AAEm8FIuTXZvSHmujUCzixHhdggUYAALYp8/getUpdates "HTTP/1.1 200 OK"
2026-02-23 05:10:21,858 [INFO] HTTP Request: POST https://api.telegram.org/bot7537529456:AAEm8FIuTXZvSHmujUCzixHhdggUYAALYp8/getUpdates "HTTP/1.1 200 OK"
2026-02-23 05:10:30,341 [INFO] HTTP Request: POST https://api.telegram.org/bot7537529456:AAEm8FIuTXZvSHmujUCzixHhdggUYAALYp8/getUpdates "HTTP/1.1 200 OK"
2026-02-23 05:10:40,607 [INFO] HTTP Request: POST https://api.telegram.org/bot7537529456:AAEm8FIuTXZvSHmujUCzixHhdggUYAALYp8/getUpdates "HTTP/1.1 200 OK"
2026-02-23 05:10:42,339 [INFO] HTTP Request: POST https://api.telegram.org/bot7537529456:AAEm8FIuTXZvSHmujUCzixHhdggUYAALYp8/getUpdates "HTTP/1.1 200 OK"
2026-02-23 05:10:47,402 [INFO] HTTP Request: POST https://api.telegram.org/bot7537529456:AAEm8FIuTXZvSHmujUCzixHhdggUYAALYp8/getUpdates "HTTP/1.1 200 OK"
2026-02-23 05:10:54,935 [INFO] HTTP Request: POST https://api.telegram.org/bot7537529456:AAEm8FIuTXZvSHmujUCzixHhdggUYAALYp8/getUpdates "HTTP/1.1 200 OK"
2026-02-23 05:11:05,471 [INFO] HTTP Request: POST https://api.telegram.org/bot7537529456:AAEm8FIuTXZvSHmujUCzixHhdggUYAALYp8/getUpdates "HTTP/1.1 200 OK"
2026-02-23 05:11:15,731 [INFO] HTTP Request: POST https://api.telegram.org/bot7537529456:AAEm8FIuTXZvSHmujUCzixHhdggUYAALYp8/getUpdates "HTTP/1.1 200 OK"
2026-02-23 05:11:16,688 [INFO] HTTP Request: POST https://api.telegram.org/bot7537529456:AAEm8FIuTXZvSHmujUCzixHhdggUYAALYp8/getUpdates "HTTP/1.1 200 OK"
2026-02-23 05:11:19,407 [INFO] HTTP Request: POST https://api.telegram.org/bot7537529456:AAEm8FIuTXZvSHmujUCzixHhdggUYAALYp8/getUpdates "HTTP/1.1 200 OK"
2026-02-23 05:11:23,503 [INFO] HTTP Request: POST https://api.telegram.org/bot7537529456:AAEm8FIuTXZvSHmujUCzixHhdggUYAALYp8/getUpdates "HTTP/1.1 200 OK"
2026-02-23 05:11:33,846 [INFO] HTTP Request: POST https://api.telegram.org/bot7537529456:AAEm8FIuTXZvSHmujUCzixHhdggUYAALYp8/getUpdates "HTTP/1.1 200 OK"
2026-02-23 05:11:38,602 [INFO] HTTP Request: POST https://api.telegram.org/bot7537529456:AAEm8FIuTXZvSHmujUCzixHhdggUYAALYp8/getUpdates "HTTP/1.1 200 OK"
2026-02-23 05:11:48,908 [INFO] HTTP Request: POST https://api.telegram.org/bot7537529456:AAEm8FIuTXZvSHmujUCzixHhdggUYAALYp8/getUpdates "HTTP/1.1 200 OK"
2026-02-23 05:11:59,343 [INFO] HTTP Request: POST https://api.telegram.org/bot7537529456:AAEm8FIuTXZvSHmujUCzixHhdggUYAALYp8/getUpdates "HTTP/1.1 200 OK"
2026-02-23 05:12:10,416 [INFO] HTTP Request: POST https://api.telegram.org/bot7537529456:AAEm8FIuTXZvSHmujUCzixHhdggUYAALYp8/getUpdates "HTTP/1.1 200 OK"
2026-02-23 05:12:20,847 [INFO] HTTP Request: POST https://api.telegram.org/bot7537529456:AAEm8FIuTXZvSHmujUCzixHhdggUYAALYp8/getUpdates "HTTP/1.1 200 OK"
2026-02-23 05:12:31,188 [INFO] HTTP Request: POST https://api.telegram.org/bot7537529456:AAEm8FIuTXZvSHmujUCzixHhdggUYAALYp8/getUpdates "HTTP/1.1 200 OK"
2026-02-23 05:12:41,440 [INFO] HTTP Request: POST https://api.telegram.org/bot7537529456:AAEm8FIuTXZvSHmujUCzixHhdggUYAALYp8/getUpdates "HTTP/1.1 200 OK"
2026-02-23 05:12:51,802 [INFO] HTTP Request: POST https://api.telegram.org/bot7537529456:AAEm8FIuTXZvSHmujUCzixHhdggUYAALYp8/getUpdates "HTTP/1.1 200 OK"
2026-02-23 05:13:02,423 [INFO] HTTP Request: POST https://api.telegram.org/bot7537529456:AAEm8FIuTXZvSHmujUCzixHhdggUYAALYp8/getUpdates "HTTP/1.1 200 OK"
2026-02-23 05:13:12,770 [INFO] HTTP Request: POST https://api.telegram.org/bot7537529456:AAEm8FIuTXZvSHmujUCzixHhdggUYAALYp8/getUpdates "HTTP/1.1 200 OK"
2026-02-23 05:13:23,214 [INFO] HTTP Request: POST https://api.telegram.org/bot7537529456:AAEm8FIuTXZvSHmujUCzixHhdggUYAALYp8/getUpdates "HTTP/1.1 200 OK"
2026-02-23 05:13:33,654 [INFO] HTTP Request: POST https://api.telegram.org/bot7537529456:AAEm8FIuTXZvSHmujUCzixHhdggUYAALYp8/getUpdates "HTTP/1.1 200 OK"
2026-02-23 05:13:43,996 [INFO] HTTP Request: POST https://api.telegram.org/bot7537529456:AAEm8FIuTXZvSHmujUCzixHhdggUYAALYp8/getUpdates "HTTP/1.1 200 OK"
2026-02-23 05:13:54,246 [INFO] HTTP Request: POST https://api.telegram.org/bot7537529456:AAEm8FIuTXZvSHmujUCzixHhdggUYAALYp8/getUpdates "HTTP/1.1 200 OK"
2026-02-23 05:14:04,589 [INFO] HTTP Request: POST https://api.telegram.org/bot7537529456:AAEm8FIuTXZvSHmujUCzixHhdggUYAALYp8/getUpdates "HTTP/1.1 200 OK"
2026-02-23 05:14:06,832 [INFO] HTTP Request: POST https://api.telegram.org/bot7537529456:AAEm8FIuTXZvSHmujUCzixHhdggUYAALYp8/getUpdates "HTTP/1.1 200 OK"
2026-02-23 05:14:17,384 [INFO] HTTP Request: POST https://api.telegram.org/bot7537529456:AAEm8FIuTXZvSHmujUCzixHhdggUYAALYp8/getUpdates "HTTP/1.1 200 OK"
2026-02-23 05:14:25,467 [INFO] HTTP Request: POST https://api.telegram.org/bot7537529456:AAEm8FIuTXZvSHmujUCzixHhdggUYAALYp8/getUpdates "HTTP/1.1 200 OK"
2026-02-23 05:14:36,016 [INFO] HTTP Request: POST https://api.telegram.org/bot7537529456:AAEm8FIuTXZvSHmujUCzixHhdggUYAALYp8/getUpdates "HTTP/1.1 200 OK"
2026-02-23 05:14:46,302 [INFO] HTTP Request: POST https://api.telegram.org/bot7537529456:AAEm8FIuTXZvSHmujUCzixHhdggUYAALYp8/getUpdates "HTTP/1.1 200 OK"
2026-02-23 05:14:54,558 [INFO] HTTP Request: POST https://api.telegram.org/bot7537529456:AAEm8FIuTXZvSHmujUCzixHhdggUYAALYp8/getUpdates "HTTP/1.1 200 OK"
2026-02-23 05:15:05,303 [INFO] HTTP Request: POST https://api.telegram.org/bot7537529456:AAEm8FIuTXZvSHmujUCzixHhdggUYAALYp8/getUpdates "HTTP/1.1 200 OK"
2026-02-23 05:15:15,747 [INFO] HTTP Request: POST https://api.telegram.org/bot7537529456:AAEm8FIuTXZvSHmujUCzixHhdggUYAALYp8/getUpdates "HTTP/1.1 200 OK"
2026-02-23 05:15:26,293 [INFO] HTTP Request: POST https://api.telegram.org/bot7537529456:AAEm8FIuTXZvSHmujUCzixHhdggUYAALYp8/getUpdates "HTTP/1.1 200 OK"
2026-02-23 05:15:36,743 [INFO] HTTP Request: POST https://api.telegram.org/bot7537529456:AAEm8FIuTXZvSHmujUCzixHhdggUYAALYp8/getUpdates "HTTP/1.1 200 OK"
2026-02-23 05:15:47,025 [INFO] HTTP Request: POST https://api.telegram.org/bot7537529456:AAEm8FIuTXZvSHmujUCzixHhdggUYAALYp8/getUpdates "HTTP/1.1 200 OK"
2026-02-23 05:15:57,525 [INFO] HTTP Request: POST https://api.telegram.org/bot7537529456:AAEm8FIuTXZvSHmujUCzixHhdggUYAALYp8/getUpdates "HTTP/1.1 200 OK"
2026-02-23 05:16:07,776 [INFO] HTTP Request: POST https://api.telegram.org/bot7537529456:AAEm8FIuTXZvSHmujUCzixHhdggUYAALYp8/getUpdates "HTTP/1.1 200 OK"
2026-02-23 05:16:18,154 [INFO] HTTP Request: POST https://api.telegram.org/bot7537529456:AAEm8FIuTXZvSHmujUCzixHhdggUYAALYp8/getUpdates "HTTP/1.1 200 OK"
2026-02-23 05:16:28,655 [INFO] HTTP Request: POST https://api.telegram.org/bot7537529456:AAEm8FIuTXZvSHmujUCzixHhdggUYAALYp8/getUpdates "HTTP/1.1 200 OK"
2026-02-23 05:16:39,209 [INFO] HTTP Request: POST https://api.telegram.org/bot7537529456:AAEm8FIuTXZvSHmujUCzixHhdggUYAALYp8/getUpdates "HTTP/1.1 200 OK"
2026-02-23 05:16:49,545 [INFO] HTTP Request: POST https://api.telegram.org/bot7537529456:AAEm8FIuTXZvSHmujUCzixHhdggUYAALYp8/getUpdates "HTTP/1.1 200 OK"
2026-02-23 05:16:59,887 [INFO] HTTP Request: POST https://api.telegram.org/bot7537529456:AAEm8FIuTXZvSHmujUCzixHhdggUYAALYp8/getUpdates "HTTP/1.1 200 OK"
2026-02-23 05:17:10,157 [INFO] HTTP Request: POST https://api.telegram.org/bot7537529456:AAEm8FIuTXZvSHmujUCzixHhdggUYAALYp8/getUpdates "HTTP/1.1 200 OK"
2026-02-23 05:17:20,777 [INFO] HTTP Request: POST https://api.telegram.org/bot7537529456:AAEm8FIuTXZvSHmujUCzixHhdggUYAALYp8/getUpdates "HTTP/1.1 200 OK"
2026-02-23 05:17:31,433 [INFO] HTTP Request: POST https://api.telegram.org/bot7537529456:AAEm8FIuTXZvSHmujUCzixHhdggUYAALYp8/getUpdates "HTTP/1.1 200 OK"
2026-02-23 05:17:41,779 [INFO] HTTP Request: POST https://api.telegram.org/bot7537529456:AAEm8FIuTXZvSHmujUCzixHhdggUYAALYp8/getUpdates "HTTP/1.1 200 OK"
2026-02-23 05:17:52,219 [INFO] HTTP Request: POST https://api.telegram.org/bot7537529456:AAEm8FIuTXZvSHmujUCzixHhdggUYAALYp8/getUpdates "HTTP/1.1 200 OK"
2026-02-23 05:18:02,565 [INFO] HTTP Request: POST https://api.telegram.org/bot7537529456:AAEm8FIuTXZvSHmujUCzixHhdggUYAALYp8/getUpdates "HTTP/1.1 200 OK"
2026-02-23 05:18:12,907 [INFO] HTTP Request: POST https://api.telegram.org/bot7537529456:AAEm8FIuTXZvSHmujUCzixHhdggUYAALYp8/getUpdates "HTTP/1.1 200 OK"
2026-02-23 05:18:23,650 [INFO] HTTP Request: POST https://api.telegram.org/bot7537529456:AAEm8FIuTXZvSHmujUCzixHhdggUYAALYp8/getUpdates "HTTP/1.1 200 OK"
2026-02-23 05:18:34,095 [INFO] HTTP Request: POST https://api.telegram.org/bot7537529456:AAEm8FIuTXZvSHmujUCzixHhdggUYAALYp8/getUpdates "HTTP/1.1 200 OK"
2026-02-23 05:18:44,444 [INFO] HTTP Request: POST https://api.telegram.org/bot7537529456:AAEm8FIuTXZvSHmujUCzixHhdggUYAALYp8/getUpdates "HTTP/1.1 200 OK"
2026-02-23 05:18:55,093 [INFO] HTTP Request: POST https://api.telegram.org/bot7537529456:AAEm8FIuTXZvSHmujUCzixHhdggUYAALYp8/getUpdates "HTTP/1.1 200 OK"
2026-02-23 05:19:05,947 [INFO] HTTP Request: POST https://api.telegram.org/bot7537529456:AAEm8FIuTXZvSHmujUCzixHhdggUYAALYp8/getUpdates "HTTP/1.1 200 OK"
2026-02-23 05:19:16,387 [INFO] HTTP Request: POST https://api.telegram.org/bot7537529456:AAEm8FIuTXZvSHmujUCzixHhdggUYAALYp8/getUpdates "HTTP/1.1 200 OK"
2026-02-23 05:19:26,827 [INFO] HTTP Request: POST https://api.telegram.org/bot7537529456:AAEm8FIuTXZvSHmujUCzixHhdggUYAALYp8/getUpdates "HTTP/1.1 200 OK"
2026-02-23 05:19:37,219 [INFO] HTTP Request: POST https://api.telegram.org/bot7537529456:AAEm8FIuTXZvSHmujUCzixHhdggUYAALYp8/getUpdates "HTTP/1.1 200 OK"
2026-02-23 05:19:47,721 [INFO] HTTP Request: POST https://api.telegram.org/bot7537529456:AAEm8FIuTXZvSHmujUCzixHhdggUYAALYp8/getUpdates "HTTP/1.1 200 OK"
2026-02-23 05:19:58,166 [INFO] HTTP Request: POST https://api.telegram.org/bot7537529456:AAEm8FIuTXZvSHmujUCzixHhdggUYAALYp8/getUpdates "HTTP/1.1 200 OK"
2026-02-23 05:20:08,403 [INFO] HTTP Request: POST https://api.telegram.org/bot7537529456:AAEm8FIuTXZvSHmujUCzixHhdggUYAALYp8/getUpdates "HTTP/1.1 200 OK"
2026-02-23 05:20:18,959 [INFO] HTTP Request: POST https://api.telegram.org/bot7537529456:AAEm8FIuTXZvSHmujUCzixHhdggUYAALYp8/getUpdates "HTTP/1.1 200 OK"
2026-02-23 05:20:29,215 [INFO] HTTP Request: POST https://api.telegram.org/bot7537529456:AAEm8FIuTXZvSHmujUCzixHhdggUYAALYp8/getUpdates "HTTP/1.1 200 OK"
2026-02-23 05:20:39,643 [INFO] HTTP Request: POST https://api.telegram.org/bot7537529456:AAEm8FIuTXZvSHmujUCzixHhdggUYAALYp8/getUpdates "HTTP/1.1 200 OK"
2026-02-23 05:20:49,886 [INFO] HTTP Request: POST https://api.telegram.org/bot7537529456:AAEm8FIuTXZvSHmujUCzixHhdggUYAALYp8/getUpdates "HTTP/1.1 200 OK"
2026-02-23 05:21:00,237 [INFO] HTTP Request: POST https://api.telegram.org/bot7537529456:AAEm8FIuTXZvSHmujUCzixHhdggUYAALYp8/getUpdates "HTTP/1.1 200 OK"
2026-02-23 05:21:10,777 [INFO] HTTP Request: POST https://api.telegram.org/bot7537529456:AAEm8FIuTXZvSHmujUCzixHhdggUYAALYp8/getUpdates "HTTP/1.1 200 OK"
2026-02-23 05:21:21,157 [INFO] HTTP Request: POST https://api.telegram.org/bot7537529456:AAEm8FIuTXZvSHmujUCzixHhdggUYAALYp8/getUpdates "HTTP/1.1 200 OK"
2026-02-23 05:21:31,862 [INFO] HTTP Request: POST https://api.telegram.org/bot7537529456:AAEm8FIuTXZvSHmujUCzixHhdggUYAALYp8/getUpdates "HTTP/1.1 200 OK"
2026-02-23 05:21:42,146 [INFO] HTTP Request: POST https://api.telegram.org/bot7537529456:AAEm8FIuTXZvSHmujUCzixHhdggUYAALYp8/getUpdates "HTTP/1.1 200 OK"
2026-02-23 05:21:52,553 [INFO] HTTP Request: POST https://api.telegram.org/bot7537529456:AAEm8FIuTXZvSHmujUCzixHhdggUYAALYp8/getUpdates "HTTP/1.1 200 OK"
2026-02-23 05:22:02,985 [INFO] HTTP Request: POST https://api.telegram.org/bot7537529456:AAEm8FIuTXZvSHmujUCzixHhdggUYAALYp8/getUpdates "HTTP/1.1 200 OK"
2026-02-23 05:22:13,846 [INFO] HTTP Request: POST https://api.telegram.org/bot7537529456:AAEm8FIuTXZvSHmujUCzixHhdggUYAALYp8/getUpdates "HTTP/1.1 200 OK"
2026-02-23 05:22:24,495 [INFO] HTTP Request: POST https://api.telegram.org/bot7537529456:AAEm8FIuTXZvSHmujUCzixHhdggUYAALYp8/getUpdates "HTTP/1.1 200 OK"
2026-02-23 05:22:34,946 [INFO] HTTP Request: POST https://api.telegram.org/bot7537529456:AAEm8FIuTXZvSHmujUCzixHhdggUYAALYp8/getUpdates "HTTP/1.1 200 OK"
2026-02-23 05:22:46,614 [INFO] HTTP Request: POST https://api.telegram.org/bot7537529456:AAEm8FIuTXZvSHmujUCzixHhdggUYAALYp8/getUpdates "HTTP/1.1 200 OK"
2026-02-23 05:22:56,863 [INFO] HTTP Request: POST https://api.telegram.org/bot7537529456:AAEm8FIuTXZvSHmujUCzixHhdggUYAALYp8/getUpdates "HTTP/1.1 200 OK"
2026-02-23 05:23:07,271 [INFO] HTTP Request: POST https://api.telegram.org/bot7537529456:AAEm8FIuTXZvSHmujUCzixHhdggUYAALYp8/getUpdates "HTTP/1.1 200 OK"
2026-02-23 05:23:17,547 [INFO] HTTP Request: POST https://api.telegram.org/bot7537529456:AAEm8FIuTXZvSHmujUCzixHhdggUYAALYp8/getUpdates "HTTP/1.1 200 OK"
2026-02-23 05:23:28,091 [INFO] HTTP Request: POST https://api.telegram.org/bot7537529456:AAEm8FIuTXZvSHmujUCzixHhdggUYAALYp8/getUpdates "HTTP/1.1 200 OK"
2026-02-23 05:23:38,740 [INFO] HTTP Request: POST https://api.telegram.org/bot7537529456:AAEm8FIuTXZvSHmujUCzixHhdggUYAALYp8/getUpdates "HTTP/1.1 200 OK"
2026-02-23 05:23:49,179 [INFO] HTTP Request: POST https://api.telegram.org/bot7537529456:AAEm8FIuTXZvSHmujUCzixHhdggUYAALYp8/getUpdates "HTTP/1.1 200 OK"
2026-02-23 05:23:59,447 [INFO] HTTP Request: POST https://api.telegram.org/bot7537529456:AAEm8FIuTXZvSHmujUCzixHhdggUYAALYp8/getUpdates "HTTP/1.1 200 OK"
2026-02-23 05:24:09,772 [INFO] HTTP Request: POST https://api.telegram.org/bot7537529456:AAEm8FIuTXZvSHmujUCzixHhdggUYAALYp8/getUpdates "HTTP/1.1 200 OK"
2026-02-23 05:24:20,413 [INFO] HTTP Request: POST https://api.telegram.org/bot7537529456:AAEm8FIuTXZvSHmujUCzixHhdggUYAALYp8/getUpdates "HTTP/1.1 200 OK"
2026-02-23 05:24:30,662 [INFO] HTTP Request: POST https://api.telegram.org/bot7537529456:AAEm8FIuTXZvSHmujUCzixHhdggUYAALYp8/getUpdates "HTTP/1.1 200 OK"
2026-02-23 05:24:41,039 [INFO] HTTP Request: POST https://api.telegram.org/bot7537529456:AAEm8FIuTXZvSHmujUCzixHhdggUYAALYp8/getUpdates "HTTP/1.1 200 OK"
2026-02-23 05:24:51,346 [INFO] HTTP Request: POST https://api.telegram.org/bot7537529456:AAEm8FIuTXZvSHmujUCzixHhdggUYAALYp8/getUpdates "HTTP/1.1 200 OK"
2026-02-23 05:25:01,782 [INFO] HTTP Request: POST https://api.telegram.org/bot7537529456:AAEm8FIuTXZvSHmujUCzixHhdggUYAALYp8/getUpdates "HTTP/1.1 200 OK"
2026-02-23 05:25:12,431 [INFO] HTTP Request: POST https://api.telegram.org/bot7537529456:AAEm8FIuTXZvSHmujUCzixHhdggUYAALYp8/getUpdates "HTTP/1.1 200 OK"
2026-02-23 05:25:22,681 [INFO] HTTP Request: POST https://api.telegram.org/bot7537529456:AAEm8FIuTXZvSHmujUCzixHhdggUYAALYp8/getUpdates "HTTP/1.1 200 OK"
2026-02-23 05:25:33,321 [INFO] HTTP Request: POST https://api.telegram.org/bot7537529456:AAEm8FIuTXZvSHmujUCzixHhdggUYAALYp8/getUpdates "HTTP/1.1 200 OK"
2026-02-23 05:25:43,832 [INFO] HTTP Request: POST https://api.telegram.org/bot7537529456:AAEm8FIuTXZvSHmujUCzixHhdggUYAALYp8/getUpdates "HTTP/1.1 200 OK"
2026-02-23 05:25:54,215 [INFO] HTTP Request: POST https://api.telegram.org/bot7537529456:AAEm8FIuTXZvSHmujUCzixHhdggUYAALYp8/getUpdates "HTTP/1.1 200 OK"
2026-02-23 05:26:04,655 [INFO] HTTP Request: POST https://api.telegram.org/bot7537529456:AAEm8FIuTXZvSHmujUCzixHhdggUYAALYp8/getUpdates "HTTP/1.1 200 OK"
2026-02-23 05:26:14,903 [INFO] HTTP Request: POST https://api.telegram.org/bot7537529456:AAEm8FIuTXZvSHmujUCzixHhdggUYAALYp8/getUpdates "HTTP/1.1 200 OK"
2026-02-23 05:26:25,283 [INFO] HTTP Request: POST https://api.telegram.org/bot7537529456:AAEm8FIuTXZvSHmujUCzixHhdggUYAALYp8/getUpdates "HTTP/1.1 200 OK"
2026-02-23 05:26:35,596 [INFO] HTTP Request: POST https://api.telegram.org/bot7537529456:AAEm8FIuTXZvSHmujUCzixHhdggUYAALYp8/getUpdates "HTTP/1.1 200 OK"
2026-02-23 05:26:46,099 [INFO] HTTP Request: POST https://api.telegram.org/bot7537529456:AAEm8FIuTXZvSHmujUCzixHhdggUYAALYp8/getUpdates "HTTP/1.1 200 OK"
2026-02-23 05:26:56,674 [INFO] HTTP Request: POST https://api.telegram.org/bot7537529456:AAEm8FIuTXZvSHmujUCzixHhdggUYAALYp8/getUpdates "HTTP/1.1 200 OK"
2026-02-23 05:27:07,062 [INFO] HTTP Request: POST https://api.telegram.org/bot7537529456:AAEm8FIuTXZvSHmujUCzixHhdggUYAALYp8/getUpdates "HTTP/1.1 200 OK"
2026-02-23 05:27:17,467 [INFO] HTTP Request: POST https://api.telegram.org/bot7537529456:AAEm8FIuTXZvSHmujUCzixHhdggUYAALYp8/getUpdates "HTTP/1.1 200 OK"
2026-02-23 05:27:28,222 [INFO] HTTP Request: POST https://api.telegram.org/bot7537529456:AAEm8FIuTXZvSHmujUCzixHhdggUYAALYp8/getUpdates "HTTP/1.1 200 OK"
2026-02-23 05:27:38,601 [INFO] HTTP Request: POST https://api.telegram.org/bot7537529456:AAEm8FIuTXZvSHmujUCzixHhdggUYAALYp8/getUpdates "HTTP/1.1 200 OK"
2026-02-23 05:27:49,108 [INFO] HTTP Request: POST https://api.telegram.org/bot7537529456:AAEm8FIuTXZvSHmujUCzixHhdggUYAALYp8/getUpdates "HTTP/1.1 200 OK"
2026-02-23 05:27:59,547 [INFO] HTTP Request: POST https://api.telegram.org/bot7537529456:AAEm8FIuTXZvSHmujUCzixHhdggUYAALYp8/getUpdates "HTTP/1.1 200 OK"
2026-02-23 05:28:10,304 [INFO] HTTP Request: POST https://api.telegram.org/bot7537529456:AAEm8FIuTXZvSHmujUCzixHhdggUYAALYp8/getUpdates "HTTP/1.1 200 OK"
2026-02-23 05:28:20,847 [INFO] HTTP Request: POST https://api.telegram.org/bot7537529456:AAEm8FIuTXZvSHmujUCzixHhdggUYAALYp8/getUpdates "HTTP/1.1 200 OK"
2026-02-23 05:28:31,298 [INFO] HTTP Request: POST https://api.telegram.org/bot7537529456:AAEm8FIuTXZvSHmujUCzixHhdggUYAALYp8/getUpdates "HTTP/1.1 200 OK"
2026-02-23 05:28:41,741 [INFO] HTTP Request: POST https://api.telegram.org/bot7537529456:AAEm8FIuTXZvSHmujUCzixHhdggUYAALYp8/getUpdates "HTTP/1.1 200 OK"
2026-02-23 05:28:52,124 [INFO] HTTP Request: POST https://api.telegram.org/bot7537529456:AAEm8FIuTXZvSHmujUCzixHhdggUYAALYp8/getUpdates "HTTP/1.1 200 OK"
2026-02-23 05:29:02,444 [INFO] HTTP Request: POST https://api.telegram.org/bot7537529456:AAEm8FIuTXZvSHmujUCzixHhdggUYAALYp8/getUpdates "HTTP/1.1 200 OK"
2026-02-23 05:29:12,681 [INFO] HTTP Request: POST https://api.telegram.org/bot7537529456:AAEm8FIuTXZvSHmujUCzixHhdggUYAALYp8/getUpdates "HTTP/1.1 200 OK"
2026-02-23 05:29:23,052 [INFO] HTTP Request: POST https://api.telegram.org/bot7537529456:AAEm8FIuTXZvSHmujUCzixHhdggUYAALYp8/getUpdates "HTTP/1.1 200 OK"
2026-02-23 05:29:33,960 [INFO] HTTP Request: POST https://api.telegram.org/bot7537529456:AAEm8FIuTXZvSHmujUCzixHhdggUYAALYp8/getUpdates "HTTP/1.1 200 OK"
2026-02-23 05:29:44,614 [INFO] HTTP Request: POST https://api.telegram.org/bot7537529456:AAEm8FIuTXZvSHmujUCzixHhdggUYAALYp8/getUpdates "HTTP/1.1 200 OK"
2026-02-23 05:29:54,961 [INFO] HTTP Request: POST https://api.telegram.org/bot7537529456:AAEm8FIuTXZvSHmujUCzixHhdggUYAALYp8/getUpdates "HTTP/1.1 200 OK"
2026-02-23 05:30:05,403 [INFO] HTTP Request: POST https://api.telegram.org/bot7537529456:AAEm8FIuTXZvSHmujUCzixHhdggUYAALYp8/getUpdates "HTTP/1.1 200 OK"
2026-02-23 05:30:15,739 [INFO] HTTP Request: POST https://api.telegram.org/bot7537529456:AAEm8FIuTXZvSHmujUCzixHhdggUYAALYp8/getUpdates "HTTP/1.1 200 OK"
2026-02-23 05:30:25,059 [INFO] HTTP Request: POST https://api.telegram.org/bot7537529456:AAEm8FIuTXZvSHmujUCzixHhdggUYAALYp8/getUpdates "HTTP/1.1 200 OK"
2026-02-23 05:30:26,799 [INFO] HTTP Request: POST https://api.telegram.org/bot7537529456:AAEm8FIuTXZvSHmujUCzixHhdggUYAALYp8/sendMessage "HTTP/1.1 200 OK"
2026-02-23 05:30:33,149 [INFO] HTTP Request: POST https://api.telegram.org/bot7537529456:AAEm8FIuTXZvSHmujUCzixHhdggUYAALYp8/getUpdates "HTTP/1.1 200 OK"
2026-02-23 05:30:34,284 [INFO] HTTP Request: POST https://api.telegram.org/bot7537529456:AAEm8FIuTXZvSHmujUCzixHhdggUYAALYp8/sendMessage "HTTP/1.1 200 OK"
2026-02-23 05:30:43,699 [INFO] HTTP Request: POST https://api.telegram.org/bot7537529456:AAEm8FIuTXZvSHmujUCzixHhdggUYAALYp8/getUpdates "HTTP/1.1 200 OK"
2026-02-23 05:30:47,018 [INFO] HTTP Request: POST https://api.telegram.org/bot7537529456:AAEm8FIuTXZvSHmujUCzixHhdggUYAALYp8/getUpdates "HTTP/1.1 200 OK"
2026-02-23 05:30:48,924 [INFO] HTTP Request: POST https://api.telegram.org/bot7537529456:AAEm8FIuTXZvSHmujUCzixHhdggUYAALYp8/sendMessage "HTTP/1.1 200 OK"
2026-02-23 05:30:49,438 [INFO] HTTP Request: POST https://api.telegram.org/bot7537529456:AAEm8FIuTXZvSHmujUCzixHhdggUYAALYp8/copyMessage "HTTP/1.1 200 OK"
2026-02-23 05:30:49,991 [INFO] HTTP Request: POST https://api.telegram.org/bot7537529456:AAEm8FIuTXZvSHmujUCzixHhdggUYAALYp8/sendPhoto "HTTP/1.1 200 OK"
2026-02-23 05:30:57,323 [INFO] HTTP Request: POST https://api.telegram.org/bot7537529456:AAEm8FIuTXZvSHmujUCzixHhdggUYAALYp8/getUpdates "HTTP/1.1 200 OK"
2026-02-23 05:30:58,236 [INFO] HTTP Request: POST https://api.telegram.org/bot7537529456:AAEm8FIuTXZvSHmujUCzixHhdggUYAALYp8/getUpdates "HTTP/1.1 200 OK"
2026-02-23 05:30:59,407 [INFO] HTTP Request: POST https://api.telegram.org/bot7537529456:AAEm8FIuTXZvSHmujUCzixHhdggUYAALYp8/answerCallbackQuery "HTTP/1.1 200 OK"
2026-02-23 05:30:59,885 [INFO] HTTP Request: POST https://api.telegram.org/bot7537529456:AAEm8FIuTXZvSHmujUCzixHhdggUYAALYp8/editMessageReplyMarkup "HTTP/1.1 200 OK"
2026-02-23 05:31:02,332 [INFO] HTTP Request: POST https://api.telegram.org/bot7537529456:AAEm8FIuTXZvSHmujUCzixHhdggUYAALYp8/getUpdates "HTTP/1.1 200 OK"
2026-02-23 05:31:03,057 [INFO] HTTP Request: POST https://api.telegram.org/bot7537529456:AAEm8FIuTXZvSHmujUCzixHhdggUYAALYp8/answerCallbackQuery "HTTP/1.1 200 OK"
2026-02-23 05:31:03,975 [INFO] HTTP Request: POST https://api.telegram.org/bot7537529456:AAEm8FIuTXZvSHmujUCzixHhdggUYAALYp8/sendMessage "HTTP/1.1 200 OK"
2026-02-23 05:31:06,233 [INFO] HTTP Request: GET https://api.mail.tm/domains "HTTP/1.1 200 OK"
2026-02-23 05:31:06,643 [INFO] HTTP Request: POST https://api.mail.tm/accounts "HTTP/1.1 201 Created"
2026-02-23 05:31:07,040 [INFO] HTTP Request: POST https://api.mail.tm/token "HTTP/1.1 200 OK"
2026-02-23 05:31:07,564 [INFO] HTTP Request: POST https://api.telegram.org/bot7537529456:AAEm8FIuTXZvSHmujUCzixHhdggUYAALYp8/editMessageText "HTTP/1.1 200 OK"
2026-02-23 05:31:09,714 [INFO] HTTP Request: POST https://api.telegram.org/bot7537529456:AAEm8FIuTXZvSHmujUCzixHhdggUYAALYp8/getUpdates "HTTP/1.1 200 OK"
2026-02-23 05:31:10,324 [INFO] HTTP Request: POST https://api.telegram.org/bot7537529456:AAEm8FIuTXZvSHmujUCzixHhdggUYAALYp8/answerCallbackQuery "HTTP/1.1 200 OK"
2026-02-23 05:31:11,101 [INFO] HTTP Request: POST https://api.telegram.org/bot7537529456:AAEm8FIuTXZvSHmujUCzixHhdggUYAALYp8/editMessageText "HTTP/1.1 200 OK"
2026-02-23 05:31:12,162 [INFO] HTTP Request: POST https://api.telegram.org/bot7537529456:AAEm8FIuTXZvSHmujUCzixHhdggUYAALYp8/getUpdates "HTTP/1.1 200 OK"
2026-02-23 05:31:12,720 [INFO] HTTP Request: POST https://api.telegram.org/bot7537529456:AAEm8FIuTXZvSHmujUCzixHhdggUYAALYp8/answerCallbackQuery "HTTP/1.1 200 OK"
2026-02-23 05:31:13,543 [INFO] HTTP Request: POST https://api.telegram.org/bot7537529456:AAEm8FIuTXZvSHmujUCzixHhdggUYAALYp8/editMessageCaption "HTTP/1.1 200 OK"
2026-02-23 05:31:14,799 [INFO] HTTP Request: POST https://api.telegram.org/bot7537529456:AAEm8FIuTXZvSHmujUCzixHhdggUYAALYp8/getUpdates "HTTP/1.1 200 OK"
2026-02-23 05:31:15,547 [INFO] HTTP Request: POST https://api.telegram.org/bot7537529456:AAEm8FIuTXZvSHmujUCzixHhdggUYAALYp8/sendMessage "HTTP/1.1 200 OK"
2026-02-23 05:31:16,155 [INFO] HTTP Request: POST https://api.telegram.org/bot7537529456:AAEm8FIuTXZvSHmujUCzixHhdggUYAALYp8/copyMessage "HTTP/1.1 200 OK"
2026-02-23 05:31:19,130 [INFO] HTTP Request: POST https://api.telegram.org/bot7537529456:AAEm8FIuTXZvSHmujUCzixHhdggUYAALYp8/getUpdates "HTTP/1.1 200 OK"
2026-02-23 05:31:19,945 [INFO] HTTP Request: POST https://api.telegram.org/bot7537529456:AAEm8FIuTXZvSHmujUCzixHhdggUYAALYp8/answerCallbackQuery "HTTP/1.1 200 OK"
2026-02-23 05:31:20,872 [INFO] HTTP Request: POST https://api.telegram.org/bot7537529456:AAEm8FIuTXZvSHmujUCzixHhdggUYAALYp8/editMessageCaption "HTTP/1.1 200 OK"
2026-02-23 05:31:26,196 [INFO] HTTP Request: POST https://api.telegram.org/bot7537529456:AAEm8FIuTXZvSHmujUCzixHhdggUYAALYp8/getUpdates "HTTP/1.1 200 OK"
2026-02-23 05:31:27,633 [INFO] HTTP Request: POST https://api.telegram.org/bot7537529456:AAEm8FIuTXZvSHmujUCzixHhdggUYAALYp8/sendMessage "HTTP/1.1 200 OK"
2026-02-23 05:31:29,800 [INFO] HTTP Request: GET https://apis.prexzyvilla.site/tools/allstyles?text=hello "HTTP/1.1 200 OK"
2026-02-23 05:31:30,804 [INFO] HTTP Request: POST https://api.telegram.org/bot7537529456:AAEm8FIuTXZvSHmujUCzixHhdggUYAALYp8/editMessageText "HTTP/1.1 200 OK"
2026-02-23 05:31:33,774 [INFO] HTTP Request: POST https://api.telegram.org/bot7537529456:AAEm8FIuTXZvSHmujUCzixHhdggUYAALYp8/getUpdates "HTTP/1.1 200 OK"
2026-02-23 05:31:34,792 [INFO] HTTP Request: POST https://api.telegram.org/bot7537529456:AAEm8FIuTXZvSHmujUCzixHhdggUYAALYp8/answerCallbackQuery "HTTP/1.1 200 OK"
2026-02-23 05:31:35,240 [INFO] HTTP Request: POST https://api.telegram.org/bot7537529456:AAEm8FIuTXZvSHmujUCzixHhdggUYAALYp8/editMessageReplyMarkup "HTTP/1.1 200 OK"
2026-02-23 05:31:39,153 [INFO] HTTP Request: POST https://api.telegram.org/bot7537529456:AAEm8FIuTXZvSHmujUCzixHhdggUYAALYp8/getUpdates "HTTP/1.1 200 OK"
2026-02-23 05:31:39,621 [INFO] HTTP Request: POST https://api.telegram.org/bot7537529456:AAEm8FIuTXZvSHmujUCzixHhdggUYAALYp8/answerCallbackQuery "HTTP/1.1 200 OK"
2026-02-23 05:31:40,526 [INFO] HTTP Request: POST https://api.telegram.org/bot7537529456:AAEm8FIuTXZvSHmujUCzixHhdggUYAALYp8/answerCallbackQuery "HTTP/1.1 200 OK"
2026-02-23 05:31:41,224 [INFO] HTTP Request: POST https://api.telegram.org/bot7537529456:AAEm8FIuTXZvSHmujUCzixHhdggUYAALYp8/editMessageCaption "HTTP/1.1 200 OK"
2026-02-23 05:31:43,113 [INFO] HTTP Request: POST https://api.telegram.org/bot7537529456:AAEm8FIuTXZvSHmujUCzixHhdggUYAALYp8/getUpdates "HTTP/1.1 200 OK"
2026-02-23 05:31:43,706 [INFO] HTTP Request: POST https://api.telegram.org/bot7537529456:AAEm8FIuTXZvSHmujUCzixHhdggUYAALYp8/answerCallbackQuery "HTTP/1.1 200 OK"
2026-02-23 05:31:44,120 [INFO] HTTP Request: POST https://api.telegram.org/bot7537529456:AAEm8FIuTXZvSHmujUCzixHhdggUYAALYp8/answerCallbackQuery "HTTP/1.1 200 OK"
2026-02-23 05:31:44,633 [INFO] HTTP Request: POST https://api.telegram.org/bot7537529456:AAEm8FIuTXZvSHmujUCzixHhdggUYAALYp8/editMessageCaption "HTTP/1.1 200 OK"
2026-02-23 05:31:47,609 [INFO] HTTP Request: POST https://api.telegram.org/bot7537529456:AAEm8FIuTXZvSHmujUCzixHhdggUYAALYp8/getUpdates "HTTP/1.1 200 OK"
2026-02-23 05:31:48,314 [INFO] HTTP Request: POST https://api.telegram.org/bot7537529456:AAEm8FIuTXZvSHmujUCzixHhdggUYAALYp8/sendMessage "HTTP/1.1 200 OK"
2026-02-23 05:31:54,267 [INFO] HTTP Request: GET https://apis.prexzyvilla.site/glitchtext?text=Hi "HTTP/1.1 200 OK"
2026-02-23 05:31:56,199 [INFO] HTTP Request: POST https://api.telegram.org/bot7537529456:AAEm8FIuTXZvSHmujUCzixHhdggUYAALYp8/editMessageText "HTTP/1.1 200 OK"
2026-02-23 05:31:58,344 [INFO] HTTP Request: POST https://api.telegram.org/bot7537529456:AAEm8FIuTXZvSHmujUCzixHhdggUYAALYp8/getUpdates "HTTP/1.1 200 OK"
2026-02-23 05:32:08,692 [INFO] HTTP Request: POST https://api.telegram.org/bot7537529456:AAEm8FIuTXZvSHmujUCzixHhdggUYAALYp8/getUpdates "HTTP/1.1 200 OK"
2026-02-23 05:32:19,342 [INFO] HTTP Request: POST https://api.telegram.org/bot7537529456:AAEm8FIuTXZvSHmujUCzixHhdggUYAALYp8/getUpdates "HTTP/1.1 200 OK"
2026-02-23 05:32:29,572 [INFO] HTTP Request: POST https://api.telegram.org/bot7537529456:AAEm8FIuTXZvSHmujUCzixHhdggUYAALYp8/getUpdates "HTTP/1.1 200 OK"
2026-02-23 05:32:39,800 [INFO] HTTP Request: POST https://api.telegram.org/bot7537529456:AAEm8FIuTXZvSHmujUCzixHhdggUYAALYp8/getUpdates "HTTP/1.1 200 OK"
2026-02-23 05:32:50,027 [INFO] HTTP Request: POST https://api.telegram.org/bot7537529456:AAEm8FIuTXZvSHmujUCzixHhdggUYAALYp8/getUpdates "HTTP/1.1 200 OK"
2026-02-23 05:32:52,521 [INFO] HTTP Request: POST https://api.telegram.org/bot7537529456:AAEm8FIuTXZvSHmujUCzixHhdggUYAALYp8/getUpdates "HTTP/1.1 200 OK"
2026-02-23 05:32:52,746 [INFO] HTTP Request: POST https://api.telegram.org/bot7537529456:AAEm8FIuTXZvSHmujUCzixHhdggUYAALYp8/getUpdates "HTTP/1.1 401 Unauthorized"
2026-02-23 05:32:52,748 [ERROR] Invalid token; aborting
2026-02-23 22:19:12,631 [INFO] HTTP Request: POST https://api.telegram.org/bot7537529456:AAEm8FIuTXZvSHmujUCzixHhdggUYAALYp8/getMe "HTTP/1.1 401 Unauthorized"
2026-02-23 22:19:12,633 [ERROR] Failed to start bot: The token `7537529456:AAEm8FIuTXZvSHmujUCzixHhdggUYAALYp8` was rejected by the server.
2026-02-23 22:19:12,633 [ERROR] CRITICAL: Your Telegram Bot Token is INVALID. Please check @BotFather.
2026-02-23 22:19:12,634 [INFO] Auto-cleanup: 1 items removed from downloads folder.
